

================================================================
== Vitis HLS Report for 'load_input_1'
================================================================
* Date:           Mon Mar 25 16:55:58 2024

* Version:        2022.2 (Build 3670227 on Oct 13 2022)
* Project:        krnl_vadd
* Solution:       solution (Vitis Kernel Flow Target)
* Product family: virtexuplus
* Target device:  xcu280-fsvh2892-2L-e


================================================================
== Performance Estimates
================================================================
+ Timing: 
    * Summary: 
    +--------+---------+----------+------------+
    |  Clock |  Target | Estimated| Uncertainty|
    +--------+---------+----------+------------+
    |ap_clk  |  3.33 ns|  2.433 ns|     0.90 ns|
    +--------+---------+----------+------------+

+ Latency: 
    * Summary: 
    +---------+---------+-----------+-----------+------+------+---------+
    |  Latency (cycles) |   Latency (absolute)  |   Interval  | Pipeline|
    |   min   |   max   |    min    |    max    |  min |  max |   Type  |
    +---------+---------+-----------+-----------+------+------+---------+
    |     4171|     4171|  13.902 us|  13.902 us|  4171|  4171|       no|
    +---------+---------+-----------+-----------+------+------+---------+

    + Detail: 
        * Instance: 
        +----------------------------------------+------------------------------+---------+---------+-----------+-----------+------+------+---------+
        |                                        |                              |  Latency (cycles) |   Latency (absolute)  |   Interval  | Pipeline|
        |                Instance                |            Module            |   min   |   max   |    min    |    max    |  min |  max |   Type  |
        +----------------------------------------+------------------------------+---------+---------+-----------+-----------+------+------+---------+
        |grp_load_input_1_Pipeline_mem_rd_fu_64  |load_input_1_Pipeline_mem_rd  |     4099|     4099|  13.662 us|  13.662 us|  4099|  4099|       no|
        +----------------------------------------+------------------------------+---------+---------+-----------+-----------+------+------+---------+

        * Loop: 
        N/A



================================================================
== Utilization Estimates
================================================================
* Summary: 
+---------------------+---------+------+---------+---------+-----+
|         Name        | BRAM_18K|  DSP |    FF   |   LUT   | URAM|
+---------------------+---------+------+---------+---------+-----+
|DSP                  |        -|     -|        -|        -|    -|
|Expression           |        -|     -|        0|       53|    -|
|FIFO                 |        -|     -|        -|        -|    -|
|Instance             |        -|     -|       69|      118|    -|
|Memory               |        -|     -|        -|        -|    -|
|Multiplexer          |        -|     -|        -|      497|    -|
|Register             |        -|     -|      168|        -|    -|
+---------------------+---------+------+---------+---------+-----+
|Total                |        0|     0|      237|      668|    0|
+---------------------+---------+------+---------+---------+-----+
|Available SLR        |     1344|  3008|   869120|   434560|  320|
+---------------------+---------+------+---------+---------+-----+
|Utilization SLR (%)  |        0|     0|       ~0|       ~0|    0|
+---------------------+---------+------+---------+---------+-----+
|Available            |     4032|  9024|  2607360|  1303680|  960|
+---------------------+---------+------+---------+---------+-----+
|Utilization (%)      |        0|     0|       ~0|       ~0|    0|
+---------------------+---------+------+---------+---------+-----+

+ Detail: 
    * Instance: 
    +----------------------------------------+------------------------------+---------+----+----+-----+-----+
    |                Instance                |            Module            | BRAM_18K| DSP| FF | LUT | URAM|
    +----------------------------------------+------------------------------+---------+----+----+-----+-----+
    |grp_load_input_1_Pipeline_mem_rd_fu_64  |load_input_1_Pipeline_mem_rd  |        0|   0|  69|  118|    0|
    +----------------------------------------+------------------------------+---------+----+----+-----+-----+
    |Total                                   |                              |        0|   0|  69|  118|    0|
    +----------------------------------------+------------------------------+---------+----+----+-----+-----+

    * DSP: 
    N/A

    * Memory: 
    N/A

    * FIFO: 
    N/A

    * Expression: 
    +--------------------+----------+----+---+----+------------+------------+
    |    Variable Name   | Operation| DSP| FF| LUT| Bitwidth P0| Bitwidth P1|
    +--------------------+----------+----+---+----+------------+------------+
    |icmp_ln93_fu_78_p2  |      icmp|   0|  0|  20|          32|           1|
    |ap_block_state1     |        or|   0|  0|   2|           1|           1|
    |empty_29_fu_84_p3   |    select|   0|  0|  31|           1|          31|
    +--------------------+----------+----+---+----+------------+------------+
    |Total               |          |   0|  0|  53|          34|          33|
    +--------------------+----------+----+---+----+------------+------------+

    * Multiplexer: 
    +----------------------+-----+-----------+-----+-----------+
    |         Name         | LUT | Input Size| Bits| Total Bits|
    +----------------------+-----+-----------+-----+-----------+
    |ap_NS_fsm             |  338|         74|    1|         74|
    |ap_done               |    9|          2|    1|          2|
    |gmem1_blk_n_AR        |    9|          2|    1|          2|
    |in2_stream_write      |    9|          2|    1|          2|
    |m_axi_gmem1_ARADDR    |   14|          3|   64|        192|
    |m_axi_gmem1_ARBURST   |    9|          2|    2|          4|
    |m_axi_gmem1_ARCACHE   |    9|          2|    4|          8|
    |m_axi_gmem1_ARID      |    9|          2|    1|          2|
    |m_axi_gmem1_ARLEN     |   14|          3|   32|         96|
    |m_axi_gmem1_ARLOCK    |    9|          2|    2|          4|
    |m_axi_gmem1_ARPROT    |    9|          2|    3|          6|
    |m_axi_gmem1_ARQOS     |    9|          2|    4|          8|
    |m_axi_gmem1_ARREGION  |    9|          2|    4|          8|
    |m_axi_gmem1_ARSIZE    |    9|          2|    3|          6|
    |m_axi_gmem1_ARUSER    |    9|          2|    1|          2|
    |m_axi_gmem1_ARVALID   |   14|          3|    1|          3|
    |m_axi_gmem1_RREADY    |    9|          2|    1|          2|
    +----------------------+-----+-----------+-----+-----------+
    |Total                 |  497|        109|  126|        421|
    +----------------------+-----+-----------+-----+-----------+

    * Register: 
    +-----------------------------------------------------+----+----+-----+-----------+
    |                         Name                        | FF | LUT| Bits| Const Bits|
    +-----------------------------------------------------+----+----+-----+-----------+
    |ap_CS_fsm                                            |  73|   0|   73|          0|
    |ap_done_reg                                          |   1|   0|    1|          0|
    |empty_29_reg_122                                     |  31|   0|   31|          0|
    |grp_load_input_1_Pipeline_mem_rd_fu_64_ap_start_reg  |   1|   0|    1|          0|
    |trunc_ln_reg_127                                     |  62|   0|   62|          0|
    +-----------------------------------------------------+----+----+-----+-----------+
    |Total                                                | 168|   0|  168|          0|
    +-----------------------------------------------------+----+----+-----+-----------+



================================================================
== Interface
================================================================
* Summary: 
+---------------------------+-----+-----+------------+--------------+--------------+
|         RTL Ports         | Dir | Bits|  Protocol  | Source Object|    C Type    |
+---------------------------+-----+-----+------------+--------------+--------------+
|ap_clk                     |   in|    1|  ap_ctrl_hs|  load_input.1|  return value|
|ap_rst                     |   in|    1|  ap_ctrl_hs|  load_input.1|  return value|
|ap_start                   |   in|    1|  ap_ctrl_hs|  load_input.1|  return value|
|ap_done                    |  out|    1|  ap_ctrl_hs|  load_input.1|  return value|
|ap_continue                |   in|    1|  ap_ctrl_hs|  load_input.1|  return value|
|ap_idle                    |  out|    1|  ap_ctrl_hs|  load_input.1|  return value|
|ap_ready                   |  out|    1|  ap_ctrl_hs|  load_input.1|  return value|
|m_axi_gmem1_AWVALID        |  out|    1|       m_axi|         gmem1|       pointer|
|m_axi_gmem1_AWREADY        |   in|    1|       m_axi|         gmem1|       pointer|
|m_axi_gmem1_AWADDR         |  out|   64|       m_axi|         gmem1|       pointer|
|m_axi_gmem1_AWID           |  out|    1|       m_axi|         gmem1|       pointer|
|m_axi_gmem1_AWLEN          |  out|   32|       m_axi|         gmem1|       pointer|
|m_axi_gmem1_AWSIZE         |  out|    3|       m_axi|         gmem1|       pointer|
|m_axi_gmem1_AWBURST        |  out|    2|       m_axi|         gmem1|       pointer|
|m_axi_gmem1_AWLOCK         |  out|    2|       m_axi|         gmem1|       pointer|
|m_axi_gmem1_AWCACHE        |  out|    4|       m_axi|         gmem1|       pointer|
|m_axi_gmem1_AWPROT         |  out|    3|       m_axi|         gmem1|       pointer|
|m_axi_gmem1_AWQOS          |  out|    4|       m_axi|         gmem1|       pointer|
|m_axi_gmem1_AWREGION       |  out|    4|       m_axi|         gmem1|       pointer|
|m_axi_gmem1_AWUSER         |  out|    1|       m_axi|         gmem1|       pointer|
|m_axi_gmem1_WVALID         |  out|    1|       m_axi|         gmem1|       pointer|
|m_axi_gmem1_WREADY         |   in|    1|       m_axi|         gmem1|       pointer|
|m_axi_gmem1_WDATA          |  out|   32|       m_axi|         gmem1|       pointer|
|m_axi_gmem1_WSTRB          |  out|    4|       m_axi|         gmem1|       pointer|
|m_axi_gmem1_WLAST          |  out|    1|       m_axi|         gmem1|       pointer|
|m_axi_gmem1_WID            |  out|    1|       m_axi|         gmem1|       pointer|
|m_axi_gmem1_WUSER          |  out|    1|       m_axi|         gmem1|       pointer|
|m_axi_gmem1_ARVALID        |  out|    1|       m_axi|         gmem1|       pointer|
|m_axi_gmem1_ARREADY        |   in|    1|       m_axi|         gmem1|       pointer|
|m_axi_gmem1_ARADDR         |  out|   64|       m_axi|         gmem1|       pointer|
|m_axi_gmem1_ARID           |  out|    1|       m_axi|         gmem1|       pointer|
|m_axi_gmem1_ARLEN          |  out|   32|       m_axi|         gmem1|       pointer|
|m_axi_gmem1_ARSIZE         |  out|    3|       m_axi|         gmem1|       pointer|
|m_axi_gmem1_ARBURST        |  out|    2|       m_axi|         gmem1|       pointer|
|m_axi_gmem1_ARLOCK         |  out|    2|       m_axi|         gmem1|       pointer|
|m_axi_gmem1_ARCACHE        |  out|    4|       m_axi|         gmem1|       pointer|
|m_axi_gmem1_ARPROT         |  out|    3|       m_axi|         gmem1|       pointer|
|m_axi_gmem1_ARQOS          |  out|    4|       m_axi|         gmem1|       pointer|
|m_axi_gmem1_ARREGION       |  out|    4|       m_axi|         gmem1|       pointer|
|m_axi_gmem1_ARUSER         |  out|    1|       m_axi|         gmem1|       pointer|
|m_axi_gmem1_RVALID         |   in|    1|       m_axi|         gmem1|       pointer|
|m_axi_gmem1_RREADY         |  out|    1|       m_axi|         gmem1|       pointer|
|m_axi_gmem1_RDATA          |   in|   32|       m_axi|         gmem1|       pointer|
|m_axi_gmem1_RLAST          |   in|    1|       m_axi|         gmem1|       pointer|
|m_axi_gmem1_RID            |   in|    1|       m_axi|         gmem1|       pointer|
|m_axi_gmem1_RFIFONUM       |   in|    9|       m_axi|         gmem1|       pointer|
|m_axi_gmem1_RUSER          |   in|    1|       m_axi|         gmem1|       pointer|
|m_axi_gmem1_RRESP          |   in|    2|       m_axi|         gmem1|       pointer|
|m_axi_gmem1_BVALID         |   in|    1|       m_axi|         gmem1|       pointer|
|m_axi_gmem1_BREADY         |  out|    1|       m_axi|         gmem1|       pointer|
|m_axi_gmem1_BRESP          |   in|    2|       m_axi|         gmem1|       pointer|
|m_axi_gmem1_BID            |   in|    1|       m_axi|         gmem1|       pointer|
|m_axi_gmem1_BUSER          |   in|    1|       m_axi|         gmem1|       pointer|
|in_r                       |   in|   64|     ap_none|          in_r|        scalar|
|size                       |   in|   32|     ap_none|          size|        scalar|
|in2_stream_din             |  out|   32|     ap_fifo|    in2_stream|       pointer|
|in2_stream_num_data_valid  |   in|    2|     ap_fifo|    in2_stream|       pointer|
|in2_stream_fifo_cap        |   in|    2|     ap_fifo|    in2_stream|       pointer|
|in2_stream_full_n          |   in|    1|     ap_fifo|    in2_stream|       pointer|
|in2_stream_write           |  out|    1|     ap_fifo|    in2_stream|       pointer|
+---------------------------+-----+-----+------------+--------------+--------------+

============================================================
+ Verbose Summary: Synthesis Manager
============================================================
InlineROM: 1
ExposeGlobal: 0
============================================================
+ Verbose Summary: CDFG Model
============================================================
IsTopModel: 0
ResetActiveHigh: 1
IsCombinational: 2
IsDatapathOnly: 0
HasWiredReturn: 1
HasMFsm: 0
HasVarLatency: 1
IsPipeline: 0
IsRtlPipelined: 0
IsInstanceOverlapped: 0
IsDontTouch: 0
HasImplIP: 0
IsGatedGlobalClock: 0


============================================================
+ Verbose Summary: Schedule
============================================================
* Number of FSM states : 73
* Pipeline : 0
* Dataflow Pipeline: 0

* FSM state transitions: 
1 --> 2 
2 --> 3 
3 --> 4 
4 --> 5 
5 --> 6 
6 --> 7 
7 --> 8 
8 --> 9 
9 --> 10 
10 --> 11 
11 --> 12 
12 --> 13 
13 --> 14 
14 --> 15 
15 --> 16 
16 --> 17 
17 --> 18 
18 --> 19 
19 --> 20 
20 --> 21 
21 --> 22 
22 --> 23 
23 --> 24 
24 --> 25 
25 --> 26 
26 --> 27 
27 --> 28 
28 --> 29 
29 --> 30 
30 --> 31 
31 --> 32 
32 --> 33 
33 --> 34 
34 --> 35 
35 --> 36 
36 --> 37 
37 --> 38 
38 --> 39 
39 --> 40 
40 --> 41 
41 --> 42 
42 --> 43 
43 --> 44 
44 --> 45 
45 --> 46 
46 --> 47 
47 --> 48 
48 --> 49 
49 --> 50 
50 --> 51 
51 --> 52 
52 --> 53 
53 --> 54 
54 --> 55 
55 --> 56 
56 --> 57 
57 --> 58 
58 --> 59 
59 --> 60 
60 --> 61 
61 --> 62 
62 --> 63 
63 --> 64 
64 --> 65 
65 --> 66 
66 --> 67 
67 --> 68 
68 --> 69 
69 --> 70 
70 --> 71 
71 --> 72 
72 --> 73 
73 --> 

* FSM state operations: 

State 1 <SV = 0> <Delay = 1.11>
ST_1 : Operation 74 [1/1] (0.00ns)   --->   "%size_read = read i32 @_ssdm_op_Read.ap_auto.i32, i32 %size"   --->   Operation 74 'read' 'size_read' <Predicate = true> <Delay = 0.00>
ST_1 : Operation 75 [1/1] (0.00ns)   --->   "%empty = trunc i32 %size_read"   --->   Operation 75 'trunc' 'empty' <Predicate = true> <Delay = 0.00>
ST_1 : Operation 76 [1/1] (0.85ns)   --->   "%icmp_ln93 = icmp_sgt  i32 %size_read, i32 0" [/home/cnic/wz/workspace/example_kernels/src/krnl_vadd.cpp:93]   --->   Operation 76 'icmp' 'icmp_ln93' <Predicate = true> <Delay = 0.85> <CoreInst = "Cmp">   --->   Core 9 'Cmp' <Latency = 0> <II = 1> <Delay = 0.85> <FuncUnit> <Opcode : 'icmp'> <InPorts = 2> <OutPorts = 1>
ST_1 : Operation 77 [1/1] (0.25ns)   --->   "%empty_29 = select i1 %icmp_ln93, i31 %empty, i31 0" [/home/cnic/wz/workspace/example_kernels/src/krnl_vadd.cpp:93]   --->   Operation 77 'select' 'empty_29' <Predicate = true> <Delay = 0.25> <CoreInst = "Sel">   --->   Core 73 'Sel' <Latency = 0> <II = 1> <Delay = 0.25> <FuncUnit> <Opcode : 'select'> <InPorts = 3> <OutPorts = 1>

State 2 <SV = 1> <Delay = 2.43>
ST_2 : Operation 78 [1/1] (0.00ns)   --->   "%in_read = read i64 @_ssdm_op_Read.ap_auto.i64, i64 %in_r"   --->   Operation 78 'read' 'in_read' <Predicate = true> <Delay = 0.00>
ST_2 : Operation 79 [1/1] (0.00ns)   --->   "%trunc_ln = partselect i62 @_ssdm_op_PartSelect.i62.i64.i32.i32, i64 %in_read, i32 2, i32 63" [/home/cnic/wz/workspace/example_kernels/src/krnl_vadd.cpp:93]   --->   Operation 79 'partselect' 'trunc_ln' <Predicate = true> <Delay = 0.00>
ST_2 : Operation 80 [1/1] (0.00ns)   --->   "%sext_ln93 = sext i62 %trunc_ln" [/home/cnic/wz/workspace/example_kernels/src/krnl_vadd.cpp:93]   --->   Operation 80 'sext' 'sext_ln93' <Predicate = true> <Delay = 0.00>
ST_2 : Operation 81 [1/1] (0.00ns)   --->   "%gmem1_addr = getelementptr i32 %gmem1, i64 %sext_ln93" [/home/cnic/wz/workspace/example_kernels/src/krnl_vadd.cpp:93]   --->   Operation 81 'getelementptr' 'gmem1_addr' <Predicate = true> <Delay = 0.00>
ST_2 : Operation 82 [1/1] (0.00ns)   --->   "%zext_ln93 = zext i31 %empty_29" [/home/cnic/wz/workspace/example_kernels/src/krnl_vadd.cpp:93]   --->   Operation 82 'zext' 'zext_ln93' <Predicate = true> <Delay = 0.00>
ST_2 : Operation 83 [70/70] (2.43ns)   --->   "%empty_30 = readreq i1 @_ssdm_op_ReadReq.m_axi.p1i32, i64 %gmem1_addr, i32 %zext_ln93" [/home/cnic/wz/workspace/example_kernels/src/krnl_vadd.cpp:93]   --->   Operation 83 'readreq' 'empty_30' <Predicate = true> <Delay = 2.43> <CoreInst = "m_axi">   --->   Core 121 'm_axi' <Latency = 0> <II = 1> <Delay = 1.00> <Adapter> <Opcode : 'read' 'write' 'readreq' 'writereq' 'writeresp'>

State 3 <SV = 2> <Delay = 2.43>
ST_3 : Operation 84 [69/70] (2.43ns)   --->   "%empty_30 = readreq i1 @_ssdm_op_ReadReq.m_axi.p1i32, i64 %gmem1_addr, i32 %zext_ln93" [/home/cnic/wz/workspace/example_kernels/src/krnl_vadd.cpp:93]   --->   Operation 84 'readreq' 'empty_30' <Predicate = true> <Delay = 2.43> <CoreInst = "m_axi">   --->   Core 121 'm_axi' <Latency = 0> <II = 1> <Delay = 1.00> <Adapter> <Opcode : 'read' 'write' 'readreq' 'writereq' 'writeresp'>

State 4 <SV = 3> <Delay = 2.43>
ST_4 : Operation 85 [68/70] (2.43ns)   --->   "%empty_30 = readreq i1 @_ssdm_op_ReadReq.m_axi.p1i32, i64 %gmem1_addr, i32 %zext_ln93" [/home/cnic/wz/workspace/example_kernels/src/krnl_vadd.cpp:93]   --->   Operation 85 'readreq' 'empty_30' <Predicate = true> <Delay = 2.43> <CoreInst = "m_axi">   --->   Core 121 'm_axi' <Latency = 0> <II = 1> <Delay = 1.00> <Adapter> <Opcode : 'read' 'write' 'readreq' 'writereq' 'writeresp'>

State 5 <SV = 4> <Delay = 2.43>
ST_5 : Operation 86 [67/70] (2.43ns)   --->   "%empty_30 = readreq i1 @_ssdm_op_ReadReq.m_axi.p1i32, i64 %gmem1_addr, i32 %zext_ln93" [/home/cnic/wz/workspace/example_kernels/src/krnl_vadd.cpp:93]   --->   Operation 86 'readreq' 'empty_30' <Predicate = true> <Delay = 2.43> <CoreInst = "m_axi">   --->   Core 121 'm_axi' <Latency = 0> <II = 1> <Delay = 1.00> <Adapter> <Opcode : 'read' 'write' 'readreq' 'writereq' 'writeresp'>

State 6 <SV = 5> <Delay = 2.43>
ST_6 : Operation 87 [66/70] (2.43ns)   --->   "%empty_30 = readreq i1 @_ssdm_op_ReadReq.m_axi.p1i32, i64 %gmem1_addr, i32 %zext_ln93" [/home/cnic/wz/workspace/example_kernels/src/krnl_vadd.cpp:93]   --->   Operation 87 'readreq' 'empty_30' <Predicate = true> <Delay = 2.43> <CoreInst = "m_axi">   --->   Core 121 'm_axi' <Latency = 0> <II = 1> <Delay = 1.00> <Adapter> <Opcode : 'read' 'write' 'readreq' 'writereq' 'writeresp'>

State 7 <SV = 6> <Delay = 2.43>
ST_7 : Operation 88 [65/70] (2.43ns)   --->   "%empty_30 = readreq i1 @_ssdm_op_ReadReq.m_axi.p1i32, i64 %gmem1_addr, i32 %zext_ln93" [/home/cnic/wz/workspace/example_kernels/src/krnl_vadd.cpp:93]   --->   Operation 88 'readreq' 'empty_30' <Predicate = true> <Delay = 2.43> <CoreInst = "m_axi">   --->   Core 121 'm_axi' <Latency = 0> <II = 1> <Delay = 1.00> <Adapter> <Opcode : 'read' 'write' 'readreq' 'writereq' 'writeresp'>

State 8 <SV = 7> <Delay = 2.43>
ST_8 : Operation 89 [64/70] (2.43ns)   --->   "%empty_30 = readreq i1 @_ssdm_op_ReadReq.m_axi.p1i32, i64 %gmem1_addr, i32 %zext_ln93" [/home/cnic/wz/workspace/example_kernels/src/krnl_vadd.cpp:93]   --->   Operation 89 'readreq' 'empty_30' <Predicate = true> <Delay = 2.43> <CoreInst = "m_axi">   --->   Core 121 'm_axi' <Latency = 0> <II = 1> <Delay = 1.00> <Adapter> <Opcode : 'read' 'write' 'readreq' 'writereq' 'writeresp'>

State 9 <SV = 8> <Delay = 2.43>
ST_9 : Operation 90 [63/70] (2.43ns)   --->   "%empty_30 = readreq i1 @_ssdm_op_ReadReq.m_axi.p1i32, i64 %gmem1_addr, i32 %zext_ln93" [/home/cnic/wz/workspace/example_kernels/src/krnl_vadd.cpp:93]   --->   Operation 90 'readreq' 'empty_30' <Predicate = true> <Delay = 2.43> <CoreInst = "m_axi">   --->   Core 121 'm_axi' <Latency = 0> <II = 1> <Delay = 1.00> <Adapter> <Opcode : 'read' 'write' 'readreq' 'writereq' 'writeresp'>

State 10 <SV = 9> <Delay = 2.43>
ST_10 : Operation 91 [62/70] (2.43ns)   --->   "%empty_30 = readreq i1 @_ssdm_op_ReadReq.m_axi.p1i32, i64 %gmem1_addr, i32 %zext_ln93" [/home/cnic/wz/workspace/example_kernels/src/krnl_vadd.cpp:93]   --->   Operation 91 'readreq' 'empty_30' <Predicate = true> <Delay = 2.43> <CoreInst = "m_axi">   --->   Core 121 'm_axi' <Latency = 0> <II = 1> <Delay = 1.00> <Adapter> <Opcode : 'read' 'write' 'readreq' 'writereq' 'writeresp'>

State 11 <SV = 10> <Delay = 2.43>
ST_11 : Operation 92 [61/70] (2.43ns)   --->   "%empty_30 = readreq i1 @_ssdm_op_ReadReq.m_axi.p1i32, i64 %gmem1_addr, i32 %zext_ln93" [/home/cnic/wz/workspace/example_kernels/src/krnl_vadd.cpp:93]   --->   Operation 92 'readreq' 'empty_30' <Predicate = true> <Delay = 2.43> <CoreInst = "m_axi">   --->   Core 121 'm_axi' <Latency = 0> <II = 1> <Delay = 1.00> <Adapter> <Opcode : 'read' 'write' 'readreq' 'writereq' 'writeresp'>

State 12 <SV = 11> <Delay = 2.43>
ST_12 : Operation 93 [60/70] (2.43ns)   --->   "%empty_30 = readreq i1 @_ssdm_op_ReadReq.m_axi.p1i32, i64 %gmem1_addr, i32 %zext_ln93" [/home/cnic/wz/workspace/example_kernels/src/krnl_vadd.cpp:93]   --->   Operation 93 'readreq' 'empty_30' <Predicate = true> <Delay = 2.43> <CoreInst = "m_axi">   --->   Core 121 'm_axi' <Latency = 0> <II = 1> <Delay = 1.00> <Adapter> <Opcode : 'read' 'write' 'readreq' 'writereq' 'writeresp'>

State 13 <SV = 12> <Delay = 2.43>
ST_13 : Operation 94 [59/70] (2.43ns)   --->   "%empty_30 = readreq i1 @_ssdm_op_ReadReq.m_axi.p1i32, i64 %gmem1_addr, i32 %zext_ln93" [/home/cnic/wz/workspace/example_kernels/src/krnl_vadd.cpp:93]   --->   Operation 94 'readreq' 'empty_30' <Predicate = true> <Delay = 2.43> <CoreInst = "m_axi">   --->   Core 121 'm_axi' <Latency = 0> <II = 1> <Delay = 1.00> <Adapter> <Opcode : 'read' 'write' 'readreq' 'writereq' 'writeresp'>

State 14 <SV = 13> <Delay = 2.43>
ST_14 : Operation 95 [58/70] (2.43ns)   --->   "%empty_30 = readreq i1 @_ssdm_op_ReadReq.m_axi.p1i32, i64 %gmem1_addr, i32 %zext_ln93" [/home/cnic/wz/workspace/example_kernels/src/krnl_vadd.cpp:93]   --->   Operation 95 'readreq' 'empty_30' <Predicate = true> <Delay = 2.43> <CoreInst = "m_axi">   --->   Core 121 'm_axi' <Latency = 0> <II = 1> <Delay = 1.00> <Adapter> <Opcode : 'read' 'write' 'readreq' 'writereq' 'writeresp'>

State 15 <SV = 14> <Delay = 2.43>
ST_15 : Operation 96 [57/70] (2.43ns)   --->   "%empty_30 = readreq i1 @_ssdm_op_ReadReq.m_axi.p1i32, i64 %gmem1_addr, i32 %zext_ln93" [/home/cnic/wz/workspace/example_kernels/src/krnl_vadd.cpp:93]   --->   Operation 96 'readreq' 'empty_30' <Predicate = true> <Delay = 2.43> <CoreInst = "m_axi">   --->   Core 121 'm_axi' <Latency = 0> <II = 1> <Delay = 1.00> <Adapter> <Opcode : 'read' 'write' 'readreq' 'writereq' 'writeresp'>

State 16 <SV = 15> <Delay = 2.43>
ST_16 : Operation 97 [56/70] (2.43ns)   --->   "%empty_30 = readreq i1 @_ssdm_op_ReadReq.m_axi.p1i32, i64 %gmem1_addr, i32 %zext_ln93" [/home/cnic/wz/workspace/example_kernels/src/krnl_vadd.cpp:93]   --->   Operation 97 'readreq' 'empty_30' <Predicate = true> <Delay = 2.43> <CoreInst = "m_axi">   --->   Core 121 'm_axi' <Latency = 0> <II = 1> <Delay = 1.00> <Adapter> <Opcode : 'read' 'write' 'readreq' 'writereq' 'writeresp'>

State 17 <SV = 16> <Delay = 2.43>
ST_17 : Operation 98 [55/70] (2.43ns)   --->   "%empty_30 = readreq i1 @_ssdm_op_ReadReq.m_axi.p1i32, i64 %gmem1_addr, i32 %zext_ln93" [/home/cnic/wz/workspace/example_kernels/src/krnl_vadd.cpp:93]   --->   Operation 98 'readreq' 'empty_30' <Predicate = true> <Delay = 2.43> <CoreInst = "m_axi">   --->   Core 121 'm_axi' <Latency = 0> <II = 1> <Delay = 1.00> <Adapter> <Opcode : 'read' 'write' 'readreq' 'writereq' 'writeresp'>

State 18 <SV = 17> <Delay = 2.43>
ST_18 : Operation 99 [54/70] (2.43ns)   --->   "%empty_30 = readreq i1 @_ssdm_op_ReadReq.m_axi.p1i32, i64 %gmem1_addr, i32 %zext_ln93" [/home/cnic/wz/workspace/example_kernels/src/krnl_vadd.cpp:93]   --->   Operation 99 'readreq' 'empty_30' <Predicate = true> <Delay = 2.43> <CoreInst = "m_axi">   --->   Core 121 'm_axi' <Latency = 0> <II = 1> <Delay = 1.00> <Adapter> <Opcode : 'read' 'write' 'readreq' 'writereq' 'writeresp'>

State 19 <SV = 18> <Delay = 2.43>
ST_19 : Operation 100 [53/70] (2.43ns)   --->   "%empty_30 = readreq i1 @_ssdm_op_ReadReq.m_axi.p1i32, i64 %gmem1_addr, i32 %zext_ln93" [/home/cnic/wz/workspace/example_kernels/src/krnl_vadd.cpp:93]   --->   Operation 100 'readreq' 'empty_30' <Predicate = true> <Delay = 2.43> <CoreInst = "m_axi">   --->   Core 121 'm_axi' <Latency = 0> <II = 1> <Delay = 1.00> <Adapter> <Opcode : 'read' 'write' 'readreq' 'writereq' 'writeresp'>

State 20 <SV = 19> <Delay = 2.43>
ST_20 : Operation 101 [52/70] (2.43ns)   --->   "%empty_30 = readreq i1 @_ssdm_op_ReadReq.m_axi.p1i32, i64 %gmem1_addr, i32 %zext_ln93" [/home/cnic/wz/workspace/example_kernels/src/krnl_vadd.cpp:93]   --->   Operation 101 'readreq' 'empty_30' <Predicate = true> <Delay = 2.43> <CoreInst = "m_axi">   --->   Core 121 'm_axi' <Latency = 0> <II = 1> <Delay = 1.00> <Adapter> <Opcode : 'read' 'write' 'readreq' 'writereq' 'writeresp'>

State 21 <SV = 20> <Delay = 2.43>
ST_21 : Operation 102 [51/70] (2.43ns)   --->   "%empty_30 = readreq i1 @_ssdm_op_ReadReq.m_axi.p1i32, i64 %gmem1_addr, i32 %zext_ln93" [/home/cnic/wz/workspace/example_kernels/src/krnl_vadd.cpp:93]   --->   Operation 102 'readreq' 'empty_30' <Predicate = true> <Delay = 2.43> <CoreInst = "m_axi">   --->   Core 121 'm_axi' <Latency = 0> <II = 1> <Delay = 1.00> <Adapter> <Opcode : 'read' 'write' 'readreq' 'writereq' 'writeresp'>

State 22 <SV = 21> <Delay = 2.43>
ST_22 : Operation 103 [50/70] (2.43ns)   --->   "%empty_30 = readreq i1 @_ssdm_op_ReadReq.m_axi.p1i32, i64 %gmem1_addr, i32 %zext_ln93" [/home/cnic/wz/workspace/example_kernels/src/krnl_vadd.cpp:93]   --->   Operation 103 'readreq' 'empty_30' <Predicate = true> <Delay = 2.43> <CoreInst = "m_axi">   --->   Core 121 'm_axi' <Latency = 0> <II = 1> <Delay = 1.00> <Adapter> <Opcode : 'read' 'write' 'readreq' 'writereq' 'writeresp'>

State 23 <SV = 22> <Delay = 2.43>
ST_23 : Operation 104 [49/70] (2.43ns)   --->   "%empty_30 = readreq i1 @_ssdm_op_ReadReq.m_axi.p1i32, i64 %gmem1_addr, i32 %zext_ln93" [/home/cnic/wz/workspace/example_kernels/src/krnl_vadd.cpp:93]   --->   Operation 104 'readreq' 'empty_30' <Predicate = true> <Delay = 2.43> <CoreInst = "m_axi">   --->   Core 121 'm_axi' <Latency = 0> <II = 1> <Delay = 1.00> <Adapter> <Opcode : 'read' 'write' 'readreq' 'writereq' 'writeresp'>

State 24 <SV = 23> <Delay = 2.43>
ST_24 : Operation 105 [48/70] (2.43ns)   --->   "%empty_30 = readreq i1 @_ssdm_op_ReadReq.m_axi.p1i32, i64 %gmem1_addr, i32 %zext_ln93" [/home/cnic/wz/workspace/example_kernels/src/krnl_vadd.cpp:93]   --->   Operation 105 'readreq' 'empty_30' <Predicate = true> <Delay = 2.43> <CoreInst = "m_axi">   --->   Core 121 'm_axi' <Latency = 0> <II = 1> <Delay = 1.00> <Adapter> <Opcode : 'read' 'write' 'readreq' 'writereq' 'writeresp'>

State 25 <SV = 24> <Delay = 2.43>
ST_25 : Operation 106 [47/70] (2.43ns)   --->   "%empty_30 = readreq i1 @_ssdm_op_ReadReq.m_axi.p1i32, i64 %gmem1_addr, i32 %zext_ln93" [/home/cnic/wz/workspace/example_kernels/src/krnl_vadd.cpp:93]   --->   Operation 106 'readreq' 'empty_30' <Predicate = true> <Delay = 2.43> <CoreInst = "m_axi">   --->   Core 121 'm_axi' <Latency = 0> <II = 1> <Delay = 1.00> <Adapter> <Opcode : 'read' 'write' 'readreq' 'writereq' 'writeresp'>

State 26 <SV = 25> <Delay = 2.43>
ST_26 : Operation 107 [46/70] (2.43ns)   --->   "%empty_30 = readreq i1 @_ssdm_op_ReadReq.m_axi.p1i32, i64 %gmem1_addr, i32 %zext_ln93" [/home/cnic/wz/workspace/example_kernels/src/krnl_vadd.cpp:93]   --->   Operation 107 'readreq' 'empty_30' <Predicate = true> <Delay = 2.43> <CoreInst = "m_axi">   --->   Core 121 'm_axi' <Latency = 0> <II = 1> <Delay = 1.00> <Adapter> <Opcode : 'read' 'write' 'readreq' 'writereq' 'writeresp'>

State 27 <SV = 26> <Delay = 2.43>
ST_27 : Operation 108 [45/70] (2.43ns)   --->   "%empty_30 = readreq i1 @_ssdm_op_ReadReq.m_axi.p1i32, i64 %gmem1_addr, i32 %zext_ln93" [/home/cnic/wz/workspace/example_kernels/src/krnl_vadd.cpp:93]   --->   Operation 108 'readreq' 'empty_30' <Predicate = true> <Delay = 2.43> <CoreInst = "m_axi">   --->   Core 121 'm_axi' <Latency = 0> <II = 1> <Delay = 1.00> <Adapter> <Opcode : 'read' 'write' 'readreq' 'writereq' 'writeresp'>

State 28 <SV = 27> <Delay = 2.43>
ST_28 : Operation 109 [44/70] (2.43ns)   --->   "%empty_30 = readreq i1 @_ssdm_op_ReadReq.m_axi.p1i32, i64 %gmem1_addr, i32 %zext_ln93" [/home/cnic/wz/workspace/example_kernels/src/krnl_vadd.cpp:93]   --->   Operation 109 'readreq' 'empty_30' <Predicate = true> <Delay = 2.43> <CoreInst = "m_axi">   --->   Core 121 'm_axi' <Latency = 0> <II = 1> <Delay = 1.00> <Adapter> <Opcode : 'read' 'write' 'readreq' 'writereq' 'writeresp'>

State 29 <SV = 28> <Delay = 2.43>
ST_29 : Operation 110 [43/70] (2.43ns)   --->   "%empty_30 = readreq i1 @_ssdm_op_ReadReq.m_axi.p1i32, i64 %gmem1_addr, i32 %zext_ln93" [/home/cnic/wz/workspace/example_kernels/src/krnl_vadd.cpp:93]   --->   Operation 110 'readreq' 'empty_30' <Predicate = true> <Delay = 2.43> <CoreInst = "m_axi">   --->   Core 121 'm_axi' <Latency = 0> <II = 1> <Delay = 1.00> <Adapter> <Opcode : 'read' 'write' 'readreq' 'writereq' 'writeresp'>

State 30 <SV = 29> <Delay = 2.43>
ST_30 : Operation 111 [42/70] (2.43ns)   --->   "%empty_30 = readreq i1 @_ssdm_op_ReadReq.m_axi.p1i32, i64 %gmem1_addr, i32 %zext_ln93" [/home/cnic/wz/workspace/example_kernels/src/krnl_vadd.cpp:93]   --->   Operation 111 'readreq' 'empty_30' <Predicate = true> <Delay = 2.43> <CoreInst = "m_axi">   --->   Core 121 'm_axi' <Latency = 0> <II = 1> <Delay = 1.00> <Adapter> <Opcode : 'read' 'write' 'readreq' 'writereq' 'writeresp'>

State 31 <SV = 30> <Delay = 2.43>
ST_31 : Operation 112 [41/70] (2.43ns)   --->   "%empty_30 = readreq i1 @_ssdm_op_ReadReq.m_axi.p1i32, i64 %gmem1_addr, i32 %zext_ln93" [/home/cnic/wz/workspace/example_kernels/src/krnl_vadd.cpp:93]   --->   Operation 112 'readreq' 'empty_30' <Predicate = true> <Delay = 2.43> <CoreInst = "m_axi">   --->   Core 121 'm_axi' <Latency = 0> <II = 1> <Delay = 1.00> <Adapter> <Opcode : 'read' 'write' 'readreq' 'writereq' 'writeresp'>

State 32 <SV = 31> <Delay = 2.43>
ST_32 : Operation 113 [40/70] (2.43ns)   --->   "%empty_30 = readreq i1 @_ssdm_op_ReadReq.m_axi.p1i32, i64 %gmem1_addr, i32 %zext_ln93" [/home/cnic/wz/workspace/example_kernels/src/krnl_vadd.cpp:93]   --->   Operation 113 'readreq' 'empty_30' <Predicate = true> <Delay = 2.43> <CoreInst = "m_axi">   --->   Core 121 'm_axi' <Latency = 0> <II = 1> <Delay = 1.00> <Adapter> <Opcode : 'read' 'write' 'readreq' 'writereq' 'writeresp'>

State 33 <SV = 32> <Delay = 2.43>
ST_33 : Operation 114 [39/70] (2.43ns)   --->   "%empty_30 = readreq i1 @_ssdm_op_ReadReq.m_axi.p1i32, i64 %gmem1_addr, i32 %zext_ln93" [/home/cnic/wz/workspace/example_kernels/src/krnl_vadd.cpp:93]   --->   Operation 114 'readreq' 'empty_30' <Predicate = true> <Delay = 2.43> <CoreInst = "m_axi">   --->   Core 121 'm_axi' <Latency = 0> <II = 1> <Delay = 1.00> <Adapter> <Opcode : 'read' 'write' 'readreq' 'writereq' 'writeresp'>

State 34 <SV = 33> <Delay = 2.43>
ST_34 : Operation 115 [38/70] (2.43ns)   --->   "%empty_30 = readreq i1 @_ssdm_op_ReadReq.m_axi.p1i32, i64 %gmem1_addr, i32 %zext_ln93" [/home/cnic/wz/workspace/example_kernels/src/krnl_vadd.cpp:93]   --->   Operation 115 'readreq' 'empty_30' <Predicate = true> <Delay = 2.43> <CoreInst = "m_axi">   --->   Core 121 'm_axi' <Latency = 0> <II = 1> <Delay = 1.00> <Adapter> <Opcode : 'read' 'write' 'readreq' 'writereq' 'writeresp'>

State 35 <SV = 34> <Delay = 2.43>
ST_35 : Operation 116 [37/70] (2.43ns)   --->   "%empty_30 = readreq i1 @_ssdm_op_ReadReq.m_axi.p1i32, i64 %gmem1_addr, i32 %zext_ln93" [/home/cnic/wz/workspace/example_kernels/src/krnl_vadd.cpp:93]   --->   Operation 116 'readreq' 'empty_30' <Predicate = true> <Delay = 2.43> <CoreInst = "m_axi">   --->   Core 121 'm_axi' <Latency = 0> <II = 1> <Delay = 1.00> <Adapter> <Opcode : 'read' 'write' 'readreq' 'writereq' 'writeresp'>

State 36 <SV = 35> <Delay = 2.43>
ST_36 : Operation 117 [36/70] (2.43ns)   --->   "%empty_30 = readreq i1 @_ssdm_op_ReadReq.m_axi.p1i32, i64 %gmem1_addr, i32 %zext_ln93" [/home/cnic/wz/workspace/example_kernels/src/krnl_vadd.cpp:93]   --->   Operation 117 'readreq' 'empty_30' <Predicate = true> <Delay = 2.43> <CoreInst = "m_axi">   --->   Core 121 'm_axi' <Latency = 0> <II = 1> <Delay = 1.00> <Adapter> <Opcode : 'read' 'write' 'readreq' 'writereq' 'writeresp'>

State 37 <SV = 36> <Delay = 2.43>
ST_37 : Operation 118 [35/70] (2.43ns)   --->   "%empty_30 = readreq i1 @_ssdm_op_ReadReq.m_axi.p1i32, i64 %gmem1_addr, i32 %zext_ln93" [/home/cnic/wz/workspace/example_kernels/src/krnl_vadd.cpp:93]   --->   Operation 118 'readreq' 'empty_30' <Predicate = true> <Delay = 2.43> <CoreInst = "m_axi">   --->   Core 121 'm_axi' <Latency = 0> <II = 1> <Delay = 1.00> <Adapter> <Opcode : 'read' 'write' 'readreq' 'writereq' 'writeresp'>

State 38 <SV = 37> <Delay = 2.43>
ST_38 : Operation 119 [34/70] (2.43ns)   --->   "%empty_30 = readreq i1 @_ssdm_op_ReadReq.m_axi.p1i32, i64 %gmem1_addr, i32 %zext_ln93" [/home/cnic/wz/workspace/example_kernels/src/krnl_vadd.cpp:93]   --->   Operation 119 'readreq' 'empty_30' <Predicate = true> <Delay = 2.43> <CoreInst = "m_axi">   --->   Core 121 'm_axi' <Latency = 0> <II = 1> <Delay = 1.00> <Adapter> <Opcode : 'read' 'write' 'readreq' 'writereq' 'writeresp'>

State 39 <SV = 38> <Delay = 2.43>
ST_39 : Operation 120 [33/70] (2.43ns)   --->   "%empty_30 = readreq i1 @_ssdm_op_ReadReq.m_axi.p1i32, i64 %gmem1_addr, i32 %zext_ln93" [/home/cnic/wz/workspace/example_kernels/src/krnl_vadd.cpp:93]   --->   Operation 120 'readreq' 'empty_30' <Predicate = true> <Delay = 2.43> <CoreInst = "m_axi">   --->   Core 121 'm_axi' <Latency = 0> <II = 1> <Delay = 1.00> <Adapter> <Opcode : 'read' 'write' 'readreq' 'writereq' 'writeresp'>

State 40 <SV = 39> <Delay = 2.43>
ST_40 : Operation 121 [32/70] (2.43ns)   --->   "%empty_30 = readreq i1 @_ssdm_op_ReadReq.m_axi.p1i32, i64 %gmem1_addr, i32 %zext_ln93" [/home/cnic/wz/workspace/example_kernels/src/krnl_vadd.cpp:93]   --->   Operation 121 'readreq' 'empty_30' <Predicate = true> <Delay = 2.43> <CoreInst = "m_axi">   --->   Core 121 'm_axi' <Latency = 0> <II = 1> <Delay = 1.00> <Adapter> <Opcode : 'read' 'write' 'readreq' 'writereq' 'writeresp'>

State 41 <SV = 40> <Delay = 2.43>
ST_41 : Operation 122 [31/70] (2.43ns)   --->   "%empty_30 = readreq i1 @_ssdm_op_ReadReq.m_axi.p1i32, i64 %gmem1_addr, i32 %zext_ln93" [/home/cnic/wz/workspace/example_kernels/src/krnl_vadd.cpp:93]   --->   Operation 122 'readreq' 'empty_30' <Predicate = true> <Delay = 2.43> <CoreInst = "m_axi">   --->   Core 121 'm_axi' <Latency = 0> <II = 1> <Delay = 1.00> <Adapter> <Opcode : 'read' 'write' 'readreq' 'writereq' 'writeresp'>

State 42 <SV = 41> <Delay = 2.43>
ST_42 : Operation 123 [30/70] (2.43ns)   --->   "%empty_30 = readreq i1 @_ssdm_op_ReadReq.m_axi.p1i32, i64 %gmem1_addr, i32 %zext_ln93" [/home/cnic/wz/workspace/example_kernels/src/krnl_vadd.cpp:93]   --->   Operation 123 'readreq' 'empty_30' <Predicate = true> <Delay = 2.43> <CoreInst = "m_axi">   --->   Core 121 'm_axi' <Latency = 0> <II = 1> <Delay = 1.00> <Adapter> <Opcode : 'read' 'write' 'readreq' 'writereq' 'writeresp'>

State 43 <SV = 42> <Delay = 2.43>
ST_43 : Operation 124 [29/70] (2.43ns)   --->   "%empty_30 = readreq i1 @_ssdm_op_ReadReq.m_axi.p1i32, i64 %gmem1_addr, i32 %zext_ln93" [/home/cnic/wz/workspace/example_kernels/src/krnl_vadd.cpp:93]   --->   Operation 124 'readreq' 'empty_30' <Predicate = true> <Delay = 2.43> <CoreInst = "m_axi">   --->   Core 121 'm_axi' <Latency = 0> <II = 1> <Delay = 1.00> <Adapter> <Opcode : 'read' 'write' 'readreq' 'writereq' 'writeresp'>

State 44 <SV = 43> <Delay = 2.43>
ST_44 : Operation 125 [28/70] (2.43ns)   --->   "%empty_30 = readreq i1 @_ssdm_op_ReadReq.m_axi.p1i32, i64 %gmem1_addr, i32 %zext_ln93" [/home/cnic/wz/workspace/example_kernels/src/krnl_vadd.cpp:93]   --->   Operation 125 'readreq' 'empty_30' <Predicate = true> <Delay = 2.43> <CoreInst = "m_axi">   --->   Core 121 'm_axi' <Latency = 0> <II = 1> <Delay = 1.00> <Adapter> <Opcode : 'read' 'write' 'readreq' 'writereq' 'writeresp'>

State 45 <SV = 44> <Delay = 2.43>
ST_45 : Operation 126 [27/70] (2.43ns)   --->   "%empty_30 = readreq i1 @_ssdm_op_ReadReq.m_axi.p1i32, i64 %gmem1_addr, i32 %zext_ln93" [/home/cnic/wz/workspace/example_kernels/src/krnl_vadd.cpp:93]   --->   Operation 126 'readreq' 'empty_30' <Predicate = true> <Delay = 2.43> <CoreInst = "m_axi">   --->   Core 121 'm_axi' <Latency = 0> <II = 1> <Delay = 1.00> <Adapter> <Opcode : 'read' 'write' 'readreq' 'writereq' 'writeresp'>

State 46 <SV = 45> <Delay = 2.43>
ST_46 : Operation 127 [26/70] (2.43ns)   --->   "%empty_30 = readreq i1 @_ssdm_op_ReadReq.m_axi.p1i32, i64 %gmem1_addr, i32 %zext_ln93" [/home/cnic/wz/workspace/example_kernels/src/krnl_vadd.cpp:93]   --->   Operation 127 'readreq' 'empty_30' <Predicate = true> <Delay = 2.43> <CoreInst = "m_axi">   --->   Core 121 'm_axi' <Latency = 0> <II = 1> <Delay = 1.00> <Adapter> <Opcode : 'read' 'write' 'readreq' 'writereq' 'writeresp'>

State 47 <SV = 46> <Delay = 2.43>
ST_47 : Operation 128 [25/70] (2.43ns)   --->   "%empty_30 = readreq i1 @_ssdm_op_ReadReq.m_axi.p1i32, i64 %gmem1_addr, i32 %zext_ln93" [/home/cnic/wz/workspace/example_kernels/src/krnl_vadd.cpp:93]   --->   Operation 128 'readreq' 'empty_30' <Predicate = true> <Delay = 2.43> <CoreInst = "m_axi">   --->   Core 121 'm_axi' <Latency = 0> <II = 1> <Delay = 1.00> <Adapter> <Opcode : 'read' 'write' 'readreq' 'writereq' 'writeresp'>

State 48 <SV = 47> <Delay = 2.43>
ST_48 : Operation 129 [24/70] (2.43ns)   --->   "%empty_30 = readreq i1 @_ssdm_op_ReadReq.m_axi.p1i32, i64 %gmem1_addr, i32 %zext_ln93" [/home/cnic/wz/workspace/example_kernels/src/krnl_vadd.cpp:93]   --->   Operation 129 'readreq' 'empty_30' <Predicate = true> <Delay = 2.43> <CoreInst = "m_axi">   --->   Core 121 'm_axi' <Latency = 0> <II = 1> <Delay = 1.00> <Adapter> <Opcode : 'read' 'write' 'readreq' 'writereq' 'writeresp'>

State 49 <SV = 48> <Delay = 2.43>
ST_49 : Operation 130 [23/70] (2.43ns)   --->   "%empty_30 = readreq i1 @_ssdm_op_ReadReq.m_axi.p1i32, i64 %gmem1_addr, i32 %zext_ln93" [/home/cnic/wz/workspace/example_kernels/src/krnl_vadd.cpp:93]   --->   Operation 130 'readreq' 'empty_30' <Predicate = true> <Delay = 2.43> <CoreInst = "m_axi">   --->   Core 121 'm_axi' <Latency = 0> <II = 1> <Delay = 1.00> <Adapter> <Opcode : 'read' 'write' 'readreq' 'writereq' 'writeresp'>

State 50 <SV = 49> <Delay = 2.43>
ST_50 : Operation 131 [22/70] (2.43ns)   --->   "%empty_30 = readreq i1 @_ssdm_op_ReadReq.m_axi.p1i32, i64 %gmem1_addr, i32 %zext_ln93" [/home/cnic/wz/workspace/example_kernels/src/krnl_vadd.cpp:93]   --->   Operation 131 'readreq' 'empty_30' <Predicate = true> <Delay = 2.43> <CoreInst = "m_axi">   --->   Core 121 'm_axi' <Latency = 0> <II = 1> <Delay = 1.00> <Adapter> <Opcode : 'read' 'write' 'readreq' 'writereq' 'writeresp'>

State 51 <SV = 50> <Delay = 2.43>
ST_51 : Operation 132 [21/70] (2.43ns)   --->   "%empty_30 = readreq i1 @_ssdm_op_ReadReq.m_axi.p1i32, i64 %gmem1_addr, i32 %zext_ln93" [/home/cnic/wz/workspace/example_kernels/src/krnl_vadd.cpp:93]   --->   Operation 132 'readreq' 'empty_30' <Predicate = true> <Delay = 2.43> <CoreInst = "m_axi">   --->   Core 121 'm_axi' <Latency = 0> <II = 1> <Delay = 1.00> <Adapter> <Opcode : 'read' 'write' 'readreq' 'writereq' 'writeresp'>

State 52 <SV = 51> <Delay = 2.43>
ST_52 : Operation 133 [20/70] (2.43ns)   --->   "%empty_30 = readreq i1 @_ssdm_op_ReadReq.m_axi.p1i32, i64 %gmem1_addr, i32 %zext_ln93" [/home/cnic/wz/workspace/example_kernels/src/krnl_vadd.cpp:93]   --->   Operation 133 'readreq' 'empty_30' <Predicate = true> <Delay = 2.43> <CoreInst = "m_axi">   --->   Core 121 'm_axi' <Latency = 0> <II = 1> <Delay = 1.00> <Adapter> <Opcode : 'read' 'write' 'readreq' 'writereq' 'writeresp'>

State 53 <SV = 52> <Delay = 2.43>
ST_53 : Operation 134 [19/70] (2.43ns)   --->   "%empty_30 = readreq i1 @_ssdm_op_ReadReq.m_axi.p1i32, i64 %gmem1_addr, i32 %zext_ln93" [/home/cnic/wz/workspace/example_kernels/src/krnl_vadd.cpp:93]   --->   Operation 134 'readreq' 'empty_30' <Predicate = true> <Delay = 2.43> <CoreInst = "m_axi">   --->   Core 121 'm_axi' <Latency = 0> <II = 1> <Delay = 1.00> <Adapter> <Opcode : 'read' 'write' 'readreq' 'writereq' 'writeresp'>

State 54 <SV = 53> <Delay = 2.43>
ST_54 : Operation 135 [18/70] (2.43ns)   --->   "%empty_30 = readreq i1 @_ssdm_op_ReadReq.m_axi.p1i32, i64 %gmem1_addr, i32 %zext_ln93" [/home/cnic/wz/workspace/example_kernels/src/krnl_vadd.cpp:93]   --->   Operation 135 'readreq' 'empty_30' <Predicate = true> <Delay = 2.43> <CoreInst = "m_axi">   --->   Core 121 'm_axi' <Latency = 0> <II = 1> <Delay = 1.00> <Adapter> <Opcode : 'read' 'write' 'readreq' 'writereq' 'writeresp'>

State 55 <SV = 54> <Delay = 2.43>
ST_55 : Operation 136 [17/70] (2.43ns)   --->   "%empty_30 = readreq i1 @_ssdm_op_ReadReq.m_axi.p1i32, i64 %gmem1_addr, i32 %zext_ln93" [/home/cnic/wz/workspace/example_kernels/src/krnl_vadd.cpp:93]   --->   Operation 136 'readreq' 'empty_30' <Predicate = true> <Delay = 2.43> <CoreInst = "m_axi">   --->   Core 121 'm_axi' <Latency = 0> <II = 1> <Delay = 1.00> <Adapter> <Opcode : 'read' 'write' 'readreq' 'writereq' 'writeresp'>

State 56 <SV = 55> <Delay = 2.43>
ST_56 : Operation 137 [16/70] (2.43ns)   --->   "%empty_30 = readreq i1 @_ssdm_op_ReadReq.m_axi.p1i32, i64 %gmem1_addr, i32 %zext_ln93" [/home/cnic/wz/workspace/example_kernels/src/krnl_vadd.cpp:93]   --->   Operation 137 'readreq' 'empty_30' <Predicate = true> <Delay = 2.43> <CoreInst = "m_axi">   --->   Core 121 'm_axi' <Latency = 0> <II = 1> <Delay = 1.00> <Adapter> <Opcode : 'read' 'write' 'readreq' 'writereq' 'writeresp'>

State 57 <SV = 56> <Delay = 2.43>
ST_57 : Operation 138 [15/70] (2.43ns)   --->   "%empty_30 = readreq i1 @_ssdm_op_ReadReq.m_axi.p1i32, i64 %gmem1_addr, i32 %zext_ln93" [/home/cnic/wz/workspace/example_kernels/src/krnl_vadd.cpp:93]   --->   Operation 138 'readreq' 'empty_30' <Predicate = true> <Delay = 2.43> <CoreInst = "m_axi">   --->   Core 121 'm_axi' <Latency = 0> <II = 1> <Delay = 1.00> <Adapter> <Opcode : 'read' 'write' 'readreq' 'writereq' 'writeresp'>

State 58 <SV = 57> <Delay = 2.43>
ST_58 : Operation 139 [14/70] (2.43ns)   --->   "%empty_30 = readreq i1 @_ssdm_op_ReadReq.m_axi.p1i32, i64 %gmem1_addr, i32 %zext_ln93" [/home/cnic/wz/workspace/example_kernels/src/krnl_vadd.cpp:93]   --->   Operation 139 'readreq' 'empty_30' <Predicate = true> <Delay = 2.43> <CoreInst = "m_axi">   --->   Core 121 'm_axi' <Latency = 0> <II = 1> <Delay = 1.00> <Adapter> <Opcode : 'read' 'write' 'readreq' 'writereq' 'writeresp'>

State 59 <SV = 58> <Delay = 2.43>
ST_59 : Operation 140 [13/70] (2.43ns)   --->   "%empty_30 = readreq i1 @_ssdm_op_ReadReq.m_axi.p1i32, i64 %gmem1_addr, i32 %zext_ln93" [/home/cnic/wz/workspace/example_kernels/src/krnl_vadd.cpp:93]   --->   Operation 140 'readreq' 'empty_30' <Predicate = true> <Delay = 2.43> <CoreInst = "m_axi">   --->   Core 121 'm_axi' <Latency = 0> <II = 1> <Delay = 1.00> <Adapter> <Opcode : 'read' 'write' 'readreq' 'writereq' 'writeresp'>

State 60 <SV = 59> <Delay = 2.43>
ST_60 : Operation 141 [12/70] (2.43ns)   --->   "%empty_30 = readreq i1 @_ssdm_op_ReadReq.m_axi.p1i32, i64 %gmem1_addr, i32 %zext_ln93" [/home/cnic/wz/workspace/example_kernels/src/krnl_vadd.cpp:93]   --->   Operation 141 'readreq' 'empty_30' <Predicate = true> <Delay = 2.43> <CoreInst = "m_axi">   --->   Core 121 'm_axi' <Latency = 0> <II = 1> <Delay = 1.00> <Adapter> <Opcode : 'read' 'write' 'readreq' 'writereq' 'writeresp'>

State 61 <SV = 60> <Delay = 2.43>
ST_61 : Operation 142 [11/70] (2.43ns)   --->   "%empty_30 = readreq i1 @_ssdm_op_ReadReq.m_axi.p1i32, i64 %gmem1_addr, i32 %zext_ln93" [/home/cnic/wz/workspace/example_kernels/src/krnl_vadd.cpp:93]   --->   Operation 142 'readreq' 'empty_30' <Predicate = true> <Delay = 2.43> <CoreInst = "m_axi">   --->   Core 121 'm_axi' <Latency = 0> <II = 1> <Delay = 1.00> <Adapter> <Opcode : 'read' 'write' 'readreq' 'writereq' 'writeresp'>

State 62 <SV = 61> <Delay = 2.43>
ST_62 : Operation 143 [10/70] (2.43ns)   --->   "%empty_30 = readreq i1 @_ssdm_op_ReadReq.m_axi.p1i32, i64 %gmem1_addr, i32 %zext_ln93" [/home/cnic/wz/workspace/example_kernels/src/krnl_vadd.cpp:93]   --->   Operation 143 'readreq' 'empty_30' <Predicate = true> <Delay = 2.43> <CoreInst = "m_axi">   --->   Core 121 'm_axi' <Latency = 0> <II = 1> <Delay = 1.00> <Adapter> <Opcode : 'read' 'write' 'readreq' 'writereq' 'writeresp'>

State 63 <SV = 62> <Delay = 2.43>
ST_63 : Operation 144 [9/70] (2.43ns)   --->   "%empty_30 = readreq i1 @_ssdm_op_ReadReq.m_axi.p1i32, i64 %gmem1_addr, i32 %zext_ln93" [/home/cnic/wz/workspace/example_kernels/src/krnl_vadd.cpp:93]   --->   Operation 144 'readreq' 'empty_30' <Predicate = true> <Delay = 2.43> <CoreInst = "m_axi">   --->   Core 121 'm_axi' <Latency = 0> <II = 1> <Delay = 1.00> <Adapter> <Opcode : 'read' 'write' 'readreq' 'writereq' 'writeresp'>

State 64 <SV = 63> <Delay = 2.43>
ST_64 : Operation 145 [8/70] (2.43ns)   --->   "%empty_30 = readreq i1 @_ssdm_op_ReadReq.m_axi.p1i32, i64 %gmem1_addr, i32 %zext_ln93" [/home/cnic/wz/workspace/example_kernels/src/krnl_vadd.cpp:93]   --->   Operation 145 'readreq' 'empty_30' <Predicate = true> <Delay = 2.43> <CoreInst = "m_axi">   --->   Core 121 'm_axi' <Latency = 0> <II = 1> <Delay = 1.00> <Adapter> <Opcode : 'read' 'write' 'readreq' 'writereq' 'writeresp'>

State 65 <SV = 64> <Delay = 2.43>
ST_65 : Operation 146 [7/70] (2.43ns)   --->   "%empty_30 = readreq i1 @_ssdm_op_ReadReq.m_axi.p1i32, i64 %gmem1_addr, i32 %zext_ln93" [/home/cnic/wz/workspace/example_kernels/src/krnl_vadd.cpp:93]   --->   Operation 146 'readreq' 'empty_30' <Predicate = true> <Delay = 2.43> <CoreInst = "m_axi">   --->   Core 121 'm_axi' <Latency = 0> <II = 1> <Delay = 1.00> <Adapter> <Opcode : 'read' 'write' 'readreq' 'writereq' 'writeresp'>

State 66 <SV = 65> <Delay = 2.43>
ST_66 : Operation 147 [6/70] (2.43ns)   --->   "%empty_30 = readreq i1 @_ssdm_op_ReadReq.m_axi.p1i32, i64 %gmem1_addr, i32 %zext_ln93" [/home/cnic/wz/workspace/example_kernels/src/krnl_vadd.cpp:93]   --->   Operation 147 'readreq' 'empty_30' <Predicate = true> <Delay = 2.43> <CoreInst = "m_axi">   --->   Core 121 'm_axi' <Latency = 0> <II = 1> <Delay = 1.00> <Adapter> <Opcode : 'read' 'write' 'readreq' 'writereq' 'writeresp'>

State 67 <SV = 66> <Delay = 2.43>
ST_67 : Operation 148 [5/70] (2.43ns)   --->   "%empty_30 = readreq i1 @_ssdm_op_ReadReq.m_axi.p1i32, i64 %gmem1_addr, i32 %zext_ln93" [/home/cnic/wz/workspace/example_kernels/src/krnl_vadd.cpp:93]   --->   Operation 148 'readreq' 'empty_30' <Predicate = true> <Delay = 2.43> <CoreInst = "m_axi">   --->   Core 121 'm_axi' <Latency = 0> <II = 1> <Delay = 1.00> <Adapter> <Opcode : 'read' 'write' 'readreq' 'writereq' 'writeresp'>

State 68 <SV = 67> <Delay = 2.43>
ST_68 : Operation 149 [4/70] (2.43ns)   --->   "%empty_30 = readreq i1 @_ssdm_op_ReadReq.m_axi.p1i32, i64 %gmem1_addr, i32 %zext_ln93" [/home/cnic/wz/workspace/example_kernels/src/krnl_vadd.cpp:93]   --->   Operation 149 'readreq' 'empty_30' <Predicate = true> <Delay = 2.43> <CoreInst = "m_axi">   --->   Core 121 'm_axi' <Latency = 0> <II = 1> <Delay = 1.00> <Adapter> <Opcode : 'read' 'write' 'readreq' 'writereq' 'writeresp'>

State 69 <SV = 68> <Delay = 2.43>
ST_69 : Operation 150 [3/70] (2.43ns)   --->   "%empty_30 = readreq i1 @_ssdm_op_ReadReq.m_axi.p1i32, i64 %gmem1_addr, i32 %zext_ln93" [/home/cnic/wz/workspace/example_kernels/src/krnl_vadd.cpp:93]   --->   Operation 150 'readreq' 'empty_30' <Predicate = true> <Delay = 2.43> <CoreInst = "m_axi">   --->   Core 121 'm_axi' <Latency = 0> <II = 1> <Delay = 1.00> <Adapter> <Opcode : 'read' 'write' 'readreq' 'writereq' 'writeresp'>

State 70 <SV = 69> <Delay = 2.43>
ST_70 : Operation 151 [2/70] (2.43ns)   --->   "%empty_30 = readreq i1 @_ssdm_op_ReadReq.m_axi.p1i32, i64 %gmem1_addr, i32 %zext_ln93" [/home/cnic/wz/workspace/example_kernels/src/krnl_vadd.cpp:93]   --->   Operation 151 'readreq' 'empty_30' <Predicate = true> <Delay = 2.43> <CoreInst = "m_axi">   --->   Core 121 'm_axi' <Latency = 0> <II = 1> <Delay = 1.00> <Adapter> <Opcode : 'read' 'write' 'readreq' 'writereq' 'writeresp'>

State 71 <SV = 70> <Delay = 2.43>
ST_71 : Operation 152 [1/70] (2.43ns)   --->   "%empty_30 = readreq i1 @_ssdm_op_ReadReq.m_axi.p1i32, i64 %gmem1_addr, i32 %zext_ln93" [/home/cnic/wz/workspace/example_kernels/src/krnl_vadd.cpp:93]   --->   Operation 152 'readreq' 'empty_30' <Predicate = true> <Delay = 2.43> <CoreInst = "m_axi">   --->   Core 121 'm_axi' <Latency = 0> <II = 1> <Delay = 1.00> <Adapter> <Opcode : 'read' 'write' 'readreq' 'writereq' 'writeresp'>

State 72 <SV = 71> <Delay = 1.24>
ST_72 : Operation 153 [1/1] (0.00ns)   --->   "%empty_31 = wait i32 @_ssdm_op_Wait"   --->   Operation 153 'wait' 'empty_31' <Predicate = true> <Delay = 0.00>
ST_72 : Operation 154 [2/2] (1.24ns)   --->   "%call_ln93 = call void @load_input.1_Pipeline_mem_rd, i32 %gmem1, i62 %trunc_ln, i32 %size_read, i32 %in2_stream" [/home/cnic/wz/workspace/example_kernels/src/krnl_vadd.cpp:93]   --->   Operation 154 'call' 'call_ln93' <Predicate = true> <Delay = 1.24> <CoreType = "Generic">   --->   Core 0 '' <Latency = 0> <II = 1> <Delay = 1.00> <Generic> <Opcode : >

State 73 <SV = 72> <Delay = 0.00>
ST_73 : Operation 155 [1/1] (0.00ns)   --->   "%specinterface_ln0 = specinterface void @_ssdm_op_SpecInterface, i32 %in2_stream, void @empty_6, i32 0, i32 0, void @empty_3, i32 0, i32 0, void @empty_3, void @empty_3, void @empty_3, i32 0, i32 0, i32 0, i32 0, void @empty_3, void @empty_3, i32 4294967295, i32 0"   --->   Operation 155 'specinterface' 'specinterface_ln0' <Predicate = true> <Delay = 0.00>
ST_73 : Operation 156 [1/1] (0.00ns)   --->   "%specinterface_ln0 = specinterface void @_ssdm_op_SpecInterface, i32 %in2_stream, void @empty_6, i32 0, i32 0, void @empty_3, i32 0, i32 0, void @empty_3, void @empty_3, void @empty_3, i32 0, i32 0, i32 0, i32 0, void @empty_3, void @empty_3, i32 4294967295, i32 0"   --->   Operation 156 'specinterface' 'specinterface_ln0' <Predicate = true> <Delay = 0.00>
ST_73 : Operation 157 [1/1] (0.00ns)   --->   "%specinterface_ln0 = specinterface void @_ssdm_op_SpecInterface, i32 %in2_stream, void @empty_6, i32 0, i32 0, void @empty_3, i32 0, i32 0, void @empty_3, void @empty_3, void @empty_3, i32 0, i32 0, i32 0, i32 0, void @empty_3, void @empty_3, i32 4294967295, i32 0"   --->   Operation 157 'specinterface' 'specinterface_ln0' <Predicate = true> <Delay = 0.00>
ST_73 : Operation 158 [1/1] (0.00ns)   --->   "%specinterface_ln0 = specinterface void @_ssdm_op_SpecInterface, i32 %in2_stream, void @empty_6, i32 0, i32 0, void @empty_3, i32 0, i32 0, void @empty_3, void @empty_3, void @empty_3, i32 0, i32 0, i32 0, i32 0, void @empty_3, void @empty_3, i32 4294967295, i32 0"   --->   Operation 158 'specinterface' 'specinterface_ln0' <Predicate = true> <Delay = 0.00>
ST_73 : Operation 159 [1/1] (0.00ns)   --->   "%specinterface_ln0 = specinterface void @_ssdm_op_SpecInterface, i32 %gmem1, void @empty_1, i32 0, i32 0, void @empty_3, i32 64, i32 0, void @empty_9, void @empty_10, void @empty_3, i32 16, i32 16, i32 16, i32 16, void @empty_3, void @empty_3, i32 4294967295, i32 0"   --->   Operation 159 'specinterface' 'specinterface_ln0' <Predicate = true> <Delay = 0.00>
ST_73 : Operation 160 [1/2] (0.00ns)   --->   "%call_ln93 = call void @load_input.1_Pipeline_mem_rd, i32 %gmem1, i62 %trunc_ln, i32 %size_read, i32 %in2_stream" [/home/cnic/wz/workspace/example_kernels/src/krnl_vadd.cpp:93]   --->   Operation 160 'call' 'call_ln93' <Predicate = true> <Delay = 0.00> <CoreType = "Generic">   --->   Core 0 '' <Latency = 0> <II = 1> <Delay = 1.00> <Generic> <Opcode : >
ST_73 : Operation 161 [1/1] (0.00ns)   --->   "%ret_ln0 = ret"   --->   Operation 161 'ret' 'ret_ln0' <Predicate = true> <Delay = 0.00>


============================================================
+ Verbose Summary: Binding
============================================================
STG Binding: 
---------------- STG Properties BEGIN ----------------
- Is combinational: 0
- Is one-state seq: 0
- Is datapath-only: 0
- Is pipelined: 0
- Is top level: 0
Port [ Return ] is wired: 1; IO mode=ap_ctrl_hs:ce=0
Port [ gmem1]:  wired=1; compound=1; hidden=0; nouse=0; global=0; static=0; extern=0; dir=0; type=4; pingpong=0; private_global=0; IO mode=m_axi:ce=0
Port [ in_r]:  wired=1; compound=0; hidden=0; nouse=0; global=0; static=0; extern=0; dir=0; type=0; pingpong=0; private_global=0; IO mode=ap_none:ce=0
Port [ size]:  wired=1; compound=0; hidden=0; nouse=0; global=0; static=0; extern=0; dir=0; type=0; pingpong=0; private_global=0; IO mode=ap_none:ce=0
Port [ in2_stream]:  wired=1; compound=1; hidden=0; nouse=0; global=1; static=1; extern=0; dir=1; type=3; pingpong=0; private_global=0; IO mode=ap_fifo:ce=0
---------------- STG Properties END ------------------

---------------- Datapath Model BEGIN ----------------

<LifeTime>
<method=bitvector/>
size_read         (read         ) [ 00111111111111111111111111111111111111111111111111111111111111111111111111]
empty             (trunc        ) [ 00000000000000000000000000000000000000000000000000000000000000000000000000]
icmp_ln93         (icmp         ) [ 00000000000000000000000000000000000000000000000000000000000000000000000000]
empty_29          (select       ) [ 00100000000000000000000000000000000000000000000000000000000000000000000000]
in_read           (read         ) [ 00000000000000000000000000000000000000000000000000000000000000000000000000]
trunc_ln          (partselect   ) [ 00011111111111111111111111111111111111111111111111111111111111111111111111]
sext_ln93         (sext         ) [ 00000000000000000000000000000000000000000000000000000000000000000000000000]
gmem1_addr        (getelementptr) [ 00011111111111111111111111111111111111111111111111111111111111111111111100]
zext_ln93         (zext         ) [ 00011111111111111111111111111111111111111111111111111111111111111111111100]
empty_30          (readreq      ) [ 00000000000000000000000000000000000000000000000000000000000000000000000000]
empty_31          (wait         ) [ 00000000000000000000000000000000000000000000000000000000000000000000000000]
specinterface_ln0 (specinterface) [ 00000000000000000000000000000000000000000000000000000000000000000000000000]
specinterface_ln0 (specinterface) [ 00000000000000000000000000000000000000000000000000000000000000000000000000]
specinterface_ln0 (specinterface) [ 00000000000000000000000000000000000000000000000000000000000000000000000000]
specinterface_ln0 (specinterface) [ 00000000000000000000000000000000000000000000000000000000000000000000000000]
specinterface_ln0 (specinterface) [ 00000000000000000000000000000000000000000000000000000000000000000000000000]
call_ln93         (call         ) [ 00000000000000000000000000000000000000000000000000000000000000000000000000]
ret_ln0           (ret          ) [ 00000000000000000000000000000000000000000000000000000000000000000000000000]
</LifeTime>

<model>

<comp_list>
<comp id="0" class="1000" name="gmem1">
<pin_list>
<pin id="1" dir="1" index="0" bw="1" slack="0"/>
</pin_list>
<bind>
<StgValue><ssdm name="gmem1"/></StgValue>
</bind>
</comp>

<comp id="2" class="1000" name="in_r">
<pin_list>
<pin id="3" dir="1" index="0" bw="1" slack="0"/>
</pin_list>
<bind>
<StgValue><ssdm name="in_r"/></StgValue>
</bind>
</comp>

<comp id="4" class="1000" name="size">
<pin_list>
<pin id="5" dir="1" index="0" bw="1" slack="0"/>
</pin_list>
<bind>
<StgValue><ssdm name="size"/></StgValue>
</bind>
</comp>

<comp id="6" class="1000" name="in2_stream">
<pin_list>
<pin id="7" dir="1" index="0" bw="1" slack="0"/>
</pin_list>
<bind>
<StgValue><ssdm name="in2_stream"/></StgValue>
</bind>
</comp>

<comp id="8" class="1001" name="const_8">
<pin_list>
<pin id="9" dir="1" index="0" bw="1" slack="0"/>
</pin_list>
<bind>
<StgValue><ssdm name="_ssdm_op_Read.ap_auto.i32"/></StgValue>
</bind>
</comp>

<comp id="10" class="1001" name="const_10">
<pin_list>
<pin id="11" dir="1" index="0" bw="1" slack="0"/>
</pin_list>
<bind>
<StgValue><ssdm name=""/></StgValue>
</bind>
</comp>

<comp id="12" class="1001" name="const_12">
<pin_list>
<pin id="13" dir="1" index="0" bw="1" slack="0"/>
</pin_list>
<bind>
<StgValue><ssdm name=""/></StgValue>
</bind>
</comp>

<comp id="14" class="1001" name="const_14">
<pin_list>
<pin id="15" dir="1" index="0" bw="1" slack="0"/>
</pin_list>
<bind>
<StgValue><ssdm name="_ssdm_op_Read.ap_auto.i64"/></StgValue>
</bind>
</comp>

<comp id="16" class="1001" name="const_16">
<pin_list>
<pin id="17" dir="1" index="0" bw="1" slack="0"/>
</pin_list>
<bind>
<StgValue><ssdm name="_ssdm_op_PartSelect.i62.i64.i32.i32"/></StgValue>
</bind>
</comp>

<comp id="18" class="1001" name="const_18">
<pin_list>
<pin id="19" dir="1" index="0" bw="1" slack="0"/>
</pin_list>
<bind>
<StgValue><ssdm name=""/></StgValue>
</bind>
</comp>

<comp id="20" class="1001" name="const_20">
<pin_list>
<pin id="21" dir="1" index="0" bw="1" slack="0"/>
</pin_list>
<bind>
<StgValue><ssdm name=""/></StgValue>
</bind>
</comp>

<comp id="22" class="1001" name="const_22">
<pin_list>
<pin id="23" dir="1" index="0" bw="1" slack="0"/>
</pin_list>
<bind>
<StgValue><ssdm name="_ssdm_op_ReadReq.m_axi.p1i32"/></StgValue>
</bind>
</comp>

<comp id="24" class="1001" name="const_24">
<pin_list>
<pin id="25" dir="1" index="0" bw="1" slack="2147483647"/>
</pin_list>
<bind>
<StgValue><ssdm name="_ssdm_op_Wait"/></StgValue>
</bind>
</comp>

<comp id="26" class="1001" name="const_26">
<pin_list>
<pin id="27" dir="1" index="0" bw="1" slack="0"/>
</pin_list>
<bind>
<StgValue><ssdm name="load_input.1_Pipeline_mem_rd"/></StgValue>
</bind>
</comp>

<comp id="28" class="1001" name="const_28">
<pin_list>
<pin id="29" dir="1" index="0" bw="1" slack="2147483647"/>
</pin_list>
<bind>
<StgValue><ssdm name="_ssdm_op_SpecInterface"/></StgValue>
</bind>
</comp>

<comp id="30" class="1001" name="const_30">
<pin_list>
<pin id="31" dir="1" index="0" bw="1" slack="2147483647"/>
</pin_list>
<bind>
<StgValue><ssdm name="empty_6"/></StgValue>
</bind>
</comp>

<comp id="32" class="1001" name="const_32">
<pin_list>
<pin id="33" dir="1" index="0" bw="1" slack="2147483647"/>
</pin_list>
<bind>
<StgValue><ssdm name="empty_3"/></StgValue>
</bind>
</comp>

<comp id="34" class="1001" name="const_34">
<pin_list>
<pin id="35" dir="1" index="0" bw="1" slack="2147483647"/>
</pin_list>
<bind>
<StgValue><ssdm name=""/></StgValue>
</bind>
</comp>

<comp id="36" class="1001" name="const_36">
<pin_list>
<pin id="37" dir="1" index="0" bw="1" slack="2147483647"/>
</pin_list>
<bind>
<StgValue><ssdm name="empty_1"/></StgValue>
</bind>
</comp>

<comp id="38" class="1001" name="const_38">
<pin_list>
<pin id="39" dir="1" index="0" bw="1" slack="2147483647"/>
</pin_list>
<bind>
<StgValue><ssdm name=""/></StgValue>
</bind>
</comp>

<comp id="40" class="1001" name="const_40">
<pin_list>
<pin id="41" dir="1" index="0" bw="1" slack="2147483647"/>
</pin_list>
<bind>
<StgValue><ssdm name="empty_9"/></StgValue>
</bind>
</comp>

<comp id="42" class="1001" name="const_42">
<pin_list>
<pin id="43" dir="1" index="0" bw="1" slack="2147483647"/>
</pin_list>
<bind>
<StgValue><ssdm name="empty_10"/></StgValue>
</bind>
</comp>

<comp id="44" class="1001" name="const_44">
<pin_list>
<pin id="45" dir="1" index="0" bw="1" slack="2147483647"/>
</pin_list>
<bind>
<StgValue><ssdm name=""/></StgValue>
</bind>
</comp>

<comp id="46" class="1004" name="size_read_read_fu_46">
<pin_list>
<pin id="47" dir="0" index="0" bw="32" slack="0"/>
<pin id="48" dir="0" index="1" bw="32" slack="0"/>
<pin id="49" dir="1" index="2" bw="32" slack="0"/>
</pin_list>
<bind>
<opcode="read(1150) " fcode="read"/>
<opset="size_read/1 "/>
</bind>
</comp>

<comp id="52" class="1004" name="in_read_read_fu_52">
<pin_list>
<pin id="53" dir="0" index="0" bw="64" slack="0"/>
<pin id="54" dir="0" index="1" bw="64" slack="0"/>
<pin id="55" dir="1" index="2" bw="64" slack="0"/>
</pin_list>
<bind>
<opcode="read(1150) " fcode="read"/>
<opset="in_read/2 "/>
</bind>
</comp>

<comp id="58" class="1004" name="grp_readreq_fu_58">
<pin_list>
<pin id="59" dir="0" index="0" bw="1" slack="0"/>
<pin id="60" dir="0" index="1" bw="32" slack="0"/>
<pin id="61" dir="0" index="2" bw="31" slack="0"/>
<pin id="62" dir="1" index="3" bw="1" slack="2147483647"/>
</pin_list>
<bind>
<opcode="readreq(1154) " fcode="readreq"/>
<opset="empty_30/2 "/>
</bind>
</comp>

<comp id="64" class="1004" name="grp_load_input_1_Pipeline_mem_rd_fu_64">
<pin_list>
<pin id="65" dir="0" index="0" bw="0" slack="0"/>
<pin id="66" dir="0" index="1" bw="32" slack="0"/>
<pin id="67" dir="0" index="2" bw="62" slack="70"/>
<pin id="68" dir="0" index="3" bw="32" slack="71"/>
<pin id="69" dir="0" index="4" bw="32" slack="0"/>
<pin id="70" dir="1" index="5" bw="0" slack="2147483647"/>
</pin_list>
<bind>
<opcode="call(48) " fcode="call"/>
<opset="call_ln93/72 "/>
</bind>
</comp>

<comp id="74" class="1004" name="empty_fu_74">
<pin_list>
<pin id="75" dir="0" index="0" bw="32" slack="0"/>
<pin id="76" dir="1" index="1" bw="31" slack="0"/>
</pin_list>
<bind>
<opcode="trunc(33) " fcode="trunc"/>
<opset="empty/1 "/>
</bind>
</comp>

<comp id="78" class="1004" name="icmp_ln93_fu_78">
<pin_list>
<pin id="79" dir="0" index="0" bw="32" slack="0"/>
<pin id="80" dir="0" index="1" bw="32" slack="0"/>
<pin id="81" dir="1" index="2" bw="1" slack="0"/>
</pin_list>
<bind>
<opcode="icmp(45) " fcode="icmp"/>
<opset="icmp_ln93/1 "/>
</bind>
</comp>

<comp id="84" class="1004" name="empty_29_fu_84">
<pin_list>
<pin id="85" dir="0" index="0" bw="1" slack="0"/>
<pin id="86" dir="0" index="1" bw="31" slack="0"/>
<pin id="87" dir="0" index="2" bw="31" slack="0"/>
<pin id="88" dir="1" index="3" bw="31" slack="1"/>
</pin_list>
<bind>
<opcode="select(49) " fcode="select"/>
<opset="empty_29/1 "/>
</bind>
</comp>

<comp id="92" class="1004" name="trunc_ln_fu_92">
<pin_list>
<pin id="93" dir="0" index="0" bw="62" slack="0"/>
<pin id="94" dir="0" index="1" bw="64" slack="0"/>
<pin id="95" dir="0" index="2" bw="3" slack="0"/>
<pin id="96" dir="0" index="3" bw="7" slack="0"/>
<pin id="97" dir="1" index="4" bw="62" slack="0"/>
</pin_list>
<bind>
<opcode="partselect(1002) " fcode="partselect"/>
<opset="trunc_ln/2 "/>
</bind>
</comp>

<comp id="102" class="1004" name="sext_ln93_fu_102">
<pin_list>
<pin id="103" dir="0" index="0" bw="62" slack="0"/>
<pin id="104" dir="1" index="1" bw="64" slack="0"/>
</pin_list>
<bind>
<opcode="sext(35) " fcode="sext"/>
<opset="sext_ln93/2 "/>
</bind>
</comp>

<comp id="106" class="1004" name="gmem1_addr_fu_106">
<pin_list>
<pin id="107" dir="0" index="0" bw="64" slack="0"/>
<pin id="108" dir="0" index="1" bw="64" slack="0"/>
<pin id="109" dir="1" index="2" bw="64" slack="0"/>
</pin_list>
<bind>
<opcode="getelementptr(29) " fcode="getelementptr"/>
<opset="gmem1_addr/2 "/>
</bind>
</comp>

<comp id="113" class="1004" name="zext_ln93_fu_113">
<pin_list>
<pin id="114" dir="0" index="0" bw="31" slack="1"/>
<pin id="115" dir="1" index="1" bw="32" slack="0"/>
</pin_list>
<bind>
<opcode="zext(34) " fcode="zext"/>
<opset="zext_ln93/2 "/>
</bind>
</comp>

<comp id="117" class="1005" name="size_read_reg_117">
<pin_list>
<pin id="118" dir="0" index="0" bw="32" slack="71"/>
<pin id="119" dir="1" index="1" bw="32" slack="71"/>
</pin_list>
<bind>
<opset="size_read "/>
</bind>
</comp>

<comp id="122" class="1005" name="empty_29_reg_122">
<pin_list>
<pin id="123" dir="0" index="0" bw="31" slack="1"/>
<pin id="124" dir="1" index="1" bw="31" slack="1"/>
</pin_list>
<bind>
<opset="empty_29 "/>
</bind>
</comp>

<comp id="127" class="1005" name="trunc_ln_reg_127">
<pin_list>
<pin id="128" dir="0" index="0" bw="62" slack="70"/>
<pin id="129" dir="1" index="1" bw="62" slack="70"/>
</pin_list>
<bind>
<opset="trunc_ln "/>
</bind>
</comp>

<comp id="132" class="1005" name="gmem1_addr_reg_132">
<pin_list>
<pin id="133" dir="0" index="0" bw="32" slack="1"/>
<pin id="134" dir="1" index="1" bw="32" slack="1"/>
</pin_list>
<bind>
<opset="gmem1_addr "/>
</bind>
</comp>

<comp id="137" class="1005" name="zext_ln93_reg_137">
<pin_list>
<pin id="138" dir="0" index="0" bw="32" slack="1"/>
<pin id="139" dir="1" index="1" bw="32" slack="1"/>
</pin_list>
<bind>
<opset="zext_ln93 "/>
</bind>
</comp>

</comp_list>

<net_list>
<net id="50"><net_src comp="8" pin="0"/><net_sink comp="46" pin=0"/></net>

<net id="51"><net_src comp="4" pin="0"/><net_sink comp="46" pin=1"/></net>

<net id="56"><net_src comp="14" pin="0"/><net_sink comp="52" pin=0"/></net>

<net id="57"><net_src comp="2" pin="0"/><net_sink comp="52" pin=1"/></net>

<net id="63"><net_src comp="22" pin="0"/><net_sink comp="58" pin=0"/></net>

<net id="71"><net_src comp="26" pin="0"/><net_sink comp="64" pin=0"/></net>

<net id="72"><net_src comp="0" pin="0"/><net_sink comp="64" pin=1"/></net>

<net id="73"><net_src comp="6" pin="0"/><net_sink comp="64" pin=4"/></net>

<net id="77"><net_src comp="46" pin="2"/><net_sink comp="74" pin=0"/></net>

<net id="82"><net_src comp="46" pin="2"/><net_sink comp="78" pin=0"/></net>

<net id="83"><net_src comp="10" pin="0"/><net_sink comp="78" pin=1"/></net>

<net id="89"><net_src comp="78" pin="2"/><net_sink comp="84" pin=0"/></net>

<net id="90"><net_src comp="74" pin="1"/><net_sink comp="84" pin=1"/></net>

<net id="91"><net_src comp="12" pin="0"/><net_sink comp="84" pin=2"/></net>

<net id="98"><net_src comp="16" pin="0"/><net_sink comp="92" pin=0"/></net>

<net id="99"><net_src comp="52" pin="2"/><net_sink comp="92" pin=1"/></net>

<net id="100"><net_src comp="18" pin="0"/><net_sink comp="92" pin=2"/></net>

<net id="101"><net_src comp="20" pin="0"/><net_sink comp="92" pin=3"/></net>

<net id="105"><net_src comp="92" pin="4"/><net_sink comp="102" pin=0"/></net>

<net id="110"><net_src comp="0" pin="0"/><net_sink comp="106" pin=0"/></net>

<net id="111"><net_src comp="102" pin="1"/><net_sink comp="106" pin=1"/></net>

<net id="112"><net_src comp="106" pin="2"/><net_sink comp="58" pin=1"/></net>

<net id="116"><net_src comp="113" pin="1"/><net_sink comp="58" pin=2"/></net>

<net id="120"><net_src comp="46" pin="2"/><net_sink comp="117" pin=0"/></net>

<net id="121"><net_src comp="117" pin="1"/><net_sink comp="64" pin=3"/></net>

<net id="125"><net_src comp="84" pin="3"/><net_sink comp="122" pin=0"/></net>

<net id="126"><net_src comp="122" pin="1"/><net_sink comp="113" pin=0"/></net>

<net id="130"><net_src comp="92" pin="4"/><net_sink comp="127" pin=0"/></net>

<net id="131"><net_src comp="127" pin="1"/><net_sink comp="64" pin=2"/></net>

<net id="135"><net_src comp="106" pin="2"/><net_sink comp="132" pin=0"/></net>

<net id="136"><net_src comp="132" pin="1"/><net_sink comp="58" pin=1"/></net>

<net id="140"><net_src comp="113" pin="1"/><net_sink comp="137" pin=0"/></net>

<net id="141"><net_src comp="137" pin="1"/><net_sink comp="58" pin=2"/></net>

</net_list>

</model> 
---------------- Datapath Model END ------------------

* FSMD analyzer results:
  - Output states:
	Port: gmem1 | {}
	Port: in2_stream | {72 73 }
 - Input state : 
	Port: load_input.1 : gmem1 | {2 3 4 5 6 7 8 9 10 11 12 13 14 15 16 17 18 19 20 21 22 23 24 25 26 27 28 29 30 31 32 33 34 35 36 37 38 39 40 41 42 43 44 45 46 47 48 49 50 51 52 53 54 55 56 57 58 59 60 61 62 63 64 65 66 67 68 69 70 71 72 73 }
	Port: load_input.1 : in_r | {2 }
	Port: load_input.1 : size | {1 }
	Port: load_input.1 : in2_stream | {}
  - Chain level:
	State 1
		empty_29 : 1
	State 2
		sext_ln93 : 1
		gmem1_addr : 2
		empty_30 : 3
	State 3
	State 4
	State 5
	State 6
	State 7
	State 8
	State 9
	State 10
	State 11
	State 12
	State 13
	State 14
	State 15
	State 16
	State 17
	State 18
	State 19
	State 20
	State 21
	State 22
	State 23
	State 24
	State 25
	State 26
	State 27
	State 28
	State 29
	State 30
	State 31
	State 32
	State 33
	State 34
	State 35
	State 36
	State 37
	State 38
	State 39
	State 40
	State 41
	State 42
	State 43
	State 44
	State 45
	State 46
	State 47
	State 48
	State 49
	State 50
	State 51
	State 52
	State 53
	State 54
	State 55
	State 56
	State 57
	State 58
	State 59
	State 60
	State 61
	State 62
	State 63
	State 64
	State 65
	State 66
	State 67
	State 68
	State 69
	State 70
	State 71
	State 72
	State 73


============================================================
+ Verbose Summary: Datapath Resource usage 
============================================================

* Functional unit list:
|----------|----------------------------------------|---------|---------|
| Operation|             Functional Unit            |    FF   |   LUT   |
|----------|----------------------------------------|---------|---------|
|   call   | grp_load_input_1_Pipeline_mem_rd_fu_64 |   128   |    58   |
|----------|----------------------------------------|---------|---------|
|  select  |             empty_29_fu_84             |    0    |    31   |
|----------|----------------------------------------|---------|---------|
|   icmp   |             icmp_ln93_fu_78            |    0    |    20   |
|----------|----------------------------------------|---------|---------|
|   read   |          size_read_read_fu_46          |    0    |    0    |
|          |           in_read_read_fu_52           |    0    |    0    |
|----------|----------------------------------------|---------|---------|
|  readreq |            grp_readreq_fu_58           |    0    |    0    |
|----------|----------------------------------------|---------|---------|
|   trunc  |               empty_fu_74              |    0    |    0    |
|----------|----------------------------------------|---------|---------|
|partselect|             trunc_ln_fu_92             |    0    |    0    |
|----------|----------------------------------------|---------|---------|
|   sext   |            sext_ln93_fu_102            |    0    |    0    |
|----------|----------------------------------------|---------|---------|
|   zext   |            zext_ln93_fu_113            |    0    |    0    |
|----------|----------------------------------------|---------|---------|
|   Total  |                                        |   128   |   109   |
|----------|----------------------------------------|---------|---------|

Memories:
N/A

* Register list:
+------------------+--------+
|                  |   FF   |
+------------------+--------+
| empty_29_reg_122 |   31   |
|gmem1_addr_reg_132|   32   |
| size_read_reg_117|   32   |
| trunc_ln_reg_127 |   62   |
| zext_ln93_reg_137|   32   |
+------------------+--------+
|       Total      |   189  |
+------------------+--------+

* Multiplexer (MUX) list: 
|-------------------|------|------|------|--------||---------||---------|
|        Comp       |  Pin | Size |  BW  | S x BW ||  Delay  ||   LUT   |
|-------------------|------|------|------|--------||---------||---------|
| grp_readreq_fu_58 |  p1  |   2  |  32  |   64   ||    9    |
| grp_readreq_fu_58 |  p2  |   2  |  31  |   62   ||    9    |
|-------------------|------|------|------|--------||---------||---------|
|       Total       |      |      |      |   126  ||  0.774  ||    18   |
|-------------------|------|------|------|--------||---------||---------|



* Summary:
+-----------+--------+--------+--------+
|           |  Delay |   FF   |   LUT  |
+-----------+--------+--------+--------+
|  Function |    -   |   128  |   109  |
|   Memory  |    -   |    -   |    -   |
|Multiplexer|    0   |    -   |   18   |
|  Register |    -   |   189  |    -   |
+-----------+--------+--------+--------+
|   Total   |    0   |   317  |   127  |
+-----------+--------+--------+--------+
