20:15:18 DEBUG : Logs will be stored at '/home/cnic/wz/workspace/scoring_unit/IDE.log'.
20:15:18 INFO  : Launching XSCT server: xsct -n  -interactive /home/cnic/wz/workspace/scoring_unit/temp_xsdb_launch_script.tcl
20:15:19 INFO  : Registering command handlers for Vitis TCF services
20:15:19 INFO  : Platform repository initialization has completed.
20:15:19 INFO  : XSCT server has started successfully.
20:15:19 INFO  : Successfully done setting XSCT server connection channel  
20:15:19 INFO  : Successfully done setting workspace for the tool. 
20:15:19 INFO  : Successfully done query RDI_DATADIR 
20:15:20 INFO  : plnx-install-location is set to ''
20:19:45 DEBUG : Logs will be stored at '/home/cnic/wz/workspace/scoring_unit/IDE.log'.
20:19:45 INFO  : Launching XSCT server: xsct -n  -interactive /home/cnic/wz/workspace/scoring_unit/temp_xsdb_launch_script.tcl
20:19:46 INFO  : Platform repository initialization has completed.
20:19:46 INFO  : XSCT server has started successfully.
20:19:46 INFO  : plnx-install-location is set to ''
20:19:46 INFO  : Successfully done setting XSCT server connection channel  
20:19:46 INFO  : Successfully done setting workspace for the tool. 
20:19:46 INFO  : Successfully done query RDI_DATADIR 
20:19:46 INFO  : Registering command handlers for Vitis TCF services
10:43:11 DEBUG : Logs will be stored at '/home/cnic/wz/workspace/scoring_unit/IDE.log'.
10:43:11 INFO  : Launching XSCT server: xsct -n  -interactive /home/cnic/wz/workspace/scoring_unit/temp_xsdb_launch_script.tcl
10:43:12 INFO  : Platform repository initialization has completed.
10:43:13 INFO  : Registering command handlers for Vitis TCF services
10:43:13 INFO  : XSCT server has started successfully.
10:43:13 INFO  : Successfully done setting XSCT server connection channel  
10:43:14 INFO  : Successfully done setting workspace for the tool. 
10:43:14 INFO  : plnx-install-location is set to ''
10:43:14 INFO  : Successfully done query RDI_DATADIR 
