INFO: [v++ 60-1306] Additional information associated with this v++ compile can be found at:
	Reports: /home/cnic/wz/workspace/multi_scoring_kernels/Emulation-HW/build/reports/krnl_scoring
	Log files: /home/cnic/wz/workspace/multi_scoring_kernels/Emulation-HW/build/logs/krnl_scoring
INFO: [v++ 60-1548] Creating build summary session with primary output /home/cnic/wz/workspace/multi_scoring_kernels/Emulation-HW/build/krnl_scoring.xo.compile_summary, at Wed Mar 27 18:57:58 2024
INFO: [v++ 60-1315] Creating rulecheck session with output '/home/cnic/wz/workspace/multi_scoring_kernels/Emulation-HW/build/reports/krnl_scoring/krnl_scoring_guidance.html', at Wed Mar 27 18:57:58 2024
INFO: [v++ 60-895]   Target platform: /opt/xilinx/platforms/xilinx_u280_gen3x16_xdma_1_202211_1/xilinx_u280_gen3x16_xdma_1_202211_1.xpfm
INFO: [v++ 60-1578]   This platform contains Xilinx Shell Archive '/opt/xilinx/platforms/xilinx_u280_gen3x16_xdma_1_202211_1/hw/hw.xsa'
INFO: [v++ 74-78] Compiler Version string: 2022.2
INFO: [v++ 60-585] Compiling for hardware emulation target
INFO: [v++ 60-423]   Target device: xilinx_u280_gen3x16_xdma_1_202211_1
INFO: [v++ 60-242] Creating kernel: 'krnl_scoring'

===>The following messages were generated while  performing high-level synthesis for kernel: krnl_scoring Log file: /home/cnic/wz/workspace/multi_scoring_kernels/Emulation-HW/build/krnl_scoring/krnl_scoring/vitis_hls.log :
INFO: [v++ 204-61] Pipelining loop 'mem_rd'.
INFO: [v++ 200-1470] Pipelining result : Target II = NA, Final II = 1, Depth = 3, loop 'mem_rd'
INFO: [v++ 204-61] Pipelining loop 'mem_rd'.
INFO: [v++ 200-1470] Pipelining result : Target II = NA, Final II = 1, Depth = 3, loop 'mem_rd'
INFO: [v++ 204-61] Pipelining loop 'VITIS_LOOP_36_1'.
INFO: [v++ 200-1470] Pipelining result : Target II = NA, Final II = 7, Depth = 21, loop 'VITIS_LOOP_36_1'
INFO: [v++ 204-61] Pipelining loop 'VITIS_LOOP_24_1'.
INFO: [v++ 200-1470] Pipelining result : Target II = NA, Final II = 7, Depth = 16, loop 'VITIS_LOOP_24_1'
INFO: [v++ 204-61] Pipelining loop 'VITIS_LOOP_15_1'.
INFO: [v++ 200-1470] Pipelining result : Target II = NA, Final II = 7, Depth = 14, loop 'VITIS_LOOP_15_1'
INFO: [v++ 200-789] **** Estimated Fmax: 411.00 MHz
INFO: [v++ 60-594] Finished kernel compilation
INFO: [v++ 60-244] Generating system estimate report...
INFO: [v++ 60-1092] Generated system estimate report: /home/cnic/wz/workspace/multi_scoring_kernels/Emulation-HW/build/reports/krnl_scoring/system_estimate_krnl_scoring.xtxt
INFO: [v++ 60-586] Created build/krnl_scoring.xo
INFO: [v++ 60-2343] Use the vitis_analyzer tool to visualize and navigate the relevant reports. Run the following command. 
    vitis_analyzer /home/cnic/wz/workspace/multi_scoring_kernels/Emulation-HW/build/krnl_scoring.xo.compile_summary 
INFO: [v++ 60-791] Total elapsed time: 0h 0m 40s
