Mon Mar 25 16:41:08 2024: Running xcd server. This server was built by gradle.
Mon Mar 25 16:41:08 2024: Server was asked to start on port: '38143'
Mon Mar 25 16:41:08 2024: Server is using token UUID: 'ef94792d-1f37-4738-8a2e-968ef4db83d4'
Mon Mar 25 16:41:08 2024: SESSION_MGR: creating session with session uuid: '6d04a3e9-ade5-4ab9-8d63-1f78fcd2ec76' and name 'default'
Mon Mar 25 16:41:08 2024: Attempting to start server on port '38143'
Mon Mar 25 16:41:08 2024: XCD main fifo: created main fifo '/tmp/xcdmainef94792d-1f37-4738-8a2e-968ef4db83d4', fd read = 14
Mon Mar 25 16:41:08 2024: Running Dispatch Server
Mon Mar 25 16:41:08 2024: Version 2.2.0
Mon Mar 25 16:41:18 2024: Dispatch Server: Accepted socket connection from client
Mon Mar 25 16:41:18 2024: Starting Socket connection
Mon Mar 25 16:41:18 2024: EXCHANGE_TOKEN received, server token: ef94792d-1f37-4738-8a2e-968ef4db83d4, passed token: ef94792d-1f37-4738-8a2e-968ef4db83d4
Mon Mar 25 16:41:18 2024: DISPATCH_HANDLER: Adding handler from function makeHandler in library libxv_system_diagram
Mon Mar 25 16:41:18 2024: SESSION_MGR: creating session with session uuid: '16ba89ba-f211-4db9-a791-750f18136b79' and name 'krnl_vadd'
Mon Mar 25 16:41:18 2024: KERNEL_SVC: creating session with uuid: '16ba89ba-f211-4db9-a791-750f18136b79' and name 'krnl_vadd'
Mon Mar 25 16:41:18 2024: GUIDANCE_SMGR: creating guidance session with uuid: '16ba89ba-f211-4db9-a791-750f18136b79' and name 'krnl_vadd'
Mon Mar 25 16:41:18 2024: SYSTEM_DIAGRAM: creating session with uuid: '16ba89ba-f211-4db9-a791-750f18136b79' and name 'krnl_vadd'
Mon Mar 25 16:41:24 2024: Dispatch Server: Accepted socket connection from client
Mon Mar 25 16:41:24 2024: Starting Socket connection
Mon Mar 25 16:41:45 2024: SESSION_MGR: closing session for UUID '16ba89ba-f211-4db9-a791-750f18136b79' with name 'krnl_vadd'
Mon Mar 25 16:41:45 2024: KERNEL_SVC: closing session for UUID '16ba89ba-f211-4db9-a791-750f18136b79' with name 'krnl_vadd'
Mon Mar 25 16:41:45 2024: GUIDANCE_SMGR: closing session for UUID '16ba89ba-f211-4db9-a791-750f18136b79' with name 'krnl_vadd'
Mon Mar 25 16:41:45 2024: SYSTEM_DIAGRAM: closing session for UUID '16ba89ba-f211-4db9-a791-750f18136b79' with name 'krnl_vadd'
Mon Mar 25 16:41:45 2024: STOP_SERVER received, server token: ef94792d-1f37-4738-8a2e-968ef4db83d4, passed token: ef94792d-1f37-4738-8a2e-968ef4db83d4
Mon Mar 25 16:41:45 2024: Socket received request to stop server.
Mon Mar 25 16:41:45 2024: Dispatch Server: do_await_stop
Mon Mar 25 16:41:45 2024: Dispatch Server: stopping mainFifo_
Mon Mar 25 16:41:45 2024: XCD main fifo: Stopping
Mon Mar 25 16:41:45 2024: XCD main fifo: do_read error code: Operation canceled
Mon Mar 25 16:41:45 2024: XCD main fifo: bytes_transferred: 0
Mon Mar 25 16:41:45 2024: SERVER: destructor for server bound to port 38143
Mon Mar 25 16:41:45 2024: XCD main fifo: Good unlink of /tmp/xcdmainef94792d-1f37-4738-8a2e-968ef4db83d4
Mon Mar 25 16:41:45 2024: Server exiting with status 0.
Mon Mar 25 16:41:45 2024: Closing log file.
