

================================================================
== Vitis HLS Report for 'Block_entry17_proc'
================================================================
* Date:           Wed Mar 27 18:58:09 2024

* Version:        2022.2 (Build 3670227 on Oct 13 2022)
* Project:        krnl_scoring
* Solution:       solution (Vitis Kernel Flow Target)
* Product family: virtexuplus
* Target device:  xcu280-fsvh2892-2L-e


================================================================
== Performance Estimates
================================================================
+ Timing: 
    * Summary: 
    +--------+---------+----------+------------+
    |  Clock |  Target | Estimated| Uncertainty|
    +--------+---------+----------+------------+
    |ap_clk  |  3.33 ns|  2.433 ns|     0.90 ns|
    +--------+---------+----------+------------+

+ Latency: 
    * Summary: 
    +---------+---------+----------+----------+-----+-----+---------+
    |  Latency (cycles) |  Latency (absolute) |  Interval | Pipeline|
    |   min   |   max   |    min   |    max   | min | max |   Type  |
    +---------+---------+----------+----------+-----+-----+---------+
    |        ?|        ?|         ?|         ?|    ?|    ?|       no|
    +---------+---------+----------+----------+-----+-----+---------+

    + Detail: 
        * Instance: 
        N/A

        * Loop: 
        N/A

============================================================
+ Verbose Summary: Synthesis Manager
============================================================
InlineROM: 1
ExposeGlobal: 0
============================================================
+ Verbose Summary: CDFG Model
============================================================
IsTopModel: 0
ResetActiveHigh: 1
IsCombinational: 2
IsDatapathOnly: 0
HasWiredReturn: 1
HasMFsm: 0
HasVarLatency: 1
IsPipeline: 0
IsRtlPipelined: 0
IsInstanceOverlapped: 0
IsDontTouch: 0
HasImplIP: 0
IsGatedGlobalClock: 0


============================================================
+ Verbose Summary: Schedule
============================================================
* Number of FSM states : 73
* Pipeline : 0
* Dataflow Pipeline: 0

* FSM state transitions: 
1 --> 2 3 4 
2 --> 4 
3 --> 4 
4 --> 5 
5 --> 6 
6 --> 7 
7 --> 8 
8 --> 9 
9 --> 10 
10 --> 11 
11 --> 12 
12 --> 13 
13 --> 14 
14 --> 15 
15 --> 16 
16 --> 17 
17 --> 18 
18 --> 19 
19 --> 20 
20 --> 21 
21 --> 22 
22 --> 23 
23 --> 24 
24 --> 25 
25 --> 26 
26 --> 27 
27 --> 28 
28 --> 29 
29 --> 30 
30 --> 31 
31 --> 32 
32 --> 33 
33 --> 34 
34 --> 35 
35 --> 36 
36 --> 37 
37 --> 38 
38 --> 39 
39 --> 40 
40 --> 41 
41 --> 42 
42 --> 43 
43 --> 44 
44 --> 45 
45 --> 46 
46 --> 47 
47 --> 48 
48 --> 49 
49 --> 50 
50 --> 51 
51 --> 52 
52 --> 53 
53 --> 54 
54 --> 55 
55 --> 56 
56 --> 57 
57 --> 58 
58 --> 59 
59 --> 60 
60 --> 61 
61 --> 62 
62 --> 63 
63 --> 64 
64 --> 65 
65 --> 66 
66 --> 67 
67 --> 68 
68 --> 69 
69 --> 70 
70 --> 71 
71 --> 72 
72 --> 73 
73 --> 

* FSM state operations: 

State 1 <SV = 0> <Delay = 1.55>
ST_1 : Operation 74 [1/1] (0.00ns)   --->   "%specinterface_ln0 = specinterface void @_ssdm_op_SpecInterface, i32 %size, void @ap_fifo_str, i32 0, i32 0, void @p_str, i32 0, i32 0, void @p_str, void @p_str, void @p_str, i32 2, i32 2, i32 16, i32 16, void @p_str, void @ScalarProp_str, i32 4294967295, i32 0"   --->   Operation 74 'specinterface' 'specinterface_ln0' <Predicate = true> <Delay = 0.00>
ST_1 : Operation 75 [1/1] (1.21ns)   --->   "%size_read = read i32 @_ssdm_op_Read.ap_fifo.i32P0A, i32 %size"   --->   Operation 75 'read' 'size_read' <Predicate = true> <Delay = 1.21> <CoreInst = "FIFO_SRL">   --->   Core 81 'FIFO_SRL' <Latency = 0> <II = 1> <Delay = 1.39> <Storage> <Opcode : 'read' 'write' 'nbread' 'nbwrite'> <Ports = 0> <Width = 32> <Depth = 2> <FIFO>
ST_1 : Operation 76 [1/1] (0.00ns)   --->   "%specinterface_ln0 = specinterface void @_ssdm_op_SpecInterface, i64 %out_r, void @ap_fifo_str, i32 0, i32 0, void @p_str, i32 0, i32 0, void @p_str, void @p_str, void @p_str, i32 2, i32 2, i32 16, i32 16, void @p_str, void @ScalarProp_str, i32 4294967295, i32 0"   --->   Operation 76 'specinterface' 'specinterface_ln0' <Predicate = true> <Delay = 0.00>
ST_1 : Operation 77 [1/1] (1.21ns)   --->   "%out_r_read = read i64 @_ssdm_op_Read.ap_fifo.i64P0A, i64 %out_r"   --->   Operation 77 'read' 'out_r_read' <Predicate = true> <Delay = 1.21> <CoreInst = "FIFO_SRL">   --->   Core 81 'FIFO_SRL' <Latency = 0> <II = 1> <Delay = 1.41> <Storage> <Opcode : 'read' 'write' 'nbread' 'nbwrite'> <Ports = 0> <Width = 64> <Depth = 3> <FIFO>
ST_1 : Operation 78 [1/1] (0.00ns)   --->   "%specinterface_ln0 = specinterface void @_ssdm_op_SpecInterface, i32 %type_r, void @ap_fifo_str, i32 0, i32 0, void @p_str, i32 0, i32 0, void @p_str, void @p_str, void @p_str, i32 2, i32 2, i32 16, i32 16, void @p_str, void @ScalarProp_str, i32 4294967295, i32 0"   --->   Operation 78 'specinterface' 'specinterface_ln0' <Predicate = true> <Delay = 0.00>
ST_1 : Operation 79 [1/1] (1.21ns)   --->   "%type_r_read = read i32 @_ssdm_op_Read.ap_fifo.i32P0A, i32 %type_r"   --->   Operation 79 'read' 'type_r_read' <Predicate = true> <Delay = 1.21> <CoreInst = "FIFO_SRL">   --->   Core 81 'FIFO_SRL' <Latency = 0> <II = 1> <Delay = 1.46> <Storage> <Opcode : 'read' 'write' 'nbread' 'nbwrite'> <Ports = 0> <Width = 32> <Depth = 3> <FIFO>
ST_1 : Operation 80 [1/1] (0.00ns)   --->   "%specinterface_ln0 = specinterface void @_ssdm_op_SpecInterface, i32 %gmem0, void @empty_1, i32 0, i32 0, void @empty_2, i32 64, i32 0, void @empty_20, void @empty_19, void @empty_2, i32 16, i32 16, i32 16, i32 16, void @empty_2, void @empty_2, i32 4294967295, i32 0"   --->   Operation 80 'specinterface' 'specinterface_ln0' <Predicate = true> <Delay = 0.00>
ST_1 : Operation 81 [1/1] (0.00ns)   --->   "%specinterface_ln0 = specinterface void @_ssdm_op_SpecInterface, i32 %in1_stream, void @empty_14, i32 0, i32 0, void @empty_2, i32 0, i32 0, void @empty_2, void @empty_2, void @empty_2, i32 0, i32 0, i32 0, i32 0, void @empty_2, void @empty_2, i32 4294967295, i32 0"   --->   Operation 81 'specinterface' 'specinterface_ln0' <Predicate = true> <Delay = 0.00>
ST_1 : Operation 82 [1/1] (0.00ns)   --->   "%specinterface_ln0 = specinterface void @_ssdm_op_SpecInterface, i32 %in1_stream, void @empty_14, i32 0, i32 0, void @empty_2, i32 0, i32 0, void @empty_2, void @empty_2, void @empty_2, i32 0, i32 0, i32 0, i32 0, void @empty_2, void @empty_2, i32 4294967295, i32 0"   --->   Operation 82 'specinterface' 'specinterface_ln0' <Predicate = true> <Delay = 0.00>
ST_1 : Operation 83 [1/1] (0.00ns)   --->   "%specinterface_ln0 = specinterface void @_ssdm_op_SpecInterface, i32 %in1_stream, void @empty_14, i32 0, i32 0, void @empty_2, i32 0, i32 0, void @empty_2, void @empty_2, void @empty_2, i32 0, i32 0, i32 0, i32 0, void @empty_2, void @empty_2, i32 4294967295, i32 0"   --->   Operation 83 'specinterface' 'specinterface_ln0' <Predicate = true> <Delay = 0.00>
ST_1 : Operation 84 [1/1] (0.00ns)   --->   "%specinterface_ln0 = specinterface void @_ssdm_op_SpecInterface, i32 %in1_stream, void @empty_14, i32 0, i32 0, void @empty_2, i32 0, i32 0, void @empty_2, void @empty_2, void @empty_2, i32 0, i32 0, i32 0, i32 0, void @empty_2, void @empty_2, i32 4294967295, i32 0"   --->   Operation 84 'specinterface' 'specinterface_ln0' <Predicate = true> <Delay = 0.00>
ST_1 : Operation 85 [1/1] (0.00ns)   --->   "%specinterface_ln0 = specinterface void @_ssdm_op_SpecInterface, i32 %in1_stream, void @empty_14, i32 0, i32 0, void @empty_2, i32 0, i32 0, void @empty_2, void @empty_2, void @empty_2, i32 0, i32 0, i32 0, i32 0, void @empty_2, void @empty_2, i32 4294967295, i32 0"   --->   Operation 85 'specinterface' 'specinterface_ln0' <Predicate = true> <Delay = 0.00>
ST_1 : Operation 86 [1/1] (0.00ns)   --->   "%specinterface_ln0 = specinterface void @_ssdm_op_SpecInterface, i32 %in2_stream, void @empty_14, i32 0, i32 0, void @empty_2, i32 0, i32 0, void @empty_2, void @empty_2, void @empty_2, i32 0, i32 0, i32 0, i32 0, void @empty_2, void @empty_2, i32 4294967295, i32 0"   --->   Operation 86 'specinterface' 'specinterface_ln0' <Predicate = true> <Delay = 0.00>
ST_1 : Operation 87 [1/1] (0.00ns)   --->   "%specinterface_ln0 = specinterface void @_ssdm_op_SpecInterface, i32 %in2_stream, void @empty_14, i32 0, i32 0, void @empty_2, i32 0, i32 0, void @empty_2, void @empty_2, void @empty_2, i32 0, i32 0, i32 0, i32 0, void @empty_2, void @empty_2, i32 4294967295, i32 0"   --->   Operation 87 'specinterface' 'specinterface_ln0' <Predicate = true> <Delay = 0.00>
ST_1 : Operation 88 [1/1] (0.00ns)   --->   "%specinterface_ln0 = specinterface void @_ssdm_op_SpecInterface, i32 %in2_stream, void @empty_14, i32 0, i32 0, void @empty_2, i32 0, i32 0, void @empty_2, void @empty_2, void @empty_2, i32 0, i32 0, i32 0, i32 0, void @empty_2, void @empty_2, i32 4294967295, i32 0"   --->   Operation 88 'specinterface' 'specinterface_ln0' <Predicate = true> <Delay = 0.00>
ST_1 : Operation 89 [1/1] (0.00ns)   --->   "%specinterface_ln0 = specinterface void @_ssdm_op_SpecInterface, i32 %in2_stream, void @empty_14, i32 0, i32 0, void @empty_2, i32 0, i32 0, void @empty_2, void @empty_2, void @empty_2, i32 0, i32 0, i32 0, i32 0, void @empty_2, void @empty_2, i32 4294967295, i32 0"   --->   Operation 89 'specinterface' 'specinterface_ln0' <Predicate = true> <Delay = 0.00>
ST_1 : Operation 90 [1/1] (0.00ns)   --->   "%specinterface_ln0 = specinterface void @_ssdm_op_SpecInterface, i32 %in2_stream, void @empty_14, i32 0, i32 0, void @empty_2, i32 0, i32 0, void @empty_2, void @empty_2, void @empty_2, i32 0, i32 0, i32 0, i32 0, void @empty_2, void @empty_2, i32 4294967295, i32 0"   --->   Operation 90 'specinterface' 'specinterface_ln0' <Predicate = true> <Delay = 0.00>
ST_1 : Operation 91 [1/1] (0.34ns)   --->   "%switch_ln57 = switch i32 %type_r_read, void %Block_entry17_proc.exit, i32 0, void %sw.bb.i, i32 1, void %sw.bb4.i, i32 2, void %sw.bb5.i" [/home/cnic/wz/workspace/multi_scoring_kernels/src/krnl_scoring_unit.cpp:57]   --->   Operation 91 'switch' 'switch_ln57' <Predicate = true> <Delay = 0.34>
ST_1 : Operation 92 [2/2] (0.00ns)   --->   "%call_ln65 = call void @scoring_euclidean, i32 %size_read, i32 %in1_stream, i32 %in2_stream, i32 %result" [/home/cnic/wz/workspace/multi_scoring_kernels/src/krnl_scoring_unit.cpp:65]   --->   Operation 92 'call' 'call_ln65' <Predicate = (type_r_read == 2)> <Delay = 0.00> <CoreType = "Generic">   --->   Core 0 '' <Latency = 0> <II = 1> <Delay = 1.00> <Generic> <Opcode : >
ST_1 : Operation 93 [2/2] (0.00ns)   --->   "%call_ln62 = call void @scoring_cosine, i32 %size_read, i32 %in1_stream, i32 %in2_stream, i32 %result" [/home/cnic/wz/workspace/multi_scoring_kernels/src/krnl_scoring_unit.cpp:62]   --->   Operation 93 'call' 'call_ln62' <Predicate = (type_r_read == 1)> <Delay = 0.00> <CoreType = "Generic">   --->   Core 0 '' <Latency = 0> <II = 1> <Delay = 1.00> <Generic> <Opcode : >

State 2 <SV = 1> <Delay = 0.00>
ST_2 : Operation 94 [1/2] (0.00ns)   --->   "%call_ln65 = call void @scoring_euclidean, i32 %size_read, i32 %in1_stream, i32 %in2_stream, i32 %result" [/home/cnic/wz/workspace/multi_scoring_kernels/src/krnl_scoring_unit.cpp:65]   --->   Operation 94 'call' 'call_ln65' <Predicate = (type_r_read == 2)> <Delay = 0.00> <CoreType = "Generic">   --->   Core 0 '' <Latency = 0> <II = 1> <Delay = 1.00> <Generic> <Opcode : >
ST_2 : Operation 95 [1/1] (0.00ns)   --->   "%br_ln66 = br void %Block_entry17_proc.exit" [/home/cnic/wz/workspace/multi_scoring_kernels/src/krnl_scoring_unit.cpp:66]   --->   Operation 95 'br' 'br_ln66' <Predicate = (type_r_read == 2)> <Delay = 0.00>
ST_2 : Operation 96 [1/2] (0.00ns)   --->   "%call_ln62 = call void @scoring_cosine, i32 %size_read, i32 %in1_stream, i32 %in2_stream, i32 %result" [/home/cnic/wz/workspace/multi_scoring_kernels/src/krnl_scoring_unit.cpp:62]   --->   Operation 96 'call' 'call_ln62' <Predicate = (type_r_read == 1)> <Delay = 0.00> <CoreType = "Generic">   --->   Core 0 '' <Latency = 0> <II = 1> <Delay = 1.00> <Generic> <Opcode : >
ST_2 : Operation 97 [1/1] (0.00ns)   --->   "%br_ln63 = br void %Block_entry17_proc.exit" [/home/cnic/wz/workspace/multi_scoring_kernels/src/krnl_scoring_unit.cpp:63]   --->   Operation 97 'br' 'br_ln63' <Predicate = (type_r_read == 1)> <Delay = 0.00>

State 3 <SV = 1> <Delay = 1.70>
ST_3 : Operation 98 [2/2] (1.70ns)   --->   "%call_ln59 = call void @scoring_product, i32 %size_read, i32 %result, i32 %in1_stream, i32 %in2_stream" [/home/cnic/wz/workspace/multi_scoring_kernels/src/krnl_scoring_unit.cpp:59]   --->   Operation 98 'call' 'call_ln59' <Predicate = true> <Delay = 1.70> <CoreType = "Generic">   --->   Core 0 '' <Latency = 0> <II = 1> <Delay = 1.00> <Generic> <Opcode : >

State 4 <SV = 2> <Delay = 2.43>
ST_4 : Operation 99 [1/2] (0.00ns)   --->   "%call_ln59 = call void @scoring_product, i32 %size_read, i32 %result, i32 %in1_stream, i32 %in2_stream" [/home/cnic/wz/workspace/multi_scoring_kernels/src/krnl_scoring_unit.cpp:59]   --->   Operation 99 'call' 'call_ln59' <Predicate = (type_r_read == 0)> <Delay = 0.00> <CoreType = "Generic">   --->   Core 0 '' <Latency = 0> <II = 1> <Delay = 1.00> <Generic> <Opcode : >
ST_4 : Operation 100 [1/1] (0.00ns)   --->   "%br_ln60 = br void %Block_entry17_proc.exit" [/home/cnic/wz/workspace/multi_scoring_kernels/src/krnl_scoring_unit.cpp:60]   --->   Operation 100 'br' 'br_ln60' <Predicate = (type_r_read == 0)> <Delay = 0.00>
ST_4 : Operation 101 [1/1] (0.00ns)   --->   "%trunc_ln = partselect i62 @_ssdm_op_PartSelect.i62.i64.i32.i32, i64 %out_r_read, i32 2, i32 63" [/home/cnic/wz/workspace/multi_scoring_kernels/src/krnl_scoring_unit.cpp:69]   --->   Operation 101 'partselect' 'trunc_ln' <Predicate = true> <Delay = 0.00>
ST_4 : Operation 102 [1/1] (0.00ns)   --->   "%sext_ln69 = sext i62 %trunc_ln" [/home/cnic/wz/workspace/multi_scoring_kernels/src/krnl_scoring_unit.cpp:69]   --->   Operation 102 'sext' 'sext_ln69' <Predicate = true> <Delay = 0.00>
ST_4 : Operation 103 [1/1] (0.00ns)   --->   "%gmem0_addr = getelementptr i32 %gmem0, i64 %sext_ln69" [/home/cnic/wz/workspace/multi_scoring_kernels/src/krnl_scoring_unit.cpp:69]   --->   Operation 103 'getelementptr' 'gmem0_addr' <Predicate = true> <Delay = 0.00>
ST_4 : Operation 104 [1/1] (2.43ns)   --->   "%gmem0_addr_req = writereq i1 @_ssdm_op_WriteReq.m_axi.i32P1A, i32 %gmem0_addr, i32 1" [/home/cnic/wz/workspace/multi_scoring_kernels/src/krnl_scoring_unit.cpp:69]   --->   Operation 104 'writereq' 'gmem0_addr_req' <Predicate = true> <Delay = 2.43> <CoreInst = "m_axi">   --->   Core 121 'm_axi' <Latency = 0> <II = 1> <Delay = 1.00> <Adapter> <Opcode : 'read' 'write' 'readreq' 'writereq' 'writeresp'>

State 5 <SV = 3> <Delay = 2.43>
ST_5 : Operation 105 [1/1] (0.00ns)   --->   "%result_load = load i32 %result" [/home/cnic/wz/workspace/multi_scoring_kernels/src/krnl_scoring_unit.cpp:69]   --->   Operation 105 'load' 'result_load' <Predicate = true> <Delay = 0.00>
ST_5 : Operation 106 [1/1] (0.00ns)   --->   "%bitcast_ln69 = bitcast i32 %result_load" [/home/cnic/wz/workspace/multi_scoring_kernels/src/krnl_scoring_unit.cpp:69]   --->   Operation 106 'bitcast' 'bitcast_ln69' <Predicate = true> <Delay = 0.00>
ST_5 : Operation 107 [1/1] (2.43ns)   --->   "%write_ln69 = write void @_ssdm_op_Write.m_axi.i32P1A, i32 %gmem0_addr, i32 %bitcast_ln69, i4 15" [/home/cnic/wz/workspace/multi_scoring_kernels/src/krnl_scoring_unit.cpp:69]   --->   Operation 107 'write' 'write_ln69' <Predicate = true> <Delay = 2.43> <CoreInst = "m_axi">   --->   Core 121 'm_axi' <Latency = 0> <II = 1> <Delay = 1.00> <Adapter> <Opcode : 'read' 'write' 'readreq' 'writereq' 'writeresp'>

State 6 <SV = 4> <Delay = 2.43>
ST_6 : Operation 108 [68/68] (2.43ns)   --->   "%gmem0_addr_resp = writeresp i1 @_ssdm_op_WriteResp.m_axi.i32P1A, i32 %gmem0_addr" [/home/cnic/wz/workspace/multi_scoring_kernels/src/krnl_scoring_unit.cpp:69]   --->   Operation 108 'writeresp' 'gmem0_addr_resp' <Predicate = true> <Delay = 2.43> <CoreInst = "m_axi">   --->   Core 121 'm_axi' <Latency = 0> <II = 1> <Delay = 1.00> <Adapter> <Opcode : 'read' 'write' 'readreq' 'writereq' 'writeresp'>

State 7 <SV = 5> <Delay = 2.43>
ST_7 : Operation 109 [67/68] (2.43ns)   --->   "%gmem0_addr_resp = writeresp i1 @_ssdm_op_WriteResp.m_axi.i32P1A, i32 %gmem0_addr" [/home/cnic/wz/workspace/multi_scoring_kernels/src/krnl_scoring_unit.cpp:69]   --->   Operation 109 'writeresp' 'gmem0_addr_resp' <Predicate = true> <Delay = 2.43> <CoreInst = "m_axi">   --->   Core 121 'm_axi' <Latency = 0> <II = 1> <Delay = 1.00> <Adapter> <Opcode : 'read' 'write' 'readreq' 'writereq' 'writeresp'>

State 8 <SV = 6> <Delay = 2.43>
ST_8 : Operation 110 [66/68] (2.43ns)   --->   "%gmem0_addr_resp = writeresp i1 @_ssdm_op_WriteResp.m_axi.i32P1A, i32 %gmem0_addr" [/home/cnic/wz/workspace/multi_scoring_kernels/src/krnl_scoring_unit.cpp:69]   --->   Operation 110 'writeresp' 'gmem0_addr_resp' <Predicate = true> <Delay = 2.43> <CoreInst = "m_axi">   --->   Core 121 'm_axi' <Latency = 0> <II = 1> <Delay = 1.00> <Adapter> <Opcode : 'read' 'write' 'readreq' 'writereq' 'writeresp'>

State 9 <SV = 7> <Delay = 2.43>
ST_9 : Operation 111 [65/68] (2.43ns)   --->   "%gmem0_addr_resp = writeresp i1 @_ssdm_op_WriteResp.m_axi.i32P1A, i32 %gmem0_addr" [/home/cnic/wz/workspace/multi_scoring_kernels/src/krnl_scoring_unit.cpp:69]   --->   Operation 111 'writeresp' 'gmem0_addr_resp' <Predicate = true> <Delay = 2.43> <CoreInst = "m_axi">   --->   Core 121 'm_axi' <Latency = 0> <II = 1> <Delay = 1.00> <Adapter> <Opcode : 'read' 'write' 'readreq' 'writereq' 'writeresp'>

State 10 <SV = 8> <Delay = 2.43>
ST_10 : Operation 112 [64/68] (2.43ns)   --->   "%gmem0_addr_resp = writeresp i1 @_ssdm_op_WriteResp.m_axi.i32P1A, i32 %gmem0_addr" [/home/cnic/wz/workspace/multi_scoring_kernels/src/krnl_scoring_unit.cpp:69]   --->   Operation 112 'writeresp' 'gmem0_addr_resp' <Predicate = true> <Delay = 2.43> <CoreInst = "m_axi">   --->   Core 121 'm_axi' <Latency = 0> <II = 1> <Delay = 1.00> <Adapter> <Opcode : 'read' 'write' 'readreq' 'writereq' 'writeresp'>

State 11 <SV = 9> <Delay = 2.43>
ST_11 : Operation 113 [63/68] (2.43ns)   --->   "%gmem0_addr_resp = writeresp i1 @_ssdm_op_WriteResp.m_axi.i32P1A, i32 %gmem0_addr" [/home/cnic/wz/workspace/multi_scoring_kernels/src/krnl_scoring_unit.cpp:69]   --->   Operation 113 'writeresp' 'gmem0_addr_resp' <Predicate = true> <Delay = 2.43> <CoreInst = "m_axi">   --->   Core 121 'm_axi' <Latency = 0> <II = 1> <Delay = 1.00> <Adapter> <Opcode : 'read' 'write' 'readreq' 'writereq' 'writeresp'>

State 12 <SV = 10> <Delay = 2.43>
ST_12 : Operation 114 [62/68] (2.43ns)   --->   "%gmem0_addr_resp = writeresp i1 @_ssdm_op_WriteResp.m_axi.i32P1A, i32 %gmem0_addr" [/home/cnic/wz/workspace/multi_scoring_kernels/src/krnl_scoring_unit.cpp:69]   --->   Operation 114 'writeresp' 'gmem0_addr_resp' <Predicate = true> <Delay = 2.43> <CoreInst = "m_axi">   --->   Core 121 'm_axi' <Latency = 0> <II = 1> <Delay = 1.00> <Adapter> <Opcode : 'read' 'write' 'readreq' 'writereq' 'writeresp'>

State 13 <SV = 11> <Delay = 2.43>
ST_13 : Operation 115 [61/68] (2.43ns)   --->   "%gmem0_addr_resp = writeresp i1 @_ssdm_op_WriteResp.m_axi.i32P1A, i32 %gmem0_addr" [/home/cnic/wz/workspace/multi_scoring_kernels/src/krnl_scoring_unit.cpp:69]   --->   Operation 115 'writeresp' 'gmem0_addr_resp' <Predicate = true> <Delay = 2.43> <CoreInst = "m_axi">   --->   Core 121 'm_axi' <Latency = 0> <II = 1> <Delay = 1.00> <Adapter> <Opcode : 'read' 'write' 'readreq' 'writereq' 'writeresp'>

State 14 <SV = 12> <Delay = 2.43>
ST_14 : Operation 116 [60/68] (2.43ns)   --->   "%gmem0_addr_resp = writeresp i1 @_ssdm_op_WriteResp.m_axi.i32P1A, i32 %gmem0_addr" [/home/cnic/wz/workspace/multi_scoring_kernels/src/krnl_scoring_unit.cpp:69]   --->   Operation 116 'writeresp' 'gmem0_addr_resp' <Predicate = true> <Delay = 2.43> <CoreInst = "m_axi">   --->   Core 121 'm_axi' <Latency = 0> <II = 1> <Delay = 1.00> <Adapter> <Opcode : 'read' 'write' 'readreq' 'writereq' 'writeresp'>

State 15 <SV = 13> <Delay = 2.43>
ST_15 : Operation 117 [59/68] (2.43ns)   --->   "%gmem0_addr_resp = writeresp i1 @_ssdm_op_WriteResp.m_axi.i32P1A, i32 %gmem0_addr" [/home/cnic/wz/workspace/multi_scoring_kernels/src/krnl_scoring_unit.cpp:69]   --->   Operation 117 'writeresp' 'gmem0_addr_resp' <Predicate = true> <Delay = 2.43> <CoreInst = "m_axi">   --->   Core 121 'm_axi' <Latency = 0> <II = 1> <Delay = 1.00> <Adapter> <Opcode : 'read' 'write' 'readreq' 'writereq' 'writeresp'>

State 16 <SV = 14> <Delay = 2.43>
ST_16 : Operation 118 [58/68] (2.43ns)   --->   "%gmem0_addr_resp = writeresp i1 @_ssdm_op_WriteResp.m_axi.i32P1A, i32 %gmem0_addr" [/home/cnic/wz/workspace/multi_scoring_kernels/src/krnl_scoring_unit.cpp:69]   --->   Operation 118 'writeresp' 'gmem0_addr_resp' <Predicate = true> <Delay = 2.43> <CoreInst = "m_axi">   --->   Core 121 'm_axi' <Latency = 0> <II = 1> <Delay = 1.00> <Adapter> <Opcode : 'read' 'write' 'readreq' 'writereq' 'writeresp'>

State 17 <SV = 15> <Delay = 2.43>
ST_17 : Operation 119 [57/68] (2.43ns)   --->   "%gmem0_addr_resp = writeresp i1 @_ssdm_op_WriteResp.m_axi.i32P1A, i32 %gmem0_addr" [/home/cnic/wz/workspace/multi_scoring_kernels/src/krnl_scoring_unit.cpp:69]   --->   Operation 119 'writeresp' 'gmem0_addr_resp' <Predicate = true> <Delay = 2.43> <CoreInst = "m_axi">   --->   Core 121 'm_axi' <Latency = 0> <II = 1> <Delay = 1.00> <Adapter> <Opcode : 'read' 'write' 'readreq' 'writereq' 'writeresp'>

State 18 <SV = 16> <Delay = 2.43>
ST_18 : Operation 120 [56/68] (2.43ns)   --->   "%gmem0_addr_resp = writeresp i1 @_ssdm_op_WriteResp.m_axi.i32P1A, i32 %gmem0_addr" [/home/cnic/wz/workspace/multi_scoring_kernels/src/krnl_scoring_unit.cpp:69]   --->   Operation 120 'writeresp' 'gmem0_addr_resp' <Predicate = true> <Delay = 2.43> <CoreInst = "m_axi">   --->   Core 121 'm_axi' <Latency = 0> <II = 1> <Delay = 1.00> <Adapter> <Opcode : 'read' 'write' 'readreq' 'writereq' 'writeresp'>

State 19 <SV = 17> <Delay = 2.43>
ST_19 : Operation 121 [55/68] (2.43ns)   --->   "%gmem0_addr_resp = writeresp i1 @_ssdm_op_WriteResp.m_axi.i32P1A, i32 %gmem0_addr" [/home/cnic/wz/workspace/multi_scoring_kernels/src/krnl_scoring_unit.cpp:69]   --->   Operation 121 'writeresp' 'gmem0_addr_resp' <Predicate = true> <Delay = 2.43> <CoreInst = "m_axi">   --->   Core 121 'm_axi' <Latency = 0> <II = 1> <Delay = 1.00> <Adapter> <Opcode : 'read' 'write' 'readreq' 'writereq' 'writeresp'>

State 20 <SV = 18> <Delay = 2.43>
ST_20 : Operation 122 [54/68] (2.43ns)   --->   "%gmem0_addr_resp = writeresp i1 @_ssdm_op_WriteResp.m_axi.i32P1A, i32 %gmem0_addr" [/home/cnic/wz/workspace/multi_scoring_kernels/src/krnl_scoring_unit.cpp:69]   --->   Operation 122 'writeresp' 'gmem0_addr_resp' <Predicate = true> <Delay = 2.43> <CoreInst = "m_axi">   --->   Core 121 'm_axi' <Latency = 0> <II = 1> <Delay = 1.00> <Adapter> <Opcode : 'read' 'write' 'readreq' 'writereq' 'writeresp'>

State 21 <SV = 19> <Delay = 2.43>
ST_21 : Operation 123 [53/68] (2.43ns)   --->   "%gmem0_addr_resp = writeresp i1 @_ssdm_op_WriteResp.m_axi.i32P1A, i32 %gmem0_addr" [/home/cnic/wz/workspace/multi_scoring_kernels/src/krnl_scoring_unit.cpp:69]   --->   Operation 123 'writeresp' 'gmem0_addr_resp' <Predicate = true> <Delay = 2.43> <CoreInst = "m_axi">   --->   Core 121 'm_axi' <Latency = 0> <II = 1> <Delay = 1.00> <Adapter> <Opcode : 'read' 'write' 'readreq' 'writereq' 'writeresp'>

State 22 <SV = 20> <Delay = 2.43>
ST_22 : Operation 124 [52/68] (2.43ns)   --->   "%gmem0_addr_resp = writeresp i1 @_ssdm_op_WriteResp.m_axi.i32P1A, i32 %gmem0_addr" [/home/cnic/wz/workspace/multi_scoring_kernels/src/krnl_scoring_unit.cpp:69]   --->   Operation 124 'writeresp' 'gmem0_addr_resp' <Predicate = true> <Delay = 2.43> <CoreInst = "m_axi">   --->   Core 121 'm_axi' <Latency = 0> <II = 1> <Delay = 1.00> <Adapter> <Opcode : 'read' 'write' 'readreq' 'writereq' 'writeresp'>

State 23 <SV = 21> <Delay = 2.43>
ST_23 : Operation 125 [51/68] (2.43ns)   --->   "%gmem0_addr_resp = writeresp i1 @_ssdm_op_WriteResp.m_axi.i32P1A, i32 %gmem0_addr" [/home/cnic/wz/workspace/multi_scoring_kernels/src/krnl_scoring_unit.cpp:69]   --->   Operation 125 'writeresp' 'gmem0_addr_resp' <Predicate = true> <Delay = 2.43> <CoreInst = "m_axi">   --->   Core 121 'm_axi' <Latency = 0> <II = 1> <Delay = 1.00> <Adapter> <Opcode : 'read' 'write' 'readreq' 'writereq' 'writeresp'>

State 24 <SV = 22> <Delay = 2.43>
ST_24 : Operation 126 [50/68] (2.43ns)   --->   "%gmem0_addr_resp = writeresp i1 @_ssdm_op_WriteResp.m_axi.i32P1A, i32 %gmem0_addr" [/home/cnic/wz/workspace/multi_scoring_kernels/src/krnl_scoring_unit.cpp:69]   --->   Operation 126 'writeresp' 'gmem0_addr_resp' <Predicate = true> <Delay = 2.43> <CoreInst = "m_axi">   --->   Core 121 'm_axi' <Latency = 0> <II = 1> <Delay = 1.00> <Adapter> <Opcode : 'read' 'write' 'readreq' 'writereq' 'writeresp'>

State 25 <SV = 23> <Delay = 2.43>
ST_25 : Operation 127 [49/68] (2.43ns)   --->   "%gmem0_addr_resp = writeresp i1 @_ssdm_op_WriteResp.m_axi.i32P1A, i32 %gmem0_addr" [/home/cnic/wz/workspace/multi_scoring_kernels/src/krnl_scoring_unit.cpp:69]   --->   Operation 127 'writeresp' 'gmem0_addr_resp' <Predicate = true> <Delay = 2.43> <CoreInst = "m_axi">   --->   Core 121 'm_axi' <Latency = 0> <II = 1> <Delay = 1.00> <Adapter> <Opcode : 'read' 'write' 'readreq' 'writereq' 'writeresp'>

State 26 <SV = 24> <Delay = 2.43>
ST_26 : Operation 128 [48/68] (2.43ns)   --->   "%gmem0_addr_resp = writeresp i1 @_ssdm_op_WriteResp.m_axi.i32P1A, i32 %gmem0_addr" [/home/cnic/wz/workspace/multi_scoring_kernels/src/krnl_scoring_unit.cpp:69]   --->   Operation 128 'writeresp' 'gmem0_addr_resp' <Predicate = true> <Delay = 2.43> <CoreInst = "m_axi">   --->   Core 121 'm_axi' <Latency = 0> <II = 1> <Delay = 1.00> <Adapter> <Opcode : 'read' 'write' 'readreq' 'writereq' 'writeresp'>

State 27 <SV = 25> <Delay = 2.43>
ST_27 : Operation 129 [47/68] (2.43ns)   --->   "%gmem0_addr_resp = writeresp i1 @_ssdm_op_WriteResp.m_axi.i32P1A, i32 %gmem0_addr" [/home/cnic/wz/workspace/multi_scoring_kernels/src/krnl_scoring_unit.cpp:69]   --->   Operation 129 'writeresp' 'gmem0_addr_resp' <Predicate = true> <Delay = 2.43> <CoreInst = "m_axi">   --->   Core 121 'm_axi' <Latency = 0> <II = 1> <Delay = 1.00> <Adapter> <Opcode : 'read' 'write' 'readreq' 'writereq' 'writeresp'>

State 28 <SV = 26> <Delay = 2.43>
ST_28 : Operation 130 [46/68] (2.43ns)   --->   "%gmem0_addr_resp = writeresp i1 @_ssdm_op_WriteResp.m_axi.i32P1A, i32 %gmem0_addr" [/home/cnic/wz/workspace/multi_scoring_kernels/src/krnl_scoring_unit.cpp:69]   --->   Operation 130 'writeresp' 'gmem0_addr_resp' <Predicate = true> <Delay = 2.43> <CoreInst = "m_axi">   --->   Core 121 'm_axi' <Latency = 0> <II = 1> <Delay = 1.00> <Adapter> <Opcode : 'read' 'write' 'readreq' 'writereq' 'writeresp'>

State 29 <SV = 27> <Delay = 2.43>
ST_29 : Operation 131 [45/68] (2.43ns)   --->   "%gmem0_addr_resp = writeresp i1 @_ssdm_op_WriteResp.m_axi.i32P1A, i32 %gmem0_addr" [/home/cnic/wz/workspace/multi_scoring_kernels/src/krnl_scoring_unit.cpp:69]   --->   Operation 131 'writeresp' 'gmem0_addr_resp' <Predicate = true> <Delay = 2.43> <CoreInst = "m_axi">   --->   Core 121 'm_axi' <Latency = 0> <II = 1> <Delay = 1.00> <Adapter> <Opcode : 'read' 'write' 'readreq' 'writereq' 'writeresp'>

State 30 <SV = 28> <Delay = 2.43>
ST_30 : Operation 132 [44/68] (2.43ns)   --->   "%gmem0_addr_resp = writeresp i1 @_ssdm_op_WriteResp.m_axi.i32P1A, i32 %gmem0_addr" [/home/cnic/wz/workspace/multi_scoring_kernels/src/krnl_scoring_unit.cpp:69]   --->   Operation 132 'writeresp' 'gmem0_addr_resp' <Predicate = true> <Delay = 2.43> <CoreInst = "m_axi">   --->   Core 121 'm_axi' <Latency = 0> <II = 1> <Delay = 1.00> <Adapter> <Opcode : 'read' 'write' 'readreq' 'writereq' 'writeresp'>

State 31 <SV = 29> <Delay = 2.43>
ST_31 : Operation 133 [43/68] (2.43ns)   --->   "%gmem0_addr_resp = writeresp i1 @_ssdm_op_WriteResp.m_axi.i32P1A, i32 %gmem0_addr" [/home/cnic/wz/workspace/multi_scoring_kernels/src/krnl_scoring_unit.cpp:69]   --->   Operation 133 'writeresp' 'gmem0_addr_resp' <Predicate = true> <Delay = 2.43> <CoreInst = "m_axi">   --->   Core 121 'm_axi' <Latency = 0> <II = 1> <Delay = 1.00> <Adapter> <Opcode : 'read' 'write' 'readreq' 'writereq' 'writeresp'>

State 32 <SV = 30> <Delay = 2.43>
ST_32 : Operation 134 [42/68] (2.43ns)   --->   "%gmem0_addr_resp = writeresp i1 @_ssdm_op_WriteResp.m_axi.i32P1A, i32 %gmem0_addr" [/home/cnic/wz/workspace/multi_scoring_kernels/src/krnl_scoring_unit.cpp:69]   --->   Operation 134 'writeresp' 'gmem0_addr_resp' <Predicate = true> <Delay = 2.43> <CoreInst = "m_axi">   --->   Core 121 'm_axi' <Latency = 0> <II = 1> <Delay = 1.00> <Adapter> <Opcode : 'read' 'write' 'readreq' 'writereq' 'writeresp'>

State 33 <SV = 31> <Delay = 2.43>
ST_33 : Operation 135 [41/68] (2.43ns)   --->   "%gmem0_addr_resp = writeresp i1 @_ssdm_op_WriteResp.m_axi.i32P1A, i32 %gmem0_addr" [/home/cnic/wz/workspace/multi_scoring_kernels/src/krnl_scoring_unit.cpp:69]   --->   Operation 135 'writeresp' 'gmem0_addr_resp' <Predicate = true> <Delay = 2.43> <CoreInst = "m_axi">   --->   Core 121 'm_axi' <Latency = 0> <II = 1> <Delay = 1.00> <Adapter> <Opcode : 'read' 'write' 'readreq' 'writereq' 'writeresp'>

State 34 <SV = 32> <Delay = 2.43>
ST_34 : Operation 136 [40/68] (2.43ns)   --->   "%gmem0_addr_resp = writeresp i1 @_ssdm_op_WriteResp.m_axi.i32P1A, i32 %gmem0_addr" [/home/cnic/wz/workspace/multi_scoring_kernels/src/krnl_scoring_unit.cpp:69]   --->   Operation 136 'writeresp' 'gmem0_addr_resp' <Predicate = true> <Delay = 2.43> <CoreInst = "m_axi">   --->   Core 121 'm_axi' <Latency = 0> <II = 1> <Delay = 1.00> <Adapter> <Opcode : 'read' 'write' 'readreq' 'writereq' 'writeresp'>

State 35 <SV = 33> <Delay = 2.43>
ST_35 : Operation 137 [39/68] (2.43ns)   --->   "%gmem0_addr_resp = writeresp i1 @_ssdm_op_WriteResp.m_axi.i32P1A, i32 %gmem0_addr" [/home/cnic/wz/workspace/multi_scoring_kernels/src/krnl_scoring_unit.cpp:69]   --->   Operation 137 'writeresp' 'gmem0_addr_resp' <Predicate = true> <Delay = 2.43> <CoreInst = "m_axi">   --->   Core 121 'm_axi' <Latency = 0> <II = 1> <Delay = 1.00> <Adapter> <Opcode : 'read' 'write' 'readreq' 'writereq' 'writeresp'>

State 36 <SV = 34> <Delay = 2.43>
ST_36 : Operation 138 [38/68] (2.43ns)   --->   "%gmem0_addr_resp = writeresp i1 @_ssdm_op_WriteResp.m_axi.i32P1A, i32 %gmem0_addr" [/home/cnic/wz/workspace/multi_scoring_kernels/src/krnl_scoring_unit.cpp:69]   --->   Operation 138 'writeresp' 'gmem0_addr_resp' <Predicate = true> <Delay = 2.43> <CoreInst = "m_axi">   --->   Core 121 'm_axi' <Latency = 0> <II = 1> <Delay = 1.00> <Adapter> <Opcode : 'read' 'write' 'readreq' 'writereq' 'writeresp'>

State 37 <SV = 35> <Delay = 2.43>
ST_37 : Operation 139 [37/68] (2.43ns)   --->   "%gmem0_addr_resp = writeresp i1 @_ssdm_op_WriteResp.m_axi.i32P1A, i32 %gmem0_addr" [/home/cnic/wz/workspace/multi_scoring_kernels/src/krnl_scoring_unit.cpp:69]   --->   Operation 139 'writeresp' 'gmem0_addr_resp' <Predicate = true> <Delay = 2.43> <CoreInst = "m_axi">   --->   Core 121 'm_axi' <Latency = 0> <II = 1> <Delay = 1.00> <Adapter> <Opcode : 'read' 'write' 'readreq' 'writereq' 'writeresp'>

State 38 <SV = 36> <Delay = 2.43>
ST_38 : Operation 140 [36/68] (2.43ns)   --->   "%gmem0_addr_resp = writeresp i1 @_ssdm_op_WriteResp.m_axi.i32P1A, i32 %gmem0_addr" [/home/cnic/wz/workspace/multi_scoring_kernels/src/krnl_scoring_unit.cpp:69]   --->   Operation 140 'writeresp' 'gmem0_addr_resp' <Predicate = true> <Delay = 2.43> <CoreInst = "m_axi">   --->   Core 121 'm_axi' <Latency = 0> <II = 1> <Delay = 1.00> <Adapter> <Opcode : 'read' 'write' 'readreq' 'writereq' 'writeresp'>

State 39 <SV = 37> <Delay = 2.43>
ST_39 : Operation 141 [35/68] (2.43ns)   --->   "%gmem0_addr_resp = writeresp i1 @_ssdm_op_WriteResp.m_axi.i32P1A, i32 %gmem0_addr" [/home/cnic/wz/workspace/multi_scoring_kernels/src/krnl_scoring_unit.cpp:69]   --->   Operation 141 'writeresp' 'gmem0_addr_resp' <Predicate = true> <Delay = 2.43> <CoreInst = "m_axi">   --->   Core 121 'm_axi' <Latency = 0> <II = 1> <Delay = 1.00> <Adapter> <Opcode : 'read' 'write' 'readreq' 'writereq' 'writeresp'>

State 40 <SV = 38> <Delay = 2.43>
ST_40 : Operation 142 [34/68] (2.43ns)   --->   "%gmem0_addr_resp = writeresp i1 @_ssdm_op_WriteResp.m_axi.i32P1A, i32 %gmem0_addr" [/home/cnic/wz/workspace/multi_scoring_kernels/src/krnl_scoring_unit.cpp:69]   --->   Operation 142 'writeresp' 'gmem0_addr_resp' <Predicate = true> <Delay = 2.43> <CoreInst = "m_axi">   --->   Core 121 'm_axi' <Latency = 0> <II = 1> <Delay = 1.00> <Adapter> <Opcode : 'read' 'write' 'readreq' 'writereq' 'writeresp'>

State 41 <SV = 39> <Delay = 2.43>
ST_41 : Operation 143 [33/68] (2.43ns)   --->   "%gmem0_addr_resp = writeresp i1 @_ssdm_op_WriteResp.m_axi.i32P1A, i32 %gmem0_addr" [/home/cnic/wz/workspace/multi_scoring_kernels/src/krnl_scoring_unit.cpp:69]   --->   Operation 143 'writeresp' 'gmem0_addr_resp' <Predicate = true> <Delay = 2.43> <CoreInst = "m_axi">   --->   Core 121 'm_axi' <Latency = 0> <II = 1> <Delay = 1.00> <Adapter> <Opcode : 'read' 'write' 'readreq' 'writereq' 'writeresp'>

State 42 <SV = 40> <Delay = 2.43>
ST_42 : Operation 144 [32/68] (2.43ns)   --->   "%gmem0_addr_resp = writeresp i1 @_ssdm_op_WriteResp.m_axi.i32P1A, i32 %gmem0_addr" [/home/cnic/wz/workspace/multi_scoring_kernels/src/krnl_scoring_unit.cpp:69]   --->   Operation 144 'writeresp' 'gmem0_addr_resp' <Predicate = true> <Delay = 2.43> <CoreInst = "m_axi">   --->   Core 121 'm_axi' <Latency = 0> <II = 1> <Delay = 1.00> <Adapter> <Opcode : 'read' 'write' 'readreq' 'writereq' 'writeresp'>

State 43 <SV = 41> <Delay = 2.43>
ST_43 : Operation 145 [31/68] (2.43ns)   --->   "%gmem0_addr_resp = writeresp i1 @_ssdm_op_WriteResp.m_axi.i32P1A, i32 %gmem0_addr" [/home/cnic/wz/workspace/multi_scoring_kernels/src/krnl_scoring_unit.cpp:69]   --->   Operation 145 'writeresp' 'gmem0_addr_resp' <Predicate = true> <Delay = 2.43> <CoreInst = "m_axi">   --->   Core 121 'm_axi' <Latency = 0> <II = 1> <Delay = 1.00> <Adapter> <Opcode : 'read' 'write' 'readreq' 'writereq' 'writeresp'>

State 44 <SV = 42> <Delay = 2.43>
ST_44 : Operation 146 [30/68] (2.43ns)   --->   "%gmem0_addr_resp = writeresp i1 @_ssdm_op_WriteResp.m_axi.i32P1A, i32 %gmem0_addr" [/home/cnic/wz/workspace/multi_scoring_kernels/src/krnl_scoring_unit.cpp:69]   --->   Operation 146 'writeresp' 'gmem0_addr_resp' <Predicate = true> <Delay = 2.43> <CoreInst = "m_axi">   --->   Core 121 'm_axi' <Latency = 0> <II = 1> <Delay = 1.00> <Adapter> <Opcode : 'read' 'write' 'readreq' 'writereq' 'writeresp'>

State 45 <SV = 43> <Delay = 2.43>
ST_45 : Operation 147 [29/68] (2.43ns)   --->   "%gmem0_addr_resp = writeresp i1 @_ssdm_op_WriteResp.m_axi.i32P1A, i32 %gmem0_addr" [/home/cnic/wz/workspace/multi_scoring_kernels/src/krnl_scoring_unit.cpp:69]   --->   Operation 147 'writeresp' 'gmem0_addr_resp' <Predicate = true> <Delay = 2.43> <CoreInst = "m_axi">   --->   Core 121 'm_axi' <Latency = 0> <II = 1> <Delay = 1.00> <Adapter> <Opcode : 'read' 'write' 'readreq' 'writereq' 'writeresp'>

State 46 <SV = 44> <Delay = 2.43>
ST_46 : Operation 148 [28/68] (2.43ns)   --->   "%gmem0_addr_resp = writeresp i1 @_ssdm_op_WriteResp.m_axi.i32P1A, i32 %gmem0_addr" [/home/cnic/wz/workspace/multi_scoring_kernels/src/krnl_scoring_unit.cpp:69]   --->   Operation 148 'writeresp' 'gmem0_addr_resp' <Predicate = true> <Delay = 2.43> <CoreInst = "m_axi">   --->   Core 121 'm_axi' <Latency = 0> <II = 1> <Delay = 1.00> <Adapter> <Opcode : 'read' 'write' 'readreq' 'writereq' 'writeresp'>

State 47 <SV = 45> <Delay = 2.43>
ST_47 : Operation 149 [27/68] (2.43ns)   --->   "%gmem0_addr_resp = writeresp i1 @_ssdm_op_WriteResp.m_axi.i32P1A, i32 %gmem0_addr" [/home/cnic/wz/workspace/multi_scoring_kernels/src/krnl_scoring_unit.cpp:69]   --->   Operation 149 'writeresp' 'gmem0_addr_resp' <Predicate = true> <Delay = 2.43> <CoreInst = "m_axi">   --->   Core 121 'm_axi' <Latency = 0> <II = 1> <Delay = 1.00> <Adapter> <Opcode : 'read' 'write' 'readreq' 'writereq' 'writeresp'>

State 48 <SV = 46> <Delay = 2.43>
ST_48 : Operation 150 [26/68] (2.43ns)   --->   "%gmem0_addr_resp = writeresp i1 @_ssdm_op_WriteResp.m_axi.i32P1A, i32 %gmem0_addr" [/home/cnic/wz/workspace/multi_scoring_kernels/src/krnl_scoring_unit.cpp:69]   --->   Operation 150 'writeresp' 'gmem0_addr_resp' <Predicate = true> <Delay = 2.43> <CoreInst = "m_axi">   --->   Core 121 'm_axi' <Latency = 0> <II = 1> <Delay = 1.00> <Adapter> <Opcode : 'read' 'write' 'readreq' 'writereq' 'writeresp'>

State 49 <SV = 47> <Delay = 2.43>
ST_49 : Operation 151 [25/68] (2.43ns)   --->   "%gmem0_addr_resp = writeresp i1 @_ssdm_op_WriteResp.m_axi.i32P1A, i32 %gmem0_addr" [/home/cnic/wz/workspace/multi_scoring_kernels/src/krnl_scoring_unit.cpp:69]   --->   Operation 151 'writeresp' 'gmem0_addr_resp' <Predicate = true> <Delay = 2.43> <CoreInst = "m_axi">   --->   Core 121 'm_axi' <Latency = 0> <II = 1> <Delay = 1.00> <Adapter> <Opcode : 'read' 'write' 'readreq' 'writereq' 'writeresp'>

State 50 <SV = 48> <Delay = 2.43>
ST_50 : Operation 152 [24/68] (2.43ns)   --->   "%gmem0_addr_resp = writeresp i1 @_ssdm_op_WriteResp.m_axi.i32P1A, i32 %gmem0_addr" [/home/cnic/wz/workspace/multi_scoring_kernels/src/krnl_scoring_unit.cpp:69]   --->   Operation 152 'writeresp' 'gmem0_addr_resp' <Predicate = true> <Delay = 2.43> <CoreInst = "m_axi">   --->   Core 121 'm_axi' <Latency = 0> <II = 1> <Delay = 1.00> <Adapter> <Opcode : 'read' 'write' 'readreq' 'writereq' 'writeresp'>

State 51 <SV = 49> <Delay = 2.43>
ST_51 : Operation 153 [23/68] (2.43ns)   --->   "%gmem0_addr_resp = writeresp i1 @_ssdm_op_WriteResp.m_axi.i32P1A, i32 %gmem0_addr" [/home/cnic/wz/workspace/multi_scoring_kernels/src/krnl_scoring_unit.cpp:69]   --->   Operation 153 'writeresp' 'gmem0_addr_resp' <Predicate = true> <Delay = 2.43> <CoreInst = "m_axi">   --->   Core 121 'm_axi' <Latency = 0> <II = 1> <Delay = 1.00> <Adapter> <Opcode : 'read' 'write' 'readreq' 'writereq' 'writeresp'>

State 52 <SV = 50> <Delay = 2.43>
ST_52 : Operation 154 [22/68] (2.43ns)   --->   "%gmem0_addr_resp = writeresp i1 @_ssdm_op_WriteResp.m_axi.i32P1A, i32 %gmem0_addr" [/home/cnic/wz/workspace/multi_scoring_kernels/src/krnl_scoring_unit.cpp:69]   --->   Operation 154 'writeresp' 'gmem0_addr_resp' <Predicate = true> <Delay = 2.43> <CoreInst = "m_axi">   --->   Core 121 'm_axi' <Latency = 0> <II = 1> <Delay = 1.00> <Adapter> <Opcode : 'read' 'write' 'readreq' 'writereq' 'writeresp'>

State 53 <SV = 51> <Delay = 2.43>
ST_53 : Operation 155 [21/68] (2.43ns)   --->   "%gmem0_addr_resp = writeresp i1 @_ssdm_op_WriteResp.m_axi.i32P1A, i32 %gmem0_addr" [/home/cnic/wz/workspace/multi_scoring_kernels/src/krnl_scoring_unit.cpp:69]   --->   Operation 155 'writeresp' 'gmem0_addr_resp' <Predicate = true> <Delay = 2.43> <CoreInst = "m_axi">   --->   Core 121 'm_axi' <Latency = 0> <II = 1> <Delay = 1.00> <Adapter> <Opcode : 'read' 'write' 'readreq' 'writereq' 'writeresp'>

State 54 <SV = 52> <Delay = 2.43>
ST_54 : Operation 156 [20/68] (2.43ns)   --->   "%gmem0_addr_resp = writeresp i1 @_ssdm_op_WriteResp.m_axi.i32P1A, i32 %gmem0_addr" [/home/cnic/wz/workspace/multi_scoring_kernels/src/krnl_scoring_unit.cpp:69]   --->   Operation 156 'writeresp' 'gmem0_addr_resp' <Predicate = true> <Delay = 2.43> <CoreInst = "m_axi">   --->   Core 121 'm_axi' <Latency = 0> <II = 1> <Delay = 1.00> <Adapter> <Opcode : 'read' 'write' 'readreq' 'writereq' 'writeresp'>

State 55 <SV = 53> <Delay = 2.43>
ST_55 : Operation 157 [19/68] (2.43ns)   --->   "%gmem0_addr_resp = writeresp i1 @_ssdm_op_WriteResp.m_axi.i32P1A, i32 %gmem0_addr" [/home/cnic/wz/workspace/multi_scoring_kernels/src/krnl_scoring_unit.cpp:69]   --->   Operation 157 'writeresp' 'gmem0_addr_resp' <Predicate = true> <Delay = 2.43> <CoreInst = "m_axi">   --->   Core 121 'm_axi' <Latency = 0> <II = 1> <Delay = 1.00> <Adapter> <Opcode : 'read' 'write' 'readreq' 'writereq' 'writeresp'>

State 56 <SV = 54> <Delay = 2.43>
ST_56 : Operation 158 [18/68] (2.43ns)   --->   "%gmem0_addr_resp = writeresp i1 @_ssdm_op_WriteResp.m_axi.i32P1A, i32 %gmem0_addr" [/home/cnic/wz/workspace/multi_scoring_kernels/src/krnl_scoring_unit.cpp:69]   --->   Operation 158 'writeresp' 'gmem0_addr_resp' <Predicate = true> <Delay = 2.43> <CoreInst = "m_axi">   --->   Core 121 'm_axi' <Latency = 0> <II = 1> <Delay = 1.00> <Adapter> <Opcode : 'read' 'write' 'readreq' 'writereq' 'writeresp'>

State 57 <SV = 55> <Delay = 2.43>
ST_57 : Operation 159 [17/68] (2.43ns)   --->   "%gmem0_addr_resp = writeresp i1 @_ssdm_op_WriteResp.m_axi.i32P1A, i32 %gmem0_addr" [/home/cnic/wz/workspace/multi_scoring_kernels/src/krnl_scoring_unit.cpp:69]   --->   Operation 159 'writeresp' 'gmem0_addr_resp' <Predicate = true> <Delay = 2.43> <CoreInst = "m_axi">   --->   Core 121 'm_axi' <Latency = 0> <II = 1> <Delay = 1.00> <Adapter> <Opcode : 'read' 'write' 'readreq' 'writereq' 'writeresp'>

State 58 <SV = 56> <Delay = 2.43>
ST_58 : Operation 160 [16/68] (2.43ns)   --->   "%gmem0_addr_resp = writeresp i1 @_ssdm_op_WriteResp.m_axi.i32P1A, i32 %gmem0_addr" [/home/cnic/wz/workspace/multi_scoring_kernels/src/krnl_scoring_unit.cpp:69]   --->   Operation 160 'writeresp' 'gmem0_addr_resp' <Predicate = true> <Delay = 2.43> <CoreInst = "m_axi">   --->   Core 121 'm_axi' <Latency = 0> <II = 1> <Delay = 1.00> <Adapter> <Opcode : 'read' 'write' 'readreq' 'writereq' 'writeresp'>

State 59 <SV = 57> <Delay = 2.43>
ST_59 : Operation 161 [15/68] (2.43ns)   --->   "%gmem0_addr_resp = writeresp i1 @_ssdm_op_WriteResp.m_axi.i32P1A, i32 %gmem0_addr" [/home/cnic/wz/workspace/multi_scoring_kernels/src/krnl_scoring_unit.cpp:69]   --->   Operation 161 'writeresp' 'gmem0_addr_resp' <Predicate = true> <Delay = 2.43> <CoreInst = "m_axi">   --->   Core 121 'm_axi' <Latency = 0> <II = 1> <Delay = 1.00> <Adapter> <Opcode : 'read' 'write' 'readreq' 'writereq' 'writeresp'>

State 60 <SV = 58> <Delay = 2.43>
ST_60 : Operation 162 [14/68] (2.43ns)   --->   "%gmem0_addr_resp = writeresp i1 @_ssdm_op_WriteResp.m_axi.i32P1A, i32 %gmem0_addr" [/home/cnic/wz/workspace/multi_scoring_kernels/src/krnl_scoring_unit.cpp:69]   --->   Operation 162 'writeresp' 'gmem0_addr_resp' <Predicate = true> <Delay = 2.43> <CoreInst = "m_axi">   --->   Core 121 'm_axi' <Latency = 0> <II = 1> <Delay = 1.00> <Adapter> <Opcode : 'read' 'write' 'readreq' 'writereq' 'writeresp'>

State 61 <SV = 59> <Delay = 2.43>
ST_61 : Operation 163 [13/68] (2.43ns)   --->   "%gmem0_addr_resp = writeresp i1 @_ssdm_op_WriteResp.m_axi.i32P1A, i32 %gmem0_addr" [/home/cnic/wz/workspace/multi_scoring_kernels/src/krnl_scoring_unit.cpp:69]   --->   Operation 163 'writeresp' 'gmem0_addr_resp' <Predicate = true> <Delay = 2.43> <CoreInst = "m_axi">   --->   Core 121 'm_axi' <Latency = 0> <II = 1> <Delay = 1.00> <Adapter> <Opcode : 'read' 'write' 'readreq' 'writereq' 'writeresp'>

State 62 <SV = 60> <Delay = 2.43>
ST_62 : Operation 164 [12/68] (2.43ns)   --->   "%gmem0_addr_resp = writeresp i1 @_ssdm_op_WriteResp.m_axi.i32P1A, i32 %gmem0_addr" [/home/cnic/wz/workspace/multi_scoring_kernels/src/krnl_scoring_unit.cpp:69]   --->   Operation 164 'writeresp' 'gmem0_addr_resp' <Predicate = true> <Delay = 2.43> <CoreInst = "m_axi">   --->   Core 121 'm_axi' <Latency = 0> <II = 1> <Delay = 1.00> <Adapter> <Opcode : 'read' 'write' 'readreq' 'writereq' 'writeresp'>

State 63 <SV = 61> <Delay = 2.43>
ST_63 : Operation 165 [11/68] (2.43ns)   --->   "%gmem0_addr_resp = writeresp i1 @_ssdm_op_WriteResp.m_axi.i32P1A, i32 %gmem0_addr" [/home/cnic/wz/workspace/multi_scoring_kernels/src/krnl_scoring_unit.cpp:69]   --->   Operation 165 'writeresp' 'gmem0_addr_resp' <Predicate = true> <Delay = 2.43> <CoreInst = "m_axi">   --->   Core 121 'm_axi' <Latency = 0> <II = 1> <Delay = 1.00> <Adapter> <Opcode : 'read' 'write' 'readreq' 'writereq' 'writeresp'>

State 64 <SV = 62> <Delay = 2.43>
ST_64 : Operation 166 [10/68] (2.43ns)   --->   "%gmem0_addr_resp = writeresp i1 @_ssdm_op_WriteResp.m_axi.i32P1A, i32 %gmem0_addr" [/home/cnic/wz/workspace/multi_scoring_kernels/src/krnl_scoring_unit.cpp:69]   --->   Operation 166 'writeresp' 'gmem0_addr_resp' <Predicate = true> <Delay = 2.43> <CoreInst = "m_axi">   --->   Core 121 'm_axi' <Latency = 0> <II = 1> <Delay = 1.00> <Adapter> <Opcode : 'read' 'write' 'readreq' 'writereq' 'writeresp'>

State 65 <SV = 63> <Delay = 2.43>
ST_65 : Operation 167 [9/68] (2.43ns)   --->   "%gmem0_addr_resp = writeresp i1 @_ssdm_op_WriteResp.m_axi.i32P1A, i32 %gmem0_addr" [/home/cnic/wz/workspace/multi_scoring_kernels/src/krnl_scoring_unit.cpp:69]   --->   Operation 167 'writeresp' 'gmem0_addr_resp' <Predicate = true> <Delay = 2.43> <CoreInst = "m_axi">   --->   Core 121 'm_axi' <Latency = 0> <II = 1> <Delay = 1.00> <Adapter> <Opcode : 'read' 'write' 'readreq' 'writereq' 'writeresp'>

State 66 <SV = 64> <Delay = 2.43>
ST_66 : Operation 168 [8/68] (2.43ns)   --->   "%gmem0_addr_resp = writeresp i1 @_ssdm_op_WriteResp.m_axi.i32P1A, i32 %gmem0_addr" [/home/cnic/wz/workspace/multi_scoring_kernels/src/krnl_scoring_unit.cpp:69]   --->   Operation 168 'writeresp' 'gmem0_addr_resp' <Predicate = true> <Delay = 2.43> <CoreInst = "m_axi">   --->   Core 121 'm_axi' <Latency = 0> <II = 1> <Delay = 1.00> <Adapter> <Opcode : 'read' 'write' 'readreq' 'writereq' 'writeresp'>

State 67 <SV = 65> <Delay = 2.43>
ST_67 : Operation 169 [7/68] (2.43ns)   --->   "%gmem0_addr_resp = writeresp i1 @_ssdm_op_WriteResp.m_axi.i32P1A, i32 %gmem0_addr" [/home/cnic/wz/workspace/multi_scoring_kernels/src/krnl_scoring_unit.cpp:69]   --->   Operation 169 'writeresp' 'gmem0_addr_resp' <Predicate = true> <Delay = 2.43> <CoreInst = "m_axi">   --->   Core 121 'm_axi' <Latency = 0> <II = 1> <Delay = 1.00> <Adapter> <Opcode : 'read' 'write' 'readreq' 'writereq' 'writeresp'>

State 68 <SV = 66> <Delay = 2.43>
ST_68 : Operation 170 [6/68] (2.43ns)   --->   "%gmem0_addr_resp = writeresp i1 @_ssdm_op_WriteResp.m_axi.i32P1A, i32 %gmem0_addr" [/home/cnic/wz/workspace/multi_scoring_kernels/src/krnl_scoring_unit.cpp:69]   --->   Operation 170 'writeresp' 'gmem0_addr_resp' <Predicate = true> <Delay = 2.43> <CoreInst = "m_axi">   --->   Core 121 'm_axi' <Latency = 0> <II = 1> <Delay = 1.00> <Adapter> <Opcode : 'read' 'write' 'readreq' 'writereq' 'writeresp'>

State 69 <SV = 67> <Delay = 2.43>
ST_69 : Operation 171 [5/68] (2.43ns)   --->   "%gmem0_addr_resp = writeresp i1 @_ssdm_op_WriteResp.m_axi.i32P1A, i32 %gmem0_addr" [/home/cnic/wz/workspace/multi_scoring_kernels/src/krnl_scoring_unit.cpp:69]   --->   Operation 171 'writeresp' 'gmem0_addr_resp' <Predicate = true> <Delay = 2.43> <CoreInst = "m_axi">   --->   Core 121 'm_axi' <Latency = 0> <II = 1> <Delay = 1.00> <Adapter> <Opcode : 'read' 'write' 'readreq' 'writereq' 'writeresp'>

State 70 <SV = 68> <Delay = 2.43>
ST_70 : Operation 172 [4/68] (2.43ns)   --->   "%gmem0_addr_resp = writeresp i1 @_ssdm_op_WriteResp.m_axi.i32P1A, i32 %gmem0_addr" [/home/cnic/wz/workspace/multi_scoring_kernels/src/krnl_scoring_unit.cpp:69]   --->   Operation 172 'writeresp' 'gmem0_addr_resp' <Predicate = true> <Delay = 2.43> <CoreInst = "m_axi">   --->   Core 121 'm_axi' <Latency = 0> <II = 1> <Delay = 1.00> <Adapter> <Opcode : 'read' 'write' 'readreq' 'writereq' 'writeresp'>

State 71 <SV = 69> <Delay = 2.43>
ST_71 : Operation 173 [3/68] (2.43ns)   --->   "%gmem0_addr_resp = writeresp i1 @_ssdm_op_WriteResp.m_axi.i32P1A, i32 %gmem0_addr" [/home/cnic/wz/workspace/multi_scoring_kernels/src/krnl_scoring_unit.cpp:69]   --->   Operation 173 'writeresp' 'gmem0_addr_resp' <Predicate = true> <Delay = 2.43> <CoreInst = "m_axi">   --->   Core 121 'm_axi' <Latency = 0> <II = 1> <Delay = 1.00> <Adapter> <Opcode : 'read' 'write' 'readreq' 'writereq' 'writeresp'>

State 72 <SV = 70> <Delay = 2.43>
ST_72 : Operation 174 [2/68] (2.43ns)   --->   "%gmem0_addr_resp = writeresp i1 @_ssdm_op_WriteResp.m_axi.i32P1A, i32 %gmem0_addr" [/home/cnic/wz/workspace/multi_scoring_kernels/src/krnl_scoring_unit.cpp:69]   --->   Operation 174 'writeresp' 'gmem0_addr_resp' <Predicate = true> <Delay = 2.43> <CoreInst = "m_axi">   --->   Core 121 'm_axi' <Latency = 0> <II = 1> <Delay = 1.00> <Adapter> <Opcode : 'read' 'write' 'readreq' 'writereq' 'writeresp'>

State 73 <SV = 71> <Delay = 2.43>
ST_73 : Operation 175 [1/68] (2.43ns)   --->   "%gmem0_addr_resp = writeresp i1 @_ssdm_op_WriteResp.m_axi.i32P1A, i32 %gmem0_addr" [/home/cnic/wz/workspace/multi_scoring_kernels/src/krnl_scoring_unit.cpp:69]   --->   Operation 175 'writeresp' 'gmem0_addr_resp' <Predicate = true> <Delay = 2.43> <CoreInst = "m_axi">   --->   Core 121 'm_axi' <Latency = 0> <II = 1> <Delay = 1.00> <Adapter> <Opcode : 'read' 'write' 'readreq' 'writereq' 'writeresp'>
ST_73 : Operation 176 [1/1] (0.00ns)   --->   "%ret_ln57 = ret" [/home/cnic/wz/workspace/multi_scoring_kernels/src/krnl_scoring_unit.cpp:57]   --->   Operation 176 'ret' 'ret_ln57' <Predicate = true> <Delay = 0.00>


============================================================
+ Verbose Summary: Timing violations
============================================================
Target clock period: 3.33ns, clock uncertainty: 0.9ns.

 <State 1>: 1.56ns
The critical path consists of the following:
	fifo read operation ('type_r_read') on port 'type_r' [13]  (1.22 ns)
	blocking operation 0.343 ns on control path)

 <State 2>: 0ns
The critical path consists of the following:

 <State 3>: 1.71ns
The critical path consists of the following:
	'call' operation ('call_ln59', /home/cnic/wz/workspace/multi_scoring_kernels/src/krnl_scoring_unit.cpp:59) to 'scoring_product' [33]  (1.71 ns)

 <State 4>: 2.43ns
The critical path consists of the following:
	'getelementptr' operation ('gmem0_addr', /home/cnic/wz/workspace/multi_scoring_kernels/src/krnl_scoring_unit.cpp:69) [40]  (0 ns)
	bus request operation ('gmem0_addr_req', /home/cnic/wz/workspace/multi_scoring_kernels/src/krnl_scoring_unit.cpp:69) on port 'gmem0' (/home/cnic/wz/workspace/multi_scoring_kernels/src/krnl_scoring_unit.cpp:69) [41]  (2.43 ns)

 <State 5>: 2.43ns
The critical path consists of the following:
	'load' operation ('result_load', /home/cnic/wz/workspace/multi_scoring_kernels/src/krnl_scoring_unit.cpp:69) on static variable 'result' [36]  (0 ns)
	bus write operation ('write_ln69', /home/cnic/wz/workspace/multi_scoring_kernels/src/krnl_scoring_unit.cpp:69) on port 'gmem0' (/home/cnic/wz/workspace/multi_scoring_kernels/src/krnl_scoring_unit.cpp:69) [42]  (2.43 ns)

 <State 6>: 2.43ns
The critical path consists of the following:
	bus response operation ('gmem0_addr_resp', /home/cnic/wz/workspace/multi_scoring_kernels/src/krnl_scoring_unit.cpp:69) on port 'gmem0' (/home/cnic/wz/workspace/multi_scoring_kernels/src/krnl_scoring_unit.cpp:69) [43]  (2.43 ns)

 <State 7>: 2.43ns
The critical path consists of the following:
	bus response operation ('gmem0_addr_resp', /home/cnic/wz/workspace/multi_scoring_kernels/src/krnl_scoring_unit.cpp:69) on port 'gmem0' (/home/cnic/wz/workspace/multi_scoring_kernels/src/krnl_scoring_unit.cpp:69) [43]  (2.43 ns)

 <State 8>: 2.43ns
The critical path consists of the following:
	bus response operation ('gmem0_addr_resp', /home/cnic/wz/workspace/multi_scoring_kernels/src/krnl_scoring_unit.cpp:69) on port 'gmem0' (/home/cnic/wz/workspace/multi_scoring_kernels/src/krnl_scoring_unit.cpp:69) [43]  (2.43 ns)

 <State 9>: 2.43ns
The critical path consists of the following:
	bus response operation ('gmem0_addr_resp', /home/cnic/wz/workspace/multi_scoring_kernels/src/krnl_scoring_unit.cpp:69) on port 'gmem0' (/home/cnic/wz/workspace/multi_scoring_kernels/src/krnl_scoring_unit.cpp:69) [43]  (2.43 ns)

 <State 10>: 2.43ns
The critical path consists of the following:
	bus response operation ('gmem0_addr_resp', /home/cnic/wz/workspace/multi_scoring_kernels/src/krnl_scoring_unit.cpp:69) on port 'gmem0' (/home/cnic/wz/workspace/multi_scoring_kernels/src/krnl_scoring_unit.cpp:69) [43]  (2.43 ns)

 <State 11>: 2.43ns
The critical path consists of the following:
	bus response operation ('gmem0_addr_resp', /home/cnic/wz/workspace/multi_scoring_kernels/src/krnl_scoring_unit.cpp:69) on port 'gmem0' (/home/cnic/wz/workspace/multi_scoring_kernels/src/krnl_scoring_unit.cpp:69) [43]  (2.43 ns)

 <State 12>: 2.43ns
The critical path consists of the following:
	bus response operation ('gmem0_addr_resp', /home/cnic/wz/workspace/multi_scoring_kernels/src/krnl_scoring_unit.cpp:69) on port 'gmem0' (/home/cnic/wz/workspace/multi_scoring_kernels/src/krnl_scoring_unit.cpp:69) [43]  (2.43 ns)

 <State 13>: 2.43ns
The critical path consists of the following:
	bus response operation ('gmem0_addr_resp', /home/cnic/wz/workspace/multi_scoring_kernels/src/krnl_scoring_unit.cpp:69) on port 'gmem0' (/home/cnic/wz/workspace/multi_scoring_kernels/src/krnl_scoring_unit.cpp:69) [43]  (2.43 ns)

 <State 14>: 2.43ns
The critical path consists of the following:
	bus response operation ('gmem0_addr_resp', /home/cnic/wz/workspace/multi_scoring_kernels/src/krnl_scoring_unit.cpp:69) on port 'gmem0' (/home/cnic/wz/workspace/multi_scoring_kernels/src/krnl_scoring_unit.cpp:69) [43]  (2.43 ns)

 <State 15>: 2.43ns
The critical path consists of the following:
	bus response operation ('gmem0_addr_resp', /home/cnic/wz/workspace/multi_scoring_kernels/src/krnl_scoring_unit.cpp:69) on port 'gmem0' (/home/cnic/wz/workspace/multi_scoring_kernels/src/krnl_scoring_unit.cpp:69) [43]  (2.43 ns)

 <State 16>: 2.43ns
The critical path consists of the following:
	bus response operation ('gmem0_addr_resp', /home/cnic/wz/workspace/multi_scoring_kernels/src/krnl_scoring_unit.cpp:69) on port 'gmem0' (/home/cnic/wz/workspace/multi_scoring_kernels/src/krnl_scoring_unit.cpp:69) [43]  (2.43 ns)

 <State 17>: 2.43ns
The critical path consists of the following:
	bus response operation ('gmem0_addr_resp', /home/cnic/wz/workspace/multi_scoring_kernels/src/krnl_scoring_unit.cpp:69) on port 'gmem0' (/home/cnic/wz/workspace/multi_scoring_kernels/src/krnl_scoring_unit.cpp:69) [43]  (2.43 ns)

 <State 18>: 2.43ns
The critical path consists of the following:
	bus response operation ('gmem0_addr_resp', /home/cnic/wz/workspace/multi_scoring_kernels/src/krnl_scoring_unit.cpp:69) on port 'gmem0' (/home/cnic/wz/workspace/multi_scoring_kernels/src/krnl_scoring_unit.cpp:69) [43]  (2.43 ns)

 <State 19>: 2.43ns
The critical path consists of the following:
	bus response operation ('gmem0_addr_resp', /home/cnic/wz/workspace/multi_scoring_kernels/src/krnl_scoring_unit.cpp:69) on port 'gmem0' (/home/cnic/wz/workspace/multi_scoring_kernels/src/krnl_scoring_unit.cpp:69) [43]  (2.43 ns)

 <State 20>: 2.43ns
The critical path consists of the following:
	bus response operation ('gmem0_addr_resp', /home/cnic/wz/workspace/multi_scoring_kernels/src/krnl_scoring_unit.cpp:69) on port 'gmem0' (/home/cnic/wz/workspace/multi_scoring_kernels/src/krnl_scoring_unit.cpp:69) [43]  (2.43 ns)

 <State 21>: 2.43ns
The critical path consists of the following:
	bus response operation ('gmem0_addr_resp', /home/cnic/wz/workspace/multi_scoring_kernels/src/krnl_scoring_unit.cpp:69) on port 'gmem0' (/home/cnic/wz/workspace/multi_scoring_kernels/src/krnl_scoring_unit.cpp:69) [43]  (2.43 ns)

 <State 22>: 2.43ns
The critical path consists of the following:
	bus response operation ('gmem0_addr_resp', /home/cnic/wz/workspace/multi_scoring_kernels/src/krnl_scoring_unit.cpp:69) on port 'gmem0' (/home/cnic/wz/workspace/multi_scoring_kernels/src/krnl_scoring_unit.cpp:69) [43]  (2.43 ns)

 <State 23>: 2.43ns
The critical path consists of the following:
	bus response operation ('gmem0_addr_resp', /home/cnic/wz/workspace/multi_scoring_kernels/src/krnl_scoring_unit.cpp:69) on port 'gmem0' (/home/cnic/wz/workspace/multi_scoring_kernels/src/krnl_scoring_unit.cpp:69) [43]  (2.43 ns)

 <State 24>: 2.43ns
The critical path consists of the following:
	bus response operation ('gmem0_addr_resp', /home/cnic/wz/workspace/multi_scoring_kernels/src/krnl_scoring_unit.cpp:69) on port 'gmem0' (/home/cnic/wz/workspace/multi_scoring_kernels/src/krnl_scoring_unit.cpp:69) [43]  (2.43 ns)

 <State 25>: 2.43ns
The critical path consists of the following:
	bus response operation ('gmem0_addr_resp', /home/cnic/wz/workspace/multi_scoring_kernels/src/krnl_scoring_unit.cpp:69) on port 'gmem0' (/home/cnic/wz/workspace/multi_scoring_kernels/src/krnl_scoring_unit.cpp:69) [43]  (2.43 ns)

 <State 26>: 2.43ns
The critical path consists of the following:
	bus response operation ('gmem0_addr_resp', /home/cnic/wz/workspace/multi_scoring_kernels/src/krnl_scoring_unit.cpp:69) on port 'gmem0' (/home/cnic/wz/workspace/multi_scoring_kernels/src/krnl_scoring_unit.cpp:69) [43]  (2.43 ns)

 <State 27>: 2.43ns
The critical path consists of the following:
	bus response operation ('gmem0_addr_resp', /home/cnic/wz/workspace/multi_scoring_kernels/src/krnl_scoring_unit.cpp:69) on port 'gmem0' (/home/cnic/wz/workspace/multi_scoring_kernels/src/krnl_scoring_unit.cpp:69) [43]  (2.43 ns)

 <State 28>: 2.43ns
The critical path consists of the following:
	bus response operation ('gmem0_addr_resp', /home/cnic/wz/workspace/multi_scoring_kernels/src/krnl_scoring_unit.cpp:69) on port 'gmem0' (/home/cnic/wz/workspace/multi_scoring_kernels/src/krnl_scoring_unit.cpp:69) [43]  (2.43 ns)

 <State 29>: 2.43ns
The critical path consists of the following:
	bus response operation ('gmem0_addr_resp', /home/cnic/wz/workspace/multi_scoring_kernels/src/krnl_scoring_unit.cpp:69) on port 'gmem0' (/home/cnic/wz/workspace/multi_scoring_kernels/src/krnl_scoring_unit.cpp:69) [43]  (2.43 ns)

 <State 30>: 2.43ns
The critical path consists of the following:
	bus response operation ('gmem0_addr_resp', /home/cnic/wz/workspace/multi_scoring_kernels/src/krnl_scoring_unit.cpp:69) on port 'gmem0' (/home/cnic/wz/workspace/multi_scoring_kernels/src/krnl_scoring_unit.cpp:69) [43]  (2.43 ns)

 <State 31>: 2.43ns
The critical path consists of the following:
	bus response operation ('gmem0_addr_resp', /home/cnic/wz/workspace/multi_scoring_kernels/src/krnl_scoring_unit.cpp:69) on port 'gmem0' (/home/cnic/wz/workspace/multi_scoring_kernels/src/krnl_scoring_unit.cpp:69) [43]  (2.43 ns)

 <State 32>: 2.43ns
The critical path consists of the following:
	bus response operation ('gmem0_addr_resp', /home/cnic/wz/workspace/multi_scoring_kernels/src/krnl_scoring_unit.cpp:69) on port 'gmem0' (/home/cnic/wz/workspace/multi_scoring_kernels/src/krnl_scoring_unit.cpp:69) [43]  (2.43 ns)

 <State 33>: 2.43ns
The critical path consists of the following:
	bus response operation ('gmem0_addr_resp', /home/cnic/wz/workspace/multi_scoring_kernels/src/krnl_scoring_unit.cpp:69) on port 'gmem0' (/home/cnic/wz/workspace/multi_scoring_kernels/src/krnl_scoring_unit.cpp:69) [43]  (2.43 ns)

 <State 34>: 2.43ns
The critical path consists of the following:
	bus response operation ('gmem0_addr_resp', /home/cnic/wz/workspace/multi_scoring_kernels/src/krnl_scoring_unit.cpp:69) on port 'gmem0' (/home/cnic/wz/workspace/multi_scoring_kernels/src/krnl_scoring_unit.cpp:69) [43]  (2.43 ns)

 <State 35>: 2.43ns
The critical path consists of the following:
	bus response operation ('gmem0_addr_resp', /home/cnic/wz/workspace/multi_scoring_kernels/src/krnl_scoring_unit.cpp:69) on port 'gmem0' (/home/cnic/wz/workspace/multi_scoring_kernels/src/krnl_scoring_unit.cpp:69) [43]  (2.43 ns)

 <State 36>: 2.43ns
The critical path consists of the following:
	bus response operation ('gmem0_addr_resp', /home/cnic/wz/workspace/multi_scoring_kernels/src/krnl_scoring_unit.cpp:69) on port 'gmem0' (/home/cnic/wz/workspace/multi_scoring_kernels/src/krnl_scoring_unit.cpp:69) [43]  (2.43 ns)

 <State 37>: 2.43ns
The critical path consists of the following:
	bus response operation ('gmem0_addr_resp', /home/cnic/wz/workspace/multi_scoring_kernels/src/krnl_scoring_unit.cpp:69) on port 'gmem0' (/home/cnic/wz/workspace/multi_scoring_kernels/src/krnl_scoring_unit.cpp:69) [43]  (2.43 ns)

 <State 38>: 2.43ns
The critical path consists of the following:
	bus response operation ('gmem0_addr_resp', /home/cnic/wz/workspace/multi_scoring_kernels/src/krnl_scoring_unit.cpp:69) on port 'gmem0' (/home/cnic/wz/workspace/multi_scoring_kernels/src/krnl_scoring_unit.cpp:69) [43]  (2.43 ns)

 <State 39>: 2.43ns
The critical path consists of the following:
	bus response operation ('gmem0_addr_resp', /home/cnic/wz/workspace/multi_scoring_kernels/src/krnl_scoring_unit.cpp:69) on port 'gmem0' (/home/cnic/wz/workspace/multi_scoring_kernels/src/krnl_scoring_unit.cpp:69) [43]  (2.43 ns)

 <State 40>: 2.43ns
The critical path consists of the following:
	bus response operation ('gmem0_addr_resp', /home/cnic/wz/workspace/multi_scoring_kernels/src/krnl_scoring_unit.cpp:69) on port 'gmem0' (/home/cnic/wz/workspace/multi_scoring_kernels/src/krnl_scoring_unit.cpp:69) [43]  (2.43 ns)

 <State 41>: 2.43ns
The critical path consists of the following:
	bus response operation ('gmem0_addr_resp', /home/cnic/wz/workspace/multi_scoring_kernels/src/krnl_scoring_unit.cpp:69) on port 'gmem0' (/home/cnic/wz/workspace/multi_scoring_kernels/src/krnl_scoring_unit.cpp:69) [43]  (2.43 ns)

 <State 42>: 2.43ns
The critical path consists of the following:
	bus response operation ('gmem0_addr_resp', /home/cnic/wz/workspace/multi_scoring_kernels/src/krnl_scoring_unit.cpp:69) on port 'gmem0' (/home/cnic/wz/workspace/multi_scoring_kernels/src/krnl_scoring_unit.cpp:69) [43]  (2.43 ns)

 <State 43>: 2.43ns
The critical path consists of the following:
	bus response operation ('gmem0_addr_resp', /home/cnic/wz/workspace/multi_scoring_kernels/src/krnl_scoring_unit.cpp:69) on port 'gmem0' (/home/cnic/wz/workspace/multi_scoring_kernels/src/krnl_scoring_unit.cpp:69) [43]  (2.43 ns)

 <State 44>: 2.43ns
The critical path consists of the following:
	bus response operation ('gmem0_addr_resp', /home/cnic/wz/workspace/multi_scoring_kernels/src/krnl_scoring_unit.cpp:69) on port 'gmem0' (/home/cnic/wz/workspace/multi_scoring_kernels/src/krnl_scoring_unit.cpp:69) [43]  (2.43 ns)

 <State 45>: 2.43ns
The critical path consists of the following:
	bus response operation ('gmem0_addr_resp', /home/cnic/wz/workspace/multi_scoring_kernels/src/krnl_scoring_unit.cpp:69) on port 'gmem0' (/home/cnic/wz/workspace/multi_scoring_kernels/src/krnl_scoring_unit.cpp:69) [43]  (2.43 ns)

 <State 46>: 2.43ns
The critical path consists of the following:
	bus response operation ('gmem0_addr_resp', /home/cnic/wz/workspace/multi_scoring_kernels/src/krnl_scoring_unit.cpp:69) on port 'gmem0' (/home/cnic/wz/workspace/multi_scoring_kernels/src/krnl_scoring_unit.cpp:69) [43]  (2.43 ns)

 <State 47>: 2.43ns
The critical path consists of the following:
	bus response operation ('gmem0_addr_resp', /home/cnic/wz/workspace/multi_scoring_kernels/src/krnl_scoring_unit.cpp:69) on port 'gmem0' (/home/cnic/wz/workspace/multi_scoring_kernels/src/krnl_scoring_unit.cpp:69) [43]  (2.43 ns)

 <State 48>: 2.43ns
The critical path consists of the following:
	bus response operation ('gmem0_addr_resp', /home/cnic/wz/workspace/multi_scoring_kernels/src/krnl_scoring_unit.cpp:69) on port 'gmem0' (/home/cnic/wz/workspace/multi_scoring_kernels/src/krnl_scoring_unit.cpp:69) [43]  (2.43 ns)

 <State 49>: 2.43ns
The critical path consists of the following:
	bus response operation ('gmem0_addr_resp', /home/cnic/wz/workspace/multi_scoring_kernels/src/krnl_scoring_unit.cpp:69) on port 'gmem0' (/home/cnic/wz/workspace/multi_scoring_kernels/src/krnl_scoring_unit.cpp:69) [43]  (2.43 ns)

 <State 50>: 2.43ns
The critical path consists of the following:
	bus response operation ('gmem0_addr_resp', /home/cnic/wz/workspace/multi_scoring_kernels/src/krnl_scoring_unit.cpp:69) on port 'gmem0' (/home/cnic/wz/workspace/multi_scoring_kernels/src/krnl_scoring_unit.cpp:69) [43]  (2.43 ns)

 <State 51>: 2.43ns
The critical path consists of the following:
	bus response operation ('gmem0_addr_resp', /home/cnic/wz/workspace/multi_scoring_kernels/src/krnl_scoring_unit.cpp:69) on port 'gmem0' (/home/cnic/wz/workspace/multi_scoring_kernels/src/krnl_scoring_unit.cpp:69) [43]  (2.43 ns)

 <State 52>: 2.43ns
The critical path consists of the following:
	bus response operation ('gmem0_addr_resp', /home/cnic/wz/workspace/multi_scoring_kernels/src/krnl_scoring_unit.cpp:69) on port 'gmem0' (/home/cnic/wz/workspace/multi_scoring_kernels/src/krnl_scoring_unit.cpp:69) [43]  (2.43 ns)

 <State 53>: 2.43ns
The critical path consists of the following:
	bus response operation ('gmem0_addr_resp', /home/cnic/wz/workspace/multi_scoring_kernels/src/krnl_scoring_unit.cpp:69) on port 'gmem0' (/home/cnic/wz/workspace/multi_scoring_kernels/src/krnl_scoring_unit.cpp:69) [43]  (2.43 ns)

 <State 54>: 2.43ns
The critical path consists of the following:
	bus response operation ('gmem0_addr_resp', /home/cnic/wz/workspace/multi_scoring_kernels/src/krnl_scoring_unit.cpp:69) on port 'gmem0' (/home/cnic/wz/workspace/multi_scoring_kernels/src/krnl_scoring_unit.cpp:69) [43]  (2.43 ns)

 <State 55>: 2.43ns
The critical path consists of the following:
	bus response operation ('gmem0_addr_resp', /home/cnic/wz/workspace/multi_scoring_kernels/src/krnl_scoring_unit.cpp:69) on port 'gmem0' (/home/cnic/wz/workspace/multi_scoring_kernels/src/krnl_scoring_unit.cpp:69) [43]  (2.43 ns)

 <State 56>: 2.43ns
The critical path consists of the following:
	bus response operation ('gmem0_addr_resp', /home/cnic/wz/workspace/multi_scoring_kernels/src/krnl_scoring_unit.cpp:69) on port 'gmem0' (/home/cnic/wz/workspace/multi_scoring_kernels/src/krnl_scoring_unit.cpp:69) [43]  (2.43 ns)

 <State 57>: 2.43ns
The critical path consists of the following:
	bus response operation ('gmem0_addr_resp', /home/cnic/wz/workspace/multi_scoring_kernels/src/krnl_scoring_unit.cpp:69) on port 'gmem0' (/home/cnic/wz/workspace/multi_scoring_kernels/src/krnl_scoring_unit.cpp:69) [43]  (2.43 ns)

 <State 58>: 2.43ns
The critical path consists of the following:
	bus response operation ('gmem0_addr_resp', /home/cnic/wz/workspace/multi_scoring_kernels/src/krnl_scoring_unit.cpp:69) on port 'gmem0' (/home/cnic/wz/workspace/multi_scoring_kernels/src/krnl_scoring_unit.cpp:69) [43]  (2.43 ns)

 <State 59>: 2.43ns
The critical path consists of the following:
	bus response operation ('gmem0_addr_resp', /home/cnic/wz/workspace/multi_scoring_kernels/src/krnl_scoring_unit.cpp:69) on port 'gmem0' (/home/cnic/wz/workspace/multi_scoring_kernels/src/krnl_scoring_unit.cpp:69) [43]  (2.43 ns)

 <State 60>: 2.43ns
The critical path consists of the following:
	bus response operation ('gmem0_addr_resp', /home/cnic/wz/workspace/multi_scoring_kernels/src/krnl_scoring_unit.cpp:69) on port 'gmem0' (/home/cnic/wz/workspace/multi_scoring_kernels/src/krnl_scoring_unit.cpp:69) [43]  (2.43 ns)

 <State 61>: 2.43ns
The critical path consists of the following:
	bus response operation ('gmem0_addr_resp', /home/cnic/wz/workspace/multi_scoring_kernels/src/krnl_scoring_unit.cpp:69) on port 'gmem0' (/home/cnic/wz/workspace/multi_scoring_kernels/src/krnl_scoring_unit.cpp:69) [43]  (2.43 ns)

 <State 62>: 2.43ns
The critical path consists of the following:
	bus response operation ('gmem0_addr_resp', /home/cnic/wz/workspace/multi_scoring_kernels/src/krnl_scoring_unit.cpp:69) on port 'gmem0' (/home/cnic/wz/workspace/multi_scoring_kernels/src/krnl_scoring_unit.cpp:69) [43]  (2.43 ns)

 <State 63>: 2.43ns
The critical path consists of the following:
	bus response operation ('gmem0_addr_resp', /home/cnic/wz/workspace/multi_scoring_kernels/src/krnl_scoring_unit.cpp:69) on port 'gmem0' (/home/cnic/wz/workspace/multi_scoring_kernels/src/krnl_scoring_unit.cpp:69) [43]  (2.43 ns)

 <State 64>: 2.43ns
The critical path consists of the following:
	bus response operation ('gmem0_addr_resp', /home/cnic/wz/workspace/multi_scoring_kernels/src/krnl_scoring_unit.cpp:69) on port 'gmem0' (/home/cnic/wz/workspace/multi_scoring_kernels/src/krnl_scoring_unit.cpp:69) [43]  (2.43 ns)

 <State 65>: 2.43ns
The critical path consists of the following:
	bus response operation ('gmem0_addr_resp', /home/cnic/wz/workspace/multi_scoring_kernels/src/krnl_scoring_unit.cpp:69) on port 'gmem0' (/home/cnic/wz/workspace/multi_scoring_kernels/src/krnl_scoring_unit.cpp:69) [43]  (2.43 ns)

 <State 66>: 2.43ns
The critical path consists of the following:
	bus response operation ('gmem0_addr_resp', /home/cnic/wz/workspace/multi_scoring_kernels/src/krnl_scoring_unit.cpp:69) on port 'gmem0' (/home/cnic/wz/workspace/multi_scoring_kernels/src/krnl_scoring_unit.cpp:69) [43]  (2.43 ns)

 <State 67>: 2.43ns
The critical path consists of the following:
	bus response operation ('gmem0_addr_resp', /home/cnic/wz/workspace/multi_scoring_kernels/src/krnl_scoring_unit.cpp:69) on port 'gmem0' (/home/cnic/wz/workspace/multi_scoring_kernels/src/krnl_scoring_unit.cpp:69) [43]  (2.43 ns)

 <State 68>: 2.43ns
The critical path consists of the following:
	bus response operation ('gmem0_addr_resp', /home/cnic/wz/workspace/multi_scoring_kernels/src/krnl_scoring_unit.cpp:69) on port 'gmem0' (/home/cnic/wz/workspace/multi_scoring_kernels/src/krnl_scoring_unit.cpp:69) [43]  (2.43 ns)

 <State 69>: 2.43ns
The critical path consists of the following:
	bus response operation ('gmem0_addr_resp', /home/cnic/wz/workspace/multi_scoring_kernels/src/krnl_scoring_unit.cpp:69) on port 'gmem0' (/home/cnic/wz/workspace/multi_scoring_kernels/src/krnl_scoring_unit.cpp:69) [43]  (2.43 ns)

 <State 70>: 2.43ns
The critical path consists of the following:
	bus response operation ('gmem0_addr_resp', /home/cnic/wz/workspace/multi_scoring_kernels/src/krnl_scoring_unit.cpp:69) on port 'gmem0' (/home/cnic/wz/workspace/multi_scoring_kernels/src/krnl_scoring_unit.cpp:69) [43]  (2.43 ns)

 <State 71>: 2.43ns
The critical path consists of the following:
	bus response operation ('gmem0_addr_resp', /home/cnic/wz/workspace/multi_scoring_kernels/src/krnl_scoring_unit.cpp:69) on port 'gmem0' (/home/cnic/wz/workspace/multi_scoring_kernels/src/krnl_scoring_unit.cpp:69) [43]  (2.43 ns)

 <State 72>: 2.43ns
The critical path consists of the following:
	bus response operation ('gmem0_addr_resp', /home/cnic/wz/workspace/multi_scoring_kernels/src/krnl_scoring_unit.cpp:69) on port 'gmem0' (/home/cnic/wz/workspace/multi_scoring_kernels/src/krnl_scoring_unit.cpp:69) [43]  (2.43 ns)

 <State 73>: 2.43ns
The critical path consists of the following:
	bus response operation ('gmem0_addr_resp', /home/cnic/wz/workspace/multi_scoring_kernels/src/krnl_scoring_unit.cpp:69) on port 'gmem0' (/home/cnic/wz/workspace/multi_scoring_kernels/src/krnl_scoring_unit.cpp:69) [43]  (2.43 ns)


============================================================
+ Verbose Summary: Binding
============================================================
N/A
* FSMD analyzer results:
  - Output states:
 - Input state : 
  - Chain level:
	State 1
	State 2
	State 3
	State 4
	State 5
	State 6
	State 7
	State 8
	State 9
	State 10
	State 11
	State 12
	State 13
	State 14
	State 15
	State 16
	State 17
	State 18
	State 19
	State 20
	State 21
	State 22
	State 23
	State 24
	State 25
	State 26
	State 27
	State 28
	State 29
	State 30
	State 31
	State 32
	State 33
	State 34
	State 35
	State 36
	State 37
	State 38
	State 39
	State 40
	State 41
	State 42
	State 43
	State 44
	State 45
	State 46
	State 47
	State 48
	State 49
	State 50
	State 51
	State 52
	State 53
	State 54
	State 55
	State 56
	State 57
	State 58
	State 59
	State 60
	State 61
	State 62
	State 63
	State 64
	State 65
	State 66
	State 67
	State 68
	State 69
	State 70
	State 71
	State 72
	State 73


============================================================
+ Verbose Summary: Datapath Resource usage 
============================================================
N/A
