

================================================================
== Vitis HLS Report for 'load_input_Pipeline_mem_rd'
================================================================
* Date:           Wed Mar 27 18:58:08 2024

* Version:        2022.2 (Build 3670227 on Oct 13 2022)
* Project:        krnl_scoring
* Solution:       solution (Vitis Kernel Flow Target)
* Product family: virtexuplus
* Target device:  xcu280-fsvh2892-2L-e


================================================================
== Performance Estimates
================================================================
+ Timing: 
    * Summary: 
    +--------+---------+----------+------------+
    |  Clock |  Target | Estimated| Uncertainty|
    +--------+---------+----------+------------+
    |ap_clk  |  3.33 ns|  2.433 ns|     0.90 ns|
    +--------+---------+----------+------------+

+ Latency: 
    * Summary: 
    +---------+---------+----------+----------+-----+-----+---------+
    |  Latency (cycles) |  Latency (absolute) |  Interval | Pipeline|
    |   min   |   max   |    min   |    max   | min | max |   Type  |
    +---------+---------+----------+----------+-----+-----+---------+
    |        ?|        ?|         ?|         ?|    ?|    ?|       no|
    +---------+---------+----------+----------+-----+-----+---------+

    + Detail: 
        * Instance: 
        N/A

        * Loop: 
        +----------+---------+---------+----------+-----------+-----------+------+----------+
        |          |  Latency (cycles) | Iteration|  Initiation Interval  | Trip |          |
        | Loop Name|   min   |   max   |  Latency |  achieved |   target  | Count| Pipelined|
        +----------+---------+---------+----------+-----------+-----------+------+----------+
        |- mem_rd  |        ?|        ?|         3|          1|          1|     ?|       yes|
        +----------+---------+---------+----------+-----------+-----------+------+----------+

============================================================
+ Verbose Summary: Synthesis Manager
============================================================
InlineROM: 1
ExposeGlobal: 0
============================================================
+ Verbose Summary: CDFG Model
============================================================
IsTopModel: 0
ResetActiveHigh: 1
IsCombinational: 0
IsDatapathOnly: 0
HasWiredReturn: 1
HasMFsm: 2
HasVarLatency: 1
IsPipeline: 0
IsRtlPipelined: 0
IsInstanceOverlapped: 0
IsDontTouch: 0
HasImplIP: 0
IsGatedGlobalClock: 0

+ Individual pipeline summary: 
  * Pipeline-0: initiation interval (II) = 1, depth = 3


============================================================
+ Verbose Summary: Schedule
============================================================
* Number of FSM states : 3
* Pipeline : 1
  Pipeline-0 : II = 1, D = 3, States = { 1 2 3 }
* Dataflow Pipeline: 0

* FSM state transitions: 
1 --> 2 
2 --> 3 
3 --> 

* FSM state operations: 

State 1 <SV = 0> <Delay = 1.26>
ST_1 : Operation 6 [1/1] (0.00ns)   --->   "%i = alloca i32 1"   --->   Operation 6 'alloca' 'i' <Predicate = true> <Delay = 0.00>
ST_1 : Operation 7 [1/1] (0.00ns)   --->   "%size_read = read i32 @_ssdm_op_Read.ap_auto.i32, i32 %size"   --->   Operation 7 'read' 'size_read' <Predicate = true> <Delay = 0.00>
ST_1 : Operation 8 [1/1] (0.00ns)   --->   "%sext_ln9_read = read i62 @_ssdm_op_Read.ap_auto.i62, i62 %sext_ln9"   --->   Operation 8 'read' 'sext_ln9_read' <Predicate = true> <Delay = 0.00>
ST_1 : Operation 9 [1/1] (0.00ns)   --->   "%sext_ln9_cast = sext i62 %sext_ln9_read"   --->   Operation 9 'sext' 'sext_ln9_cast' <Predicate = true> <Delay = 0.00>
ST_1 : Operation 10 [1/1] (0.00ns)   --->   "%specinterface_ln0 = specinterface void @_ssdm_op_SpecInterface, i32 %gmem0, void @empty_1, i32 0, i32 0, void @empty_2, i32 64, i32 0, void @empty_20, void @empty_19, void @empty_2, i32 16, i32 16, i32 16, i32 16, void @empty_2, void @empty_2, i32 4294967295, i32 0"   --->   Operation 10 'specinterface' 'specinterface_ln0' <Predicate = true> <Delay = 0.00>
ST_1 : Operation 11 [1/1] (0.00ns)   --->   "%specinterface_ln0 = specinterface void @_ssdm_op_SpecInterface, i32 %in1_stream, void @empty_14, i32 0, i32 0, void @empty_2, i32 0, i32 0, void @empty_2, void @empty_2, void @empty_2, i32 0, i32 0, i32 0, i32 0, void @empty_2, void @empty_2, i32 4294967295, i32 0"   --->   Operation 11 'specinterface' 'specinterface_ln0' <Predicate = true> <Delay = 0.00>
ST_1 : Operation 12 [1/1] (0.38ns)   --->   "%store_ln0 = store i31 0, i31 %i"   --->   Operation 12 'store' 'store_ln0' <Predicate = true> <Delay = 0.38>
ST_1 : Operation 13 [1/1] (0.00ns)   --->   "%br_ln0 = br void %for.inc.i"   --->   Operation 13 'br' 'br_ln0' <Predicate = true> <Delay = 0.00>
ST_1 : Operation 14 [1/1] (0.00ns)   --->   "%i_load = load i31 %i"   --->   Operation 14 'load' 'i_load' <Predicate = true> <Delay = 0.00>
ST_1 : Operation 15 [1/1] (0.00ns)   --->   "%zext_ln9 = zext i31 %i_load" [/home/cnic/wz/workspace/multi_scoring_kernels/src/krnl_scoring_unit.cpp:9]   --->   Operation 15 'zext' 'zext_ln9' <Predicate = true> <Delay = 0.00>
ST_1 : Operation 16 [1/1] (0.85ns)   --->   "%icmp_ln9 = icmp_slt  i32 %zext_ln9, i32 %size_read" [/home/cnic/wz/workspace/multi_scoring_kernels/src/krnl_scoring_unit.cpp:9]   --->   Operation 16 'icmp' 'icmp_ln9' <Predicate = true> <Delay = 0.85> <CoreInst = "Cmp">   --->   Core 9 'Cmp' <Latency = 0> <II = 1> <Delay = 0.85> <FuncUnit> <Opcode : 'icmp'> <InPorts = 2> <OutPorts = 1>
ST_1 : Operation 17 [1/1] (0.87ns)   --->   "%add_ln9 = add i31 %i_load, i31 1"   --->   Operation 17 'add' 'add_ln9' <Predicate = true> <Delay = 0.87> <CoreInst = "Adder">   --->   Core 1 'Adder' <Latency = 0> <II = 1> <Delay = 0.87> <FuncUnit> <Opcode : 'add' 'sub'> <InPorts = 2> <OutPorts = 1>
ST_1 : Operation 18 [1/1] (0.00ns)   --->   "%br_ln9 = br i1 %icmp_ln9, void %load_input.exit.exitStub, void %for.inc.split.i" [/home/cnic/wz/workspace/multi_scoring_kernels/src/krnl_scoring_unit.cpp:9]   --->   Operation 18 'br' 'br_ln9' <Predicate = true> <Delay = 0.00>
ST_1 : Operation 19 [1/1] (0.38ns)   --->   "%store_ln9 = store i31 %add_ln9, i31 %i" [/home/cnic/wz/workspace/multi_scoring_kernels/src/krnl_scoring_unit.cpp:9]   --->   Operation 19 'store' 'store_ln9' <Predicate = (icmp_ln9)> <Delay = 0.38>

State 2 <SV = 1> <Delay = 2.43>
ST_2 : Operation 20 [1/1] (0.00ns)   --->   "%gmem0_addr = getelementptr i32 %gmem0, i64 %sext_ln9_cast" [/home/cnic/wz/workspace/multi_scoring_kernels/src/krnl_scoring_unit.cpp:9]   --->   Operation 20 'getelementptr' 'gmem0_addr' <Predicate = true> <Delay = 0.00>
ST_2 : Operation 21 [1/1] (0.00ns)   --->   "%specpipeline_ln0 = specpipeline void @_ssdm_op_SpecPipeline, i32 4294967295, i32 0, i32 1, i32 0, void @p_str"   --->   Operation 21 'specpipeline' 'specpipeline_ln0' <Predicate = true> <Delay = 0.00>
ST_2 : Operation 22 [1/1] (2.43ns)   --->   "%gmem0_addr_read = read i32 @_ssdm_op_Read.m_axi.p1i32, i32 %gmem0_addr" [/home/cnic/wz/workspace/multi_scoring_kernels/src/krnl_scoring_unit.cpp:10]   --->   Operation 22 'read' 'gmem0_addr_read' <Predicate = (icmp_ln9)> <Delay = 2.43> <CoreInst = "m_axi">   --->   Core 121 'm_axi' <Latency = 0> <II = 1> <Delay = 1.00> <Adapter> <Opcode : 'read' 'write' 'readreq' 'writereq' 'writeresp'>
ST_2 : Operation 26 [1/1] (0.00ns)   --->   "%ret_ln0 = ret"   --->   Operation 26 'ret' 'ret_ln0' <Predicate = (!icmp_ln9)> <Delay = 0.00>

State 3 <SV = 2> <Delay = 1.21>
ST_3 : Operation 23 [1/1] (0.00ns)   --->   "%specloopname_ln9 = specloopname void @_ssdm_op_SpecLoopName, void @empty_11" [/home/cnic/wz/workspace/multi_scoring_kernels/src/krnl_scoring_unit.cpp:9]   --->   Operation 23 'specloopname' 'specloopname_ln9' <Predicate = true> <Delay = 0.00>
ST_3 : Operation 24 [1/1] (1.21ns)   --->   "%write_ln10 = write void @_ssdm_op_Write.ap_fifo.volatile.i32P0A, i32 %in1_stream, i32 %gmem0_addr_read" [/home/cnic/wz/workspace/multi_scoring_kernels/src/krnl_scoring_unit.cpp:10]   --->   Operation 24 'write' 'write_ln10' <Predicate = true> <Delay = 1.21> <CoreInst = "FIFO_SRL">   --->   Core 81 'FIFO_SRL' <Latency = 0> <II = 1> <Delay = 1.39> <Storage> <Opcode : 'read' 'write' 'nbread' 'nbwrite'> <Ports = 0> <Width = 32> <Depth = 2> <FIFO>
ST_3 : Operation 25 [1/1] (0.00ns)   --->   "%br_ln9 = br void %for.inc.i" [/home/cnic/wz/workspace/multi_scoring_kernels/src/krnl_scoring_unit.cpp:9]   --->   Operation 25 'br' 'br_ln9' <Predicate = true> <Delay = 0.00>


============================================================
+ Verbose Summary: Binding
============================================================
STG Binding: 
---------------- STG Properties BEGIN ----------------
- Is combinational: 0
- Is one-state seq: 0
- Is datapath-only: 0
- Is pipelined: 0
- Is top level: 0
Port [ Return ] is wired: 1; IO mode=ap_ctrl_hs:ce=0
Port [ gmem0]:  wired=1; compound=1; hidden=0; nouse=0; global=0; static=0; extern=0; dir=0; type=4; pingpong=0; private_global=0; IO mode=m_axi:ce=0
Port [ sext_ln9]:  wired=1; compound=0; hidden=0; nouse=0; global=0; static=0; extern=0; dir=0; type=0; pingpong=0; private_global=0; IO mode=ap_none:ce=0
Port [ size]:  wired=1; compound=0; hidden=0; nouse=0; global=0; static=0; extern=0; dir=0; type=0; pingpong=0; private_global=0; IO mode=ap_none:ce=0
Port [ in1_stream]:  wired=1; compound=1; hidden=0; nouse=0; global=1; static=1; extern=0; dir=1; type=3; pingpong=0; private_global=0; IO mode=ap_fifo:ce=0
---------------- STG Properties END ------------------

---------------- Datapath Model BEGIN ----------------

<LifeTime>
<method=bitvector/>
i                 (alloca       ) [ 0100]
size_read         (read         ) [ 0000]
sext_ln9_read     (read         ) [ 0000]
sext_ln9_cast     (sext         ) [ 0110]
specinterface_ln0 (specinterface) [ 0000]
specinterface_ln0 (specinterface) [ 0000]
store_ln0         (store        ) [ 0000]
br_ln0            (br           ) [ 0000]
i_load            (load         ) [ 0000]
zext_ln9          (zext         ) [ 0000]
icmp_ln9          (icmp         ) [ 0110]
add_ln9           (add          ) [ 0000]
br_ln9            (br           ) [ 0000]
store_ln9         (store        ) [ 0000]
gmem0_addr        (getelementptr) [ 0000]
specpipeline_ln0  (specpipeline ) [ 0000]
gmem0_addr_read   (read         ) [ 0101]
specloopname_ln9  (specloopname ) [ 0000]
write_ln10        (write        ) [ 0000]
br_ln9            (br           ) [ 0000]
ret_ln0           (ret          ) [ 0000]
</LifeTime>

<model>

<comp_list>
<comp id="0" class="1000" name="gmem0">
<pin_list>
<pin id="1" dir="1" index="0" bw="1" slack="0"/>
</pin_list>
<bind>
<StgValue><ssdm name="gmem0"/></StgValue>
</bind>
</comp>

<comp id="2" class="1000" name="sext_ln9">
<pin_list>
<pin id="3" dir="1" index="0" bw="1" slack="0"/>
</pin_list>
<bind>
<StgValue><ssdm name="sext_ln9"/></StgValue>
</bind>
</comp>

<comp id="4" class="1000" name="size">
<pin_list>
<pin id="5" dir="1" index="0" bw="1" slack="0"/>
</pin_list>
<bind>
<StgValue><ssdm name="size"/></StgValue>
</bind>
</comp>

<comp id="6" class="1000" name="in1_stream">
<pin_list>
<pin id="7" dir="1" index="0" bw="1" slack="0"/>
</pin_list>
<bind>
<StgValue><ssdm name="in1_stream"/></StgValue>
</bind>
</comp>

<comp id="8" class="1001" name="const_8">
<pin_list>
<pin id="9" dir="1" index="0" bw="1" slack="0"/>
</pin_list>
<bind>
<StgValue><ssdm name=""/></StgValue>
</bind>
</comp>

<comp id="10" class="1001" name="const_10">
<pin_list>
<pin id="11" dir="1" index="0" bw="1" slack="0"/>
</pin_list>
<bind>
<StgValue><ssdm name="_ssdm_op_Read.ap_auto.i32"/></StgValue>
</bind>
</comp>

<comp id="12" class="1001" name="const_12">
<pin_list>
<pin id="13" dir="1" index="0" bw="1" slack="0"/>
</pin_list>
<bind>
<StgValue><ssdm name="_ssdm_op_Read.ap_auto.i62"/></StgValue>
</bind>
</comp>

<comp id="14" class="1001" name="const_14">
<pin_list>
<pin id="15" dir="1" index="0" bw="1" slack="2147483647"/>
</pin_list>
<bind>
<StgValue><ssdm name="_ssdm_op_SpecInterface"/></StgValue>
</bind>
</comp>

<comp id="16" class="1001" name="const_16">
<pin_list>
<pin id="17" dir="1" index="0" bw="1" slack="2147483647"/>
</pin_list>
<bind>
<StgValue><ssdm name="empty_1"/></StgValue>
</bind>
</comp>

<comp id="18" class="1001" name="const_18">
<pin_list>
<pin id="19" dir="1" index="0" bw="1" slack="2147483647"/>
</pin_list>
<bind>
<StgValue><ssdm name=""/></StgValue>
</bind>
</comp>

<comp id="20" class="1001" name="const_20">
<pin_list>
<pin id="21" dir="1" index="0" bw="1" slack="2147483647"/>
</pin_list>
<bind>
<StgValue><ssdm name="empty_2"/></StgValue>
</bind>
</comp>

<comp id="22" class="1001" name="const_22">
<pin_list>
<pin id="23" dir="1" index="0" bw="1" slack="2147483647"/>
</pin_list>
<bind>
<StgValue><ssdm name=""/></StgValue>
</bind>
</comp>

<comp id="24" class="1001" name="const_24">
<pin_list>
<pin id="25" dir="1" index="0" bw="1" slack="2147483647"/>
</pin_list>
<bind>
<StgValue><ssdm name="empty_20"/></StgValue>
</bind>
</comp>

<comp id="26" class="1001" name="const_26">
<pin_list>
<pin id="27" dir="1" index="0" bw="1" slack="2147483647"/>
</pin_list>
<bind>
<StgValue><ssdm name="empty_19"/></StgValue>
</bind>
</comp>

<comp id="28" class="1001" name="const_28">
<pin_list>
<pin id="29" dir="1" index="0" bw="1" slack="2147483647"/>
</pin_list>
<bind>
<StgValue><ssdm name=""/></StgValue>
</bind>
</comp>

<comp id="30" class="1001" name="const_30">
<pin_list>
<pin id="31" dir="1" index="0" bw="1" slack="2147483647"/>
</pin_list>
<bind>
<StgValue><ssdm name=""/></StgValue>
</bind>
</comp>

<comp id="32" class="1001" name="const_32">
<pin_list>
<pin id="33" dir="1" index="0" bw="1" slack="2147483647"/>
</pin_list>
<bind>
<StgValue><ssdm name="empty_14"/></StgValue>
</bind>
</comp>

<comp id="34" class="1001" name="const_34">
<pin_list>
<pin id="35" dir="1" index="0" bw="1" slack="0"/>
</pin_list>
<bind>
<StgValue><ssdm name=""/></StgValue>
</bind>
</comp>

<comp id="36" class="1001" name="const_36">
<pin_list>
<pin id="37" dir="1" index="0" bw="1" slack="0"/>
</pin_list>
<bind>
<StgValue><ssdm name=""/></StgValue>
</bind>
</comp>

<comp id="38" class="1001" name="const_38">
<pin_list>
<pin id="39" dir="1" index="0" bw="1" slack="2147483647"/>
</pin_list>
<bind>
<StgValue><ssdm name="_ssdm_op_SpecPipeline"/></StgValue>
</bind>
</comp>

<comp id="40" class="1001" name="const_40">
<pin_list>
<pin id="41" dir="1" index="0" bw="1" slack="2147483647"/>
</pin_list>
<bind>
<StgValue><ssdm name="p_str"/></StgValue>
</bind>
</comp>

<comp id="42" class="1001" name="const_42">
<pin_list>
<pin id="43" dir="1" index="0" bw="1" slack="0"/>
</pin_list>
<bind>
<StgValue><ssdm name="_ssdm_op_Read.m_axi.p1i32"/></StgValue>
</bind>
</comp>

<comp id="44" class="1001" name="const_44">
<pin_list>
<pin id="45" dir="1" index="0" bw="1" slack="2147483647"/>
</pin_list>
<bind>
<StgValue><ssdm name="_ssdm_op_SpecLoopName"/></StgValue>
</bind>
</comp>

<comp id="46" class="1001" name="const_46">
<pin_list>
<pin id="47" dir="1" index="0" bw="1" slack="2147483647"/>
</pin_list>
<bind>
<StgValue><ssdm name="empty_11"/></StgValue>
</bind>
</comp>

<comp id="48" class="1001" name="const_48">
<pin_list>
<pin id="49" dir="1" index="0" bw="1" slack="0"/>
</pin_list>
<bind>
<StgValue><ssdm name="_ssdm_op_Write.ap_fifo.volatile.i32P0A"/></StgValue>
</bind>
</comp>

<comp id="50" class="1004" name="i_fu_50">
<pin_list>
<pin id="51" dir="0" index="0" bw="1" slack="0"/>
<pin id="52" dir="1" index="1" bw="31" slack="0"/>
</pin_list>
<bind>
<opcode="alloca(26) " fcode="alloca"/>
<opset="i/1 "/>
</bind>
</comp>

<comp id="54" class="1004" name="size_read_read_fu_54">
<pin_list>
<pin id="55" dir="0" index="0" bw="32" slack="0"/>
<pin id="56" dir="0" index="1" bw="32" slack="0"/>
<pin id="57" dir="1" index="2" bw="32" slack="0"/>
</pin_list>
<bind>
<opcode="read(1150) " fcode="read"/>
<opset="size_read/1 "/>
</bind>
</comp>

<comp id="60" class="1004" name="sext_ln9_read_read_fu_60">
<pin_list>
<pin id="61" dir="0" index="0" bw="62" slack="0"/>
<pin id="62" dir="0" index="1" bw="62" slack="0"/>
<pin id="63" dir="1" index="2" bw="62" slack="0"/>
</pin_list>
<bind>
<opcode="read(1150) " fcode="read"/>
<opset="sext_ln9_read/1 "/>
</bind>
</comp>

<comp id="66" class="1004" name="gmem0_addr_read_read_fu_66">
<pin_list>
<pin id="67" dir="0" index="0" bw="32" slack="0"/>
<pin id="68" dir="0" index="1" bw="32" slack="0"/>
<pin id="69" dir="1" index="2" bw="32" slack="1"/>
</pin_list>
<bind>
<opcode="read(1150) " fcode="read"/>
<opset="gmem0_addr_read/2 "/>
</bind>
</comp>

<comp id="71" class="1004" name="write_ln10_write_fu_71">
<pin_list>
<pin id="72" dir="0" index="0" bw="0" slack="0"/>
<pin id="73" dir="0" index="1" bw="32" slack="0"/>
<pin id="74" dir="0" index="2" bw="32" slack="1"/>
<pin id="75" dir="1" index="3" bw="0" slack="2147483647"/>
</pin_list>
<bind>
<opcode="write(1151) " fcode="write"/>
<opset="write_ln10/3 "/>
</bind>
</comp>

<comp id="78" class="1004" name="sext_ln9_cast_fu_78">
<pin_list>
<pin id="79" dir="0" index="0" bw="62" slack="0"/>
<pin id="80" dir="1" index="1" bw="64" slack="1"/>
</pin_list>
<bind>
<opcode="sext(35) " fcode="sext"/>
<opset="sext_ln9_cast/1 "/>
</bind>
</comp>

<comp id="82" class="1004" name="store_ln0_store_fu_82">
<pin_list>
<pin id="83" dir="0" index="0" bw="1" slack="0"/>
<pin id="84" dir="0" index="1" bw="31" slack="0"/>
<pin id="85" dir="1" index="2" bw="0" slack="2147483647"/>
</pin_list>
<bind>
<opcode="store(28) " fcode="store"/>
<opset="store_ln0/1 "/>
</bind>
</comp>

<comp id="87" class="1004" name="i_load_load_fu_87">
<pin_list>
<pin id="88" dir="0" index="0" bw="31" slack="0"/>
<pin id="89" dir="1" index="1" bw="31" slack="0"/>
</pin_list>
<bind>
<opcode="load(27) " fcode="load"/>
<opset="i_load/1 "/>
</bind>
</comp>

<comp id="90" class="1004" name="zext_ln9_fu_90">
<pin_list>
<pin id="91" dir="0" index="0" bw="31" slack="0"/>
<pin id="92" dir="1" index="1" bw="32" slack="0"/>
</pin_list>
<bind>
<opcode="zext(34) " fcode="zext"/>
<opset="zext_ln9/1 "/>
</bind>
</comp>

<comp id="94" class="1004" name="icmp_ln9_fu_94">
<pin_list>
<pin id="95" dir="0" index="0" bw="31" slack="0"/>
<pin id="96" dir="0" index="1" bw="32" slack="0"/>
<pin id="97" dir="1" index="2" bw="1" slack="1"/>
</pin_list>
<bind>
<opcode="icmp(45) " fcode="icmp"/>
<opset="icmp_ln9/1 "/>
</bind>
</comp>

<comp id="100" class="1004" name="add_ln9_fu_100">
<pin_list>
<pin id="101" dir="0" index="0" bw="31" slack="0"/>
<pin id="102" dir="0" index="1" bw="1" slack="0"/>
<pin id="103" dir="1" index="2" bw="31" slack="0"/>
</pin_list>
<bind>
<opcode="add(8) " fcode="add"/>
<opset="add_ln9/1 "/>
</bind>
</comp>

<comp id="106" class="1004" name="store_ln9_store_fu_106">
<pin_list>
<pin id="107" dir="0" index="0" bw="31" slack="0"/>
<pin id="108" dir="0" index="1" bw="31" slack="0"/>
<pin id="109" dir="1" index="2" bw="0" slack="2147483647"/>
</pin_list>
<bind>
<opcode="store(28) " fcode="store"/>
<opset="store_ln9/1 "/>
</bind>
</comp>

<comp id="111" class="1004" name="gmem0_addr_fu_111">
<pin_list>
<pin id="112" dir="0" index="0" bw="32" slack="0"/>
<pin id="113" dir="0" index="1" bw="62" slack="1"/>
<pin id="114" dir="1" index="2" bw="32" slack="0"/>
</pin_list>
<bind>
<opcode="getelementptr(29) " fcode="getelementptr"/>
<opset="gmem0_addr/2 "/>
</bind>
</comp>

<comp id="117" class="1005" name="i_reg_117">
<pin_list>
<pin id="118" dir="0" index="0" bw="31" slack="0"/>
<pin id="119" dir="1" index="1" bw="31" slack="0"/>
</pin_list>
<bind>
<opset="i "/>
</bind>
</comp>

<comp id="124" class="1005" name="sext_ln9_cast_reg_124">
<pin_list>
<pin id="125" dir="0" index="0" bw="64" slack="1"/>
<pin id="126" dir="1" index="1" bw="64" slack="1"/>
</pin_list>
<bind>
<opset="sext_ln9_cast "/>
</bind>
</comp>

<comp id="129" class="1005" name="icmp_ln9_reg_129">
<pin_list>
<pin id="130" dir="0" index="0" bw="1" slack="1"/>
<pin id="131" dir="1" index="1" bw="1" slack="2147483647"/>
</pin_list>
<bind>
<opset="icmp_ln9 "/>
</bind>
</comp>

<comp id="133" class="1005" name="gmem0_addr_read_reg_133">
<pin_list>
<pin id="134" dir="0" index="0" bw="32" slack="1"/>
<pin id="135" dir="1" index="1" bw="32" slack="1"/>
</pin_list>
<bind>
<opset="gmem0_addr_read "/>
</bind>
</comp>

</comp_list>

<net_list>
<net id="53"><net_src comp="8" pin="0"/><net_sink comp="50" pin=0"/></net>

<net id="58"><net_src comp="10" pin="0"/><net_sink comp="54" pin=0"/></net>

<net id="59"><net_src comp="4" pin="0"/><net_sink comp="54" pin=1"/></net>

<net id="64"><net_src comp="12" pin="0"/><net_sink comp="60" pin=0"/></net>

<net id="65"><net_src comp="2" pin="0"/><net_sink comp="60" pin=1"/></net>

<net id="70"><net_src comp="42" pin="0"/><net_sink comp="66" pin=0"/></net>

<net id="76"><net_src comp="48" pin="0"/><net_sink comp="71" pin=0"/></net>

<net id="77"><net_src comp="6" pin="0"/><net_sink comp="71" pin=1"/></net>

<net id="81"><net_src comp="60" pin="2"/><net_sink comp="78" pin=0"/></net>

<net id="86"><net_src comp="34" pin="0"/><net_sink comp="82" pin=0"/></net>

<net id="93"><net_src comp="87" pin="1"/><net_sink comp="90" pin=0"/></net>

<net id="98"><net_src comp="90" pin="1"/><net_sink comp="94" pin=0"/></net>

<net id="99"><net_src comp="54" pin="2"/><net_sink comp="94" pin=1"/></net>

<net id="104"><net_src comp="87" pin="1"/><net_sink comp="100" pin=0"/></net>

<net id="105"><net_src comp="36" pin="0"/><net_sink comp="100" pin=1"/></net>

<net id="110"><net_src comp="100" pin="2"/><net_sink comp="106" pin=0"/></net>

<net id="115"><net_src comp="0" pin="0"/><net_sink comp="111" pin=0"/></net>

<net id="116"><net_src comp="111" pin="2"/><net_sink comp="66" pin=1"/></net>

<net id="120"><net_src comp="50" pin="1"/><net_sink comp="117" pin=0"/></net>

<net id="121"><net_src comp="117" pin="1"/><net_sink comp="82" pin=1"/></net>

<net id="122"><net_src comp="117" pin="1"/><net_sink comp="87" pin=0"/></net>

<net id="123"><net_src comp="117" pin="1"/><net_sink comp="106" pin=1"/></net>

<net id="127"><net_src comp="78" pin="1"/><net_sink comp="124" pin=0"/></net>

<net id="128"><net_src comp="124" pin="1"/><net_sink comp="111" pin=1"/></net>

<net id="132"><net_src comp="94" pin="2"/><net_sink comp="129" pin=0"/></net>

<net id="136"><net_src comp="66" pin="2"/><net_sink comp="133" pin=0"/></net>

<net id="137"><net_src comp="133" pin="1"/><net_sink comp="71" pin=2"/></net>

</net_list>

</model> 
---------------- Datapath Model END ------------------

* FSMD analyzer results:
  - Output states:
	Port: in1_stream | {3 }
 - Input state : 
	Port: load_input_Pipeline_mem_rd : gmem0 | {2 }
	Port: load_input_Pipeline_mem_rd : sext_ln9 | {1 }
	Port: load_input_Pipeline_mem_rd : size | {1 }
  - Chain level:
	State 1
		store_ln0 : 1
		i_load : 1
		zext_ln9 : 2
		icmp_ln9 : 3
		add_ln9 : 2
		br_ln9 : 4
		store_ln9 : 3
	State 2
		gmem0_addr_read : 1
	State 3


============================================================
+ Verbose Summary: Datapath Resource usage 
============================================================

* Functional unit list:
|----------|----------------------------|---------|---------|
| Operation|       Functional Unit      |    FF   |   LUT   |
|----------|----------------------------|---------|---------|
|    add   |       add_ln9_fu_100       |    0    |    38   |
|----------|----------------------------|---------|---------|
|   icmp   |       icmp_ln9_fu_94       |    0    |    20   |
|----------|----------------------------|---------|---------|
|          |    size_read_read_fu_54    |    0    |    0    |
|   read   |  sext_ln9_read_read_fu_60  |    0    |    0    |
|          | gmem0_addr_read_read_fu_66 |    0    |    0    |
|----------|----------------------------|---------|---------|
|   write  |   write_ln10_write_fu_71   |    0    |    0    |
|----------|----------------------------|---------|---------|
|   sext   |     sext_ln9_cast_fu_78    |    0    |    0    |
|----------|----------------------------|---------|---------|
|   zext   |       zext_ln9_fu_90       |    0    |    0    |
|----------|----------------------------|---------|---------|
|   Total  |                            |    0    |    58   |
|----------|----------------------------|---------|---------|

Memories:
N/A

* Register list:
+-----------------------+--------+
|                       |   FF   |
+-----------------------+--------+
|gmem0_addr_read_reg_133|   32   |
|       i_reg_117       |   31   |
|    icmp_ln9_reg_129   |    1   |
| sext_ln9_cast_reg_124 |   64   |
+-----------------------+--------+
|         Total         |   128  |
+-----------------------+--------+

* Multiplexer (MUX) list: 
|--------|------|------|------|--------|
|  Comp  |  Pin | Size |  BW  | S x BW |
|--------|------|------|------|--------|
|  Total |      |      |      |    0   |
|--------|------|------|------|--------|



* Summary:
+-----------+--------+--------+
|           |   FF   |   LUT  |
+-----------+--------+--------+
|  Function |    0   |   58   |
|   Memory  |    -   |    -   |
|Multiplexer|    -   |    -   |
|  Register |   128  |    -   |
+-----------+--------+--------+
|   Total   |   128  |   58   |
+-----------+--------+--------+
