#-----------------------------------------------------------
# Vivado v2022.2 (64-bit)
# SW Build 3671981 on Fri Oct 14 04:59:54 MDT 2022
# IP Build 3669848 on Fri Oct 14 08:30:02 MDT 2022
# Start of session at: Wed Mar 27 18:58:13 2024
# Process ID: 18857
# Current directory: /home/cnic/wz/workspace/multi_scoring_kernels/Emulation-HW/build/krnl_scoring/krnl_scoring/krnl_scoring/solution/impl/ip
# Command line: vivado -notrace -mode batch -source run_ippack.tcl
# Log file: /home/cnic/wz/workspace/multi_scoring_kernels/Emulation-HW/build/krnl_scoring/krnl_scoring/krnl_scoring/solution/impl/ip/vivado.log
# Journal file: /home/cnic/wz/workspace/multi_scoring_kernels/Emulation-HW/build/krnl_scoring/krnl_scoring/krnl_scoring/solution/impl/ip/vivado.jou
# Running On: ts02, OS: Linux, CPU Frequency: 2100.000 MHz, CPU Physical cores: 16, Host memory: 134678 MB
#-----------------------------------------------------------
source run_ippack.tcl -notrace
INFO: [IP_Flow 19-234] Refreshing IP repositories
INFO: [IP_Flow 19-1704] No user IP repositories specified
INFO: [IP_Flow 19-2313] Loaded Vivado IP repository '/tools/Xilinx/Vivado/2022.2/data/ip'.
WARNING: [IP_Flow 19-4832] The IP name 'krnl_scoring_fadd_32ns_32ns_32_7_full_dsp_1_ip' you have specified is long. The Windows operating system has path length limitations. It is recommended you use shorter names to reduce the likelihood of issues.
INFO: [IP_Flow 19-1686] Generating 'Synthesis' target for IP 'krnl_scoring_fadd_32ns_32ns_32_7_full_dsp_1_ip'...
INFO: [IP_Flow 19-1686] Generating 'Simulation' target for IP 'krnl_scoring_fadd_32ns_32ns_32_7_full_dsp_1_ip'...
WARNING: [IP_Flow 19-4832] The IP name 'krnl_scoring_faddfsub_32ns_32ns_32_7_full_dsp_1_ip' you have specified is long. The Windows operating system has path length limitations. It is recommended you use shorter names to reduce the likelihood of issues.
INFO: [IP_Flow 19-1686] Generating 'Synthesis' target for IP 'krnl_scoring_faddfsub_32ns_32ns_32_7_full_dsp_1_ip'...
INFO: [IP_Flow 19-1686] Generating 'Simulation' target for IP 'krnl_scoring_faddfsub_32ns_32ns_32_7_full_dsp_1_ip'...
WARNING: [IP_Flow 19-4832] The IP name 'krnl_scoring_fdiv_32ns_32ns_32_12_no_dsp_1_ip' you have specified is long. The Windows operating system has path length limitations. It is recommended you use shorter names to reduce the likelihood of issues.
INFO: [IP_Flow 19-1686] Generating 'Synthesis' target for IP 'krnl_scoring_fdiv_32ns_32ns_32_12_no_dsp_1_ip'...
INFO: [IP_Flow 19-1686] Generating 'Simulation' target for IP 'krnl_scoring_fdiv_32ns_32ns_32_12_no_dsp_1_ip'...
WARNING: [IP_Flow 19-4832] The IP name 'krnl_scoring_fmul_32ns_32ns_32_4_max_dsp_1_ip' you have specified is long. The Windows operating system has path length limitations. It is recommended you use shorter names to reduce the likelihood of issues.
INFO: [IP_Flow 19-1686] Generating 'Synthesis' target for IP 'krnl_scoring_fmul_32ns_32ns_32_4_max_dsp_1_ip'...
INFO: [IP_Flow 19-1686] Generating 'Simulation' target for IP 'krnl_scoring_fmul_32ns_32ns_32_4_max_dsp_1_ip'...
WARNING: [IP_Flow 19-4832] The IP name 'krnl_scoring_fsqrt_32ns_32ns_32_12_no_dsp_1_ip' you have specified is long. The Windows operating system has path length limitations. It is recommended you use shorter names to reduce the likelihood of issues.
INFO: [IP_Flow 19-1686] Generating 'Synthesis' target for IP 'krnl_scoring_fsqrt_32ns_32ns_32_12_no_dsp_1_ip'...
INFO: [IP_Flow 19-1686] Generating 'Simulation' target for IP 'krnl_scoring_fsqrt_32ns_32ns_32_12_no_dsp_1_ip'...
INFO: [IP_Flow 19-234] Refreshing IP repositories
INFO: [IP_Flow 19-1704] No user IP repositories specified
INFO: [IP_Flow 19-2313] Loaded Vivado IP repository '/tools/Xilinx/Vivado/2022.2/data/ip'.
Running package_xo -xo_path /home/cnic/wz/workspace/multi_scoring_kernels/Emulation-HW/build/krnl_scoring/krnl_scoring/krnl_scoring/solution/impl/export.xo -kernel_name krnl_scoring -kernel_xml /home/cnic/wz/workspace/multi_scoring_kernels/Emulation-HW/build/krnl_scoring/krnl_scoring/krnl_scoring/solution/impl/ip/../kernel/kernel.xml -kernel_files /home/cnic/wz/workspace/multi_scoring_kernels/src/krnl_scoring_unit.cpp -ip_directory /home/cnic/wz/workspace/multi_scoring_kernels/Emulation-HW/build/krnl_scoring/krnl_scoring/krnl_scoring/solution/impl/ip/ip_unzip_dir -design_xml /home/cnic/wz/workspace/multi_scoring_kernels/Emulation-HW/build/krnl_scoring/krnl_scoring/krnl_scoring/solution/.autopilot/db/krnl_scoring.design.xml -debug_directory /home/cnic/wz/workspace/multi_scoring_kernels/Emulation-HW/build/krnl_scoring/krnl_scoring/krnl_scoring/solution/.debug -hls_directory /home/cnic/wz/workspace/multi_scoring_kernels/Emulation-HW/build/krnl_scoring/krnl_scoring/krnl_scoring/solution/impl/ip/hls_files
INFO: [Common 17-206] Exiting Vivado at Wed Mar 27 18:58:25 2024...
