

================================================================
== Vitis HLS Report for 'compute_add'
================================================================
* Date:           Mon Mar 25 16:41:29 2024

* Version:        2022.2 (Build 3670227 on Oct 13 2022)
* Project:        krnl_vadd
* Solution:       solution (Vitis Kernel Flow Target)
* Product family: virtexuplus
* Target device:  xcu280-fsvh2892-2L-e


================================================================
== Performance Estimates
================================================================
+ Timing: 
    * Summary: 
    +--------+---------+----------+------------+
    |  Clock |  Target | Estimated| Uncertainty|
    +--------+---------+----------+------------+
    |ap_clk  |  3.33 ns|  2.433 ns|     0.90 ns|
    +--------+---------+----------+------------+

+ Latency: 
    * Summary: 
    +---------+---------+-----------+-----------+------+------+---------+
    |  Latency (cycles) |   Latency (absolute)  |   Interval  | Pipeline|
    |   min   |   max   |    min    |    max    |  min |  max |   Type  |
    +---------+---------+-----------+-----------+------+------+---------+
    |     4101|     4101|  13.669 us|  13.669 us|  4101|  4101|       no|
    +---------+---------+-----------+-----------+------+------+---------+

    + Detail: 
        * Instance: 
        +----------------------------------------+------------------------------+---------+---------+-----------+-----------+------+------+---------+
        |                                        |                              |  Latency (cycles) |   Latency (absolute)  |   Interval  | Pipeline|
        |                Instance                |            Module            |   min   |   max   |    min    |    max    |  min |  max |   Type  |
        +----------------------------------------+------------------------------+---------+---------+-----------+-----------+------+------+---------+
        |grp_compute_add_Pipeline_execute_fu_52  |compute_add_Pipeline_execute  |     4099|     4099|  13.662 us|  13.662 us|  4099|  4099|       no|
        +----------------------------------------+------------------------------+---------+---------+-----------+-----------+------+------+---------+

        * Loop: 
        N/A



================================================================
== Utilization Estimates
================================================================
* Summary: 
+---------------------+---------+------+---------+---------+-----+
|         Name        | BRAM_18K|  DSP |    FF   |   LUT   | URAM|
+---------------------+---------+------+---------+---------+-----+
|DSP                  |        -|     -|        -|        -|    -|
|Expression           |        -|     -|        0|       10|    -|
|FIFO                 |        -|     -|        -|        -|    -|
|Instance             |        -|     -|       68|      172|    -|
|Memory               |        -|     -|        -|        -|    -|
|Multiplexer          |        -|     -|        -|       74|    -|
|Register             |        -|     -|       37|        -|    -|
+---------------------+---------+------+---------+---------+-----+
|Total                |        0|     0|      105|      256|    0|
+---------------------+---------+------+---------+---------+-----+
|Available SLR        |     1344|  3008|   869120|   434560|  320|
+---------------------+---------+------+---------+---------+-----+
|Utilization SLR (%)  |        0|     0|       ~0|       ~0|    0|
+---------------------+---------+------+---------+---------+-----+
|Available            |     4032|  9024|  2607360|  1303680|  960|
+---------------------+---------+------+---------+---------+-----+
|Utilization (%)      |        0|     0|       ~0|       ~0|    0|
+---------------------+---------+------+---------+---------+-----+

+ Detail: 
    * Instance: 
    +----------------------------------------+------------------------------+---------+----+----+-----+-----+
    |                Instance                |            Module            | BRAM_18K| DSP| FF | LUT | URAM|
    +----------------------------------------+------------------------------+---------+----+----+-----+-----+
    |grp_compute_add_Pipeline_execute_fu_52  |compute_add_Pipeline_execute  |        0|   0|  68|  172|    0|
    +----------------------------------------+------------------------------+---------+----+----+-----+-----+
    |Total                                   |                              |        0|   0|  68|  172|    0|
    +----------------------------------------+------------------------------+---------+----+----+-----+-----+

    * DSP: 
    N/A

    * Memory: 
    N/A

    * FIFO: 
    N/A

    * Expression: 
    +-----------------------+----------+----+---+----+------------+------------+
    |     Variable Name     | Operation| DSP| FF| LUT| Bitwidth P0| Bitwidth P1|
    +-----------------------+----------+----+---+----+------------+------------+
    |ap_ext_blocking_n      |       and|   0|  0|   2|           1|           2|
    |ap_int_blocking_cur_n  |       and|   0|  0|   2|           1|           1|
    |ap_int_blocking_n      |       and|   0|  0|   2|           1|           1|
    |ap_str_blocking_n      |       and|   0|  0|   2|           1|           2|
    |ap_block_state1        |        or|   0|  0|   2|           1|           1|
    +-----------------------+----------+----+---+----+------------+------------+
    |Total                  |          |   0|  0|  10|           5|           7|
    +-----------------------+----------+----+---+----+------------+------------+

    * Multiplexer: 
    +------------------+----+-----------+-----+-----------+
    |       Name       | LUT| Input Size| Bits| Total Bits|
    +------------------+----+-----------+-----+-----------+
    |ap_NS_fsm         |  20|          4|    1|          4|
    |ap_done           |   9|          2|    1|          2|
    |in1_stream_read   |   9|          2|    1|          2|
    |in2_stream_read   |   9|          2|    1|          2|
    |out_stream_write  |   9|          2|    1|          2|
    |size_blk_n        |   9|          2|    1|          2|
    |size_c_blk_n      |   9|          2|    1|          2|
    +------------------+----+-----------+-----+-----------+
    |Total             |  74|         16|    7|         16|
    +------------------+----+-----------+-----+-----------+

    * Register: 
    +-----------------------------------------------------+----+----+-----+-----------+
    |                         Name                        | FF | LUT| Bits| Const Bits|
    +-----------------------------------------------------+----+----+-----+-----------+
    |ap_CS_fsm                                            |   3|   0|    3|          0|
    |ap_done_reg                                          |   1|   0|    1|          0|
    |grp_compute_add_Pipeline_execute_fu_52_ap_start_reg  |   1|   0|    1|          0|
    |size_read_reg_63                                     |  32|   0|   32|          0|
    +-----------------------------------------------------+----+----+-----+-----------+
    |Total                                                |  37|   0|   37|          0|
    +-----------------------------------------------------+----+----+-----+-----------+



================================================================
== Interface
================================================================
* Summary: 
+---------------------------+-----+-----+------------+--------------+--------------+
|         RTL Ports         | Dir | Bits|  Protocol  | Source Object|    C Type    |
+---------------------------+-----+-----+------------+--------------+--------------+
|ap_clk                     |   in|    1|  ap_ctrl_hs|   compute_add|  return value|
|ap_rst                     |   in|    1|  ap_ctrl_hs|   compute_add|  return value|
|ap_start                   |   in|    1|  ap_ctrl_hs|   compute_add|  return value|
|ap_done                    |  out|    1|  ap_ctrl_hs|   compute_add|  return value|
|ap_continue                |   in|    1|  ap_ctrl_hs|   compute_add|  return value|
|ap_idle                    |  out|    1|  ap_ctrl_hs|   compute_add|  return value|
|ap_ready                   |  out|    1|  ap_ctrl_hs|   compute_add|  return value|
|ap_ext_blocking_n          |  out|    1|  ap_ctrl_hs|   compute_add|  return value|
|ap_str_blocking_n          |  out|    1|  ap_ctrl_hs|   compute_add|  return value|
|ap_int_blocking_n          |  out|    1|  ap_ctrl_hs|   compute_add|  return value|
|size_dout                  |   in|   32|     ap_fifo|          size|       pointer|
|size_num_data_valid        |   in|    2|     ap_fifo|          size|       pointer|
|size_fifo_cap              |   in|    2|     ap_fifo|          size|       pointer|
|size_empty_n               |   in|    1|     ap_fifo|          size|       pointer|
|size_read                  |  out|    1|     ap_fifo|          size|       pointer|
|size_c_din                 |  out|   32|     ap_fifo|        size_c|       pointer|
|size_c_num_data_valid      |   in|    2|     ap_fifo|        size_c|       pointer|
|size_c_fifo_cap            |   in|    2|     ap_fifo|        size_c|       pointer|
|size_c_full_n              |   in|    1|     ap_fifo|        size_c|       pointer|
|size_c_write               |  out|    1|     ap_fifo|        size_c|       pointer|
|in1_stream_dout            |   in|   32|     ap_fifo|    in1_stream|       pointer|
|in1_stream_num_data_valid  |   in|    2|     ap_fifo|    in1_stream|       pointer|
|in1_stream_fifo_cap        |   in|    2|     ap_fifo|    in1_stream|       pointer|
|in1_stream_empty_n         |   in|    1|     ap_fifo|    in1_stream|       pointer|
|in1_stream_read            |  out|    1|     ap_fifo|    in1_stream|       pointer|
|in2_stream_dout            |   in|   32|     ap_fifo|    in2_stream|       pointer|
|in2_stream_num_data_valid  |   in|    2|     ap_fifo|    in2_stream|       pointer|
|in2_stream_fifo_cap        |   in|    2|     ap_fifo|    in2_stream|       pointer|
|in2_stream_empty_n         |   in|    1|     ap_fifo|    in2_stream|       pointer|
|in2_stream_read            |  out|    1|     ap_fifo|    in2_stream|       pointer|
|out_stream_din             |  out|   32|     ap_fifo|    out_stream|       pointer|
|out_stream_num_data_valid  |   in|    2|     ap_fifo|    out_stream|       pointer|
|out_stream_fifo_cap        |   in|    2|     ap_fifo|    out_stream|       pointer|
|out_stream_full_n          |   in|    1|     ap_fifo|    out_stream|       pointer|
|out_stream_write           |  out|    1|     ap_fifo|    out_stream|       pointer|
+---------------------------+-----+-----+------------+--------------+--------------+

