

================================================================
== Vitis HLS Report for 'load_input_1_Pipeline_mem_rd'
================================================================
* Date:           Wed Mar 27 18:58:10 2024

* Version:        2022.2 (Build 3670227 on Oct 13 2022)
* Project:        krnl_scoring
* Solution:       solution (Vitis Kernel Flow Target)
* Product family: virtexuplus
* Target device:  xcu280-fsvh2892-2L-e


================================================================
== Performance Estimates
================================================================
+ Timing: 
    * Summary: 
    +--------+---------+----------+------------+
    |  Clock |  Target | Estimated| Uncertainty|
    +--------+---------+----------+------------+
    |ap_clk  |  3.33 ns|  2.433 ns|     0.90 ns|
    +--------+---------+----------+------------+

+ Latency: 
    * Summary: 
    +---------+---------+----------+----------+-----+-----+---------+
    |  Latency (cycles) |  Latency (absolute) |  Interval | Pipeline|
    |   min   |   max   |    min   |    max   | min | max |   Type  |
    +---------+---------+----------+----------+-----+-----+---------+
    |        ?|        ?|         ?|         ?|    ?|    ?|       no|
    +---------+---------+----------+----------+-----+-----+---------+

    + Detail: 
        * Instance: 
        N/A

        * Loop: 
        +----------+---------+---------+----------+-----------+-----------+------+----------+
        |          |  Latency (cycles) | Iteration|  Initiation Interval  | Trip |          |
        | Loop Name|   min   |   max   |  Latency |  achieved |   target  | Count| Pipelined|
        +----------+---------+---------+----------+-----------+-----------+------+----------+
        |- mem_rd  |        ?|        ?|         3|          1|          1|     ?|       yes|
        +----------+---------+---------+----------+-----------+-----------+------+----------+



================================================================
== Utilization Estimates
================================================================
* Summary: 
+---------------------+---------+------+---------+---------+-----+
|         Name        | BRAM_18K|  DSP |    FF   |   LUT   | URAM|
+---------------------+---------+------+---------+---------+-----+
|DSP                  |        -|     -|        -|        -|    -|
|Expression           |        -|     -|        0|       72|    -|
|FIFO                 |        -|     -|        -|        -|    -|
|Instance             |        -|     -|        -|        -|    -|
|Memory               |        -|     -|        -|        -|    -|
|Multiplexer          |        -|     -|        -|       54|    -|
|Register             |        -|     -|       69|        -|    -|
+---------------------+---------+------+---------+---------+-----+
|Total                |        0|     0|       69|      126|    0|
+---------------------+---------+------+---------+---------+-----+
|Available SLR        |     1344|  3008|   869120|   434560|  320|
+---------------------+---------+------+---------+---------+-----+
|Utilization SLR (%)  |        0|     0|       ~0|       ~0|    0|
+---------------------+---------+------+---------+---------+-----+
|Available            |     4032|  9024|  2607360|  1303680|  960|
+---------------------+---------+------+---------+---------+-----+
|Utilization (%)      |        0|     0|       ~0|       ~0|    0|
+---------------------+---------+------+---------+---------+-----+

+ Detail: 
    * Instance: 
    N/A

    * DSP: 
    N/A

    * Memory: 
    N/A

    * FIFO: 
    N/A

    * Expression: 
    +----------------------------------+----------+----+---+----+------------+------------+
    |           Variable Name          | Operation| DSP| FF| LUT| Bitwidth P0| Bitwidth P1|
    +----------------------------------+----------+----+---+----+------------+------------+
    |add_ln9_fu_100_p2                 |         +|   0|  0|  38|          31|           1|
    |ap_block_state2_pp0_stage0_iter1  |       and|   0|  0|   2|           1|           1|
    |ap_ext_blocking_cur_n             |       and|   0|  0|   2|           1|           0|
    |ap_ext_blocking_n                 |       and|   0|  0|   2|           1|           2|
    |ap_int_blocking_n                 |       and|   0|  0|   2|           2|           2|
    |ap_str_blocking_n                 |       and|   0|  0|   2|           2|           2|
    |icmp_ln9_fu_94_p2                 |      icmp|   0|  0|  20|          32|          32|
    |ap_block_pp0_stage0_01001         |        or|   0|  0|   2|           1|           1|
    |ap_enable_pp0                     |       xor|   0|  0|   2|           1|           2|
    +----------------------------------+----------+----+---+----+------------+------------+
    |Total                             |          |   0|  0|  72|          72|          43|
    +----------------------------------+----------+----+---+----+------------+------------+

    * Multiplexer: 
    +-------------------------+----+-----------+-----+-----------+
    |           Name          | LUT| Input Size| Bits| Total Bits|
    +-------------------------+----+-----------+-----+-----------+
    |ap_done_int              |   9|          2|    1|          2|
    |ap_enable_reg_pp0_iter2  |   9|          2|    1|          2|
    |ap_sig_allocacmp_i_load  |   9|          2|   31|         62|
    |gmem1_blk_n_R            |   9|          2|    1|          2|
    |i_fu_50                  |   9|          2|   31|         62|
    |in2_stream_blk_n         |   9|          2|    1|          2|
    +-------------------------+----+-----------+-----+-----------+
    |Total                    |  54|         12|   66|        132|
    +-------------------------+----+-----------+-----+-----------+

    * Register: 
    +----------------------------------+----+----+-----+-----------+
    |               Name               | FF | LUT| Bits| Const Bits|
    +----------------------------------+----+----+-----+-----------+
    |ap_CS_fsm                         |   1|   0|    1|          0|
    |ap_done_reg                       |   1|   0|    1|          0|
    |ap_enable_reg_pp0_iter1           |   1|   0|    1|          0|
    |ap_enable_reg_pp0_iter2           |   1|   0|    1|          0|
    |ap_loop_exit_ready_pp0_iter1_reg  |   1|   0|    1|          0|
    |gmem1_addr_read_reg_133           |  32|   0|   32|          0|
    |i_fu_50                           |  31|   0|   31|          0|
    |icmp_ln9_reg_129                  |   1|   0|    1|          0|
    +----------------------------------+----+----+-----+-----------+
    |Total                             |  69|   0|   69|          0|
    +----------------------------------+----+----+-----+-----------+



================================================================
== Interface
================================================================
* Summary: 
+---------------------------+-----+-----+------------+------------------------------+--------------+
|         RTL Ports         | Dir | Bits|  Protocol  |         Source Object        |    C Type    |
+---------------------------+-----+-----+------------+------------------------------+--------------+
|ap_clk                     |   in|    1|  ap_ctrl_hs|  load_input.1_Pipeline_mem_rd|  return value|
|ap_rst                     |   in|    1|  ap_ctrl_hs|  load_input.1_Pipeline_mem_rd|  return value|
|ap_start                   |   in|    1|  ap_ctrl_hs|  load_input.1_Pipeline_mem_rd|  return value|
|ap_done                    |  out|    1|  ap_ctrl_hs|  load_input.1_Pipeline_mem_rd|  return value|
|ap_idle                    |  out|    1|  ap_ctrl_hs|  load_input.1_Pipeline_mem_rd|  return value|
|ap_ready                   |  out|    1|  ap_ctrl_hs|  load_input.1_Pipeline_mem_rd|  return value|
|ap_ext_blocking_n          |  out|    1|  ap_ctrl_hs|  load_input.1_Pipeline_mem_rd|  return value|
|ap_str_blocking_n          |  out|    1|  ap_ctrl_hs|  load_input.1_Pipeline_mem_rd|  return value|
|ap_int_blocking_n          |  out|    1|  ap_ctrl_hs|  load_input.1_Pipeline_mem_rd|  return value|
|m_axi_gmem1_AWVALID        |  out|    1|       m_axi|                         gmem1|       pointer|
|m_axi_gmem1_AWREADY        |   in|    1|       m_axi|                         gmem1|       pointer|
|m_axi_gmem1_AWADDR         |  out|   64|       m_axi|                         gmem1|       pointer|
|m_axi_gmem1_AWID           |  out|    1|       m_axi|                         gmem1|       pointer|
|m_axi_gmem1_AWLEN          |  out|   32|       m_axi|                         gmem1|       pointer|
|m_axi_gmem1_AWSIZE         |  out|    3|       m_axi|                         gmem1|       pointer|
|m_axi_gmem1_AWBURST        |  out|    2|       m_axi|                         gmem1|       pointer|
|m_axi_gmem1_AWLOCK         |  out|    2|       m_axi|                         gmem1|       pointer|
|m_axi_gmem1_AWCACHE        |  out|    4|       m_axi|                         gmem1|       pointer|
|m_axi_gmem1_AWPROT         |  out|    3|       m_axi|                         gmem1|       pointer|
|m_axi_gmem1_AWQOS          |  out|    4|       m_axi|                         gmem1|       pointer|
|m_axi_gmem1_AWREGION       |  out|    4|       m_axi|                         gmem1|       pointer|
|m_axi_gmem1_AWUSER         |  out|    1|       m_axi|                         gmem1|       pointer|
|m_axi_gmem1_WVALID         |  out|    1|       m_axi|                         gmem1|       pointer|
|m_axi_gmem1_WREADY         |   in|    1|       m_axi|                         gmem1|       pointer|
|m_axi_gmem1_WDATA          |  out|   32|       m_axi|                         gmem1|       pointer|
|m_axi_gmem1_WSTRB          |  out|    4|       m_axi|                         gmem1|       pointer|
|m_axi_gmem1_WLAST          |  out|    1|       m_axi|                         gmem1|       pointer|
|m_axi_gmem1_WID            |  out|    1|       m_axi|                         gmem1|       pointer|
|m_axi_gmem1_WUSER          |  out|    1|       m_axi|                         gmem1|       pointer|
|m_axi_gmem1_ARVALID        |  out|    1|       m_axi|                         gmem1|       pointer|
|m_axi_gmem1_ARREADY        |   in|    1|       m_axi|                         gmem1|       pointer|
|m_axi_gmem1_ARADDR         |  out|   64|       m_axi|                         gmem1|       pointer|
|m_axi_gmem1_ARID           |  out|    1|       m_axi|                         gmem1|       pointer|
|m_axi_gmem1_ARLEN          |  out|   32|       m_axi|                         gmem1|       pointer|
|m_axi_gmem1_ARSIZE         |  out|    3|       m_axi|                         gmem1|       pointer|
|m_axi_gmem1_ARBURST        |  out|    2|       m_axi|                         gmem1|       pointer|
|m_axi_gmem1_ARLOCK         |  out|    2|       m_axi|                         gmem1|       pointer|
|m_axi_gmem1_ARCACHE        |  out|    4|       m_axi|                         gmem1|       pointer|
|m_axi_gmem1_ARPROT         |  out|    3|       m_axi|                         gmem1|       pointer|
|m_axi_gmem1_ARQOS          |  out|    4|       m_axi|                         gmem1|       pointer|
|m_axi_gmem1_ARREGION       |  out|    4|       m_axi|                         gmem1|       pointer|
|m_axi_gmem1_ARUSER         |  out|    1|       m_axi|                         gmem1|       pointer|
|m_axi_gmem1_RVALID         |   in|    1|       m_axi|                         gmem1|       pointer|
|m_axi_gmem1_RREADY         |  out|    1|       m_axi|                         gmem1|       pointer|
|m_axi_gmem1_RDATA          |   in|   32|       m_axi|                         gmem1|       pointer|
|m_axi_gmem1_RLAST          |   in|    1|       m_axi|                         gmem1|       pointer|
|m_axi_gmem1_RID            |   in|    1|       m_axi|                         gmem1|       pointer|
|m_axi_gmem1_RFIFONUM       |   in|    9|       m_axi|                         gmem1|       pointer|
|m_axi_gmem1_RUSER          |   in|    1|       m_axi|                         gmem1|       pointer|
|m_axi_gmem1_RRESP          |   in|    2|       m_axi|                         gmem1|       pointer|
|m_axi_gmem1_BVALID         |   in|    1|       m_axi|                         gmem1|       pointer|
|m_axi_gmem1_BREADY         |  out|    1|       m_axi|                         gmem1|       pointer|
|m_axi_gmem1_BRESP          |   in|    2|       m_axi|                         gmem1|       pointer|
|m_axi_gmem1_BID            |   in|    1|       m_axi|                         gmem1|       pointer|
|m_axi_gmem1_BUSER          |   in|    1|       m_axi|                         gmem1|       pointer|
|in2_stream_din             |  out|   32|     ap_fifo|                    in2_stream|       pointer|
|in2_stream_num_data_valid  |   in|    2|     ap_fifo|                    in2_stream|       pointer|
|in2_stream_fifo_cap        |   in|    2|     ap_fifo|                    in2_stream|       pointer|
|in2_stream_full_n          |   in|    1|     ap_fifo|                    in2_stream|       pointer|
|in2_stream_write           |  out|    1|     ap_fifo|                    in2_stream|       pointer|
|sext_ln9                   |   in|   62|     ap_none|                      sext_ln9|        scalar|
|size                       |   in|   32|     ap_none|                          size|        scalar|
+---------------------------+-----+-----+------------+------------------------------+--------------+

