Wed Mar 27 18:51:16 2024: Running xcd server. This server was built by gradle.
Wed Mar 27 18:51:16 2024: Server was asked to start on port: '32823'
Wed Mar 27 18:51:16 2024: Server is using token UUID: '13629df6-7160-4403-801e-ae3ff6ea1271'
Wed Mar 27 18:51:16 2024: SESSION_MGR: creating session with session uuid: '6d04a3e9-ade5-4ab9-8d63-1f78fcd2ec76' and name 'default'
Wed Mar 27 18:51:16 2024: Attempting to start server on port '32823'
Wed Mar 27 18:51:16 2024: XCD main fifo: created main fifo '/tmp/xcdmain13629df6-7160-4403-801e-ae3ff6ea1271', fd read = 14
Wed Mar 27 18:51:16 2024: Running Dispatch Server
Wed Mar 27 18:51:16 2024: Version 2.2.0
Wed Mar 27 18:51:25 2024: Dispatch Server: Accepted socket connection from client
Wed Mar 27 18:51:25 2024: Starting Socket connection
Wed Mar 27 18:51:25 2024: EXCHANGE_TOKEN received, server token: 13629df6-7160-4403-801e-ae3ff6ea1271, passed token: 13629df6-7160-4403-801e-ae3ff6ea1271
Wed Mar 27 18:51:25 2024: DISPATCH_HANDLER: Adding handler from function makeHandler in library libxv_system_diagram
Wed Mar 27 18:51:25 2024: SESSION_MGR: creating session with session uuid: '83efd2cc-50b2-4dee-bf78-3982b5ade7c7' and name 'krnl_scoring'
Wed Mar 27 18:51:25 2024: KERNEL_SVC: creating session with uuid: '83efd2cc-50b2-4dee-bf78-3982b5ade7c7' and name 'krnl_scoring'
Wed Mar 27 18:51:25 2024: GUIDANCE_SMGR: creating guidance session with uuid: '83efd2cc-50b2-4dee-bf78-3982b5ade7c7' and name 'krnl_scoring'
Wed Mar 27 18:51:25 2024: SYSTEM_DIAGRAM: creating session with uuid: '83efd2cc-50b2-4dee-bf78-3982b5ade7c7' and name 'krnl_scoring'
Wed Mar 27 18:51:32 2024: Dispatch Server: Accepted socket connection from client
Wed Mar 27 18:51:32 2024: Starting Socket connection
Wed Mar 27 18:51:35 2024: SESSION_MGR: closing session for UUID '83efd2cc-50b2-4dee-bf78-3982b5ade7c7' with name 'krnl_scoring'
Wed Mar 27 18:51:35 2024: KERNEL_SVC: closing session for UUID '83efd2cc-50b2-4dee-bf78-3982b5ade7c7' with name 'krnl_scoring'
Wed Mar 27 18:51:35 2024: GUIDANCE_SMGR: closing session for UUID '83efd2cc-50b2-4dee-bf78-3982b5ade7c7' with name 'krnl_scoring'
Wed Mar 27 18:51:35 2024: SYSTEM_DIAGRAM: closing session for UUID '83efd2cc-50b2-4dee-bf78-3982b5ade7c7' with name 'krnl_scoring'
Wed Mar 27 18:51:35 2024: STOP_SERVER received, server token: 13629df6-7160-4403-801e-ae3ff6ea1271, passed token: 13629df6-7160-4403-801e-ae3ff6ea1271
Wed Mar 27 18:51:35 2024: Socket received request to stop server.
Wed Mar 27 18:51:35 2024: Dispatch Server: do_await_stop
Wed Mar 27 18:51:35 2024: Dispatch Server: stopping mainFifo_
Wed Mar 27 18:51:35 2024: XCD main fifo: Stopping
Wed Mar 27 18:51:35 2024: XCD main fifo: do_read error code: Operation canceled
Wed Mar 27 18:51:35 2024: XCD main fifo: bytes_transferred: 0
Wed Mar 27 18:51:35 2024: SERVER: destructor for server bound to port 32823
Wed Mar 27 18:51:35 2024: XCD main fifo: Good unlink of /tmp/xcdmain13629df6-7160-4403-801e-ae3ff6ea1271
Wed Mar 27 18:51:35 2024: Server exiting with status 0.
Wed Mar 27 18:51:35 2024: Closing log file.
