/home/cnic/wz/workspace/example_kernels/src/krnl_vadd.cpp:94:9: warning: HLS pragma dump _XLX_SEP_ PragmaIsValid=1_XLX_SEP_ PragmaType=loop_tripcount_XLX_SEP_ PragmaContext=_XLX_SEP_ PragmaFunction=load_input_XLX_SEP_ PragmaOptions=min = c_size max = c_size_XLX_SEP_ [-Wdump-hls-pragmas]
#pragma HLS LOOP_TRIPCOUNT min = c_size max = c_size
        ^
/home/cnic/wz/workspace/example_kernels/src/krnl_vadd.cpp:107:9: warning: HLS pragma dump _XLX_SEP_ PragmaIsValid=1_XLX_SEP_ PragmaType=loop_tripcount_XLX_SEP_ PragmaContext=_XLX_SEP_ PragmaFunction=compute_add_XLX_SEP_ PragmaOptions=min = c_size max = c_size_XLX_SEP_ [-Wdump-hls-pragmas]
#pragma HLS LOOP_TRIPCOUNT min = c_size max = c_size
        ^
/home/cnic/wz/workspace/example_kernels/src/krnl_vadd.cpp:115:9: warning: HLS pragma dump _XLX_SEP_ PragmaIsValid=1_XLX_SEP_ PragmaType=loop_tripcount_XLX_SEP_ PragmaContext=_XLX_SEP_ PragmaFunction=store_result_XLX_SEP_ PragmaOptions=min = c_size max = c_size_XLX_SEP_ [-Wdump-hls-pragmas]
#pragma HLS LOOP_TRIPCOUNT min = c_size max = c_size
        ^
/home/cnic/wz/workspace/example_kernels/Emulation-HW/build/krnl_vadd/krnl_vadd/krnl_vadd.tcl:27:9: warning: HLS pragma dump _XLX_SEP_ PragmaIsValid=1_XLX_SEP_ PragmaType=top_XLX_SEP_ PragmaContext=directive_XLX_SEP_ PragmaFunction=krnl_vadd_XLX_SEP_ PragmaOptions=name=krnl_vadd_XLX_SEP_ [-Wdump-hls-pragmas]
#pragma HLSDIRECTIVE TOP name=krnl_vadd
        ^
/home/cnic/wz/workspace/example_kernels/src/krnl_vadd.cpp:133:9: warning: HLS pragma dump _XLX_SEP_ PragmaIsValid=1_XLX_SEP_ PragmaType=interface_XLX_SEP_ PragmaContext=_XLX_SEP_ PragmaFunction=krnl_vadd_XLX_SEP_ PragmaOptions=m_axi port = in1 bundle = gmem0_XLX_SEP_ [-Wdump-hls-pragmas]
#pragma HLS INTERFACE m_axi port = in1 bundle = gmem0
        ^
/home/cnic/wz/workspace/example_kernels/src/krnl_vadd.cpp:134:9: warning: HLS pragma dump _XLX_SEP_ PragmaIsValid=1_XLX_SEP_ PragmaType=interface_XLX_SEP_ PragmaContext=_XLX_SEP_ PragmaFunction=krnl_vadd_XLX_SEP_ PragmaOptions=m_axi port = in2 bundle = gmem1_XLX_SEP_ [-Wdump-hls-pragmas]
#pragma HLS INTERFACE m_axi port = in2 bundle = gmem1
        ^
/home/cnic/wz/workspace/example_kernels/src/krnl_vadd.cpp:135:9: warning: HLS pragma dump _XLX_SEP_ PragmaIsValid=1_XLX_SEP_ PragmaType=interface_XLX_SEP_ PragmaContext=_XLX_SEP_ PragmaFunction=krnl_vadd_XLX_SEP_ PragmaOptions=m_axi port = out bundle = gmem0_XLX_SEP_ [-Wdump-hls-pragmas]
#pragma HLS INTERFACE m_axi port = out bundle = gmem0
        ^
/home/cnic/wz/workspace/example_kernels/src/krnl_vadd.cpp:141:9: warning: HLS pragma dump _XLX_SEP_ PragmaIsValid=1_XLX_SEP_ PragmaType=dataflow_XLX_SEP_ PragmaContext=_XLX_SEP_ PragmaFunction=krnl_vadd_XLX_SEP_ PragmaOptions=_XLX_SEP_ [-Wdump-hls-pragmas]
#pragma HLS dataflow
        ^
8 warnings generated.
