

================================================================
== Vitis HLS Report for 'krnl_vadd'
================================================================
* Date:           Mon Mar 25 16:41:28 2024

* Version:        2022.2 (Build 3670227 on Oct 13 2022)
* Project:        krnl_vadd
* Solution:       solution (Vitis Kernel Flow Target)
* Product family: virtexuplus
* Target device:  xcu280-fsvh2892-2L-e


================================================================
== Performance Estimates
================================================================
+ Timing: 
    * Summary: 
    +--------+---------+----------+------------+
    |  Clock |  Target | Estimated| Uncertainty|
    +--------+---------+----------+------------+
    |ap_clk  |  3.33 ns|  2.433 ns|     0.90 ns|
    +--------+---------+----------+------------+

+ Latency: 
    * Summary: 
    +---------+---------+-----------+-----------+------+------+----------+
    |  Latency (cycles) |   Latency (absolute)  |   Interval  | Pipeline |
    |   min   |   max   |    min    |    max    |  min |  max |   Type   |
    +---------+---------+-----------+-----------+------+------+----------+
    |     4243|     4243|  14.142 us|  14.142 us|  4172|  4172|  dataflow|
    +---------+---------+-----------+-----------+------+------+----------+

    + Detail: 
        * Instance: 
        N/A

        * Loop: 
        N/A

============================================================
+ Verbose Summary: Synthesis Manager
============================================================
InlineROM: 1
ExposeGlobal: 0
============================================================
+ Verbose Summary: CDFG Model
============================================================
IsTopModel: 1
ResetActiveHigh: 1
IsCombinational: 2
IsDatapathOnly: 0
HasWiredReturn: 1
HasMFsm: 0
HasVarLatency: 1
IsPipeline: 0
IsRtlPipelined: 0
IsInstanceOverlapped: 0
IsDontTouch: 0
HasImplIP: 0
IsGatedGlobalClock: 0


============================================================
+ Verbose Summary: Schedule
============================================================
* Number of FSM states : 7
* Pipeline : 0
* Dataflow Pipeline: 1
  DF-Pipeline-0: Size = 7, States = { 1 2 3 4 5 6 7 }

* FSM state transitions: 
1 --> 2 
2 --> 3 
3 --> 4 
4 --> 5 
5 --> 6 
6 --> 7 
7 --> 

* FSM state operations: 

State 1 <SV = 0> <Delay = 2.21>
ST_1 : Operation 8 [1/1] (1.00ns)   --->   "%size_read = read i32 @_ssdm_op_Read.ap_none.i32, i32 %size" [/home/cnic/wz/workspace/example_kernels/src/krnl_vadd.cpp:141]   --->   Operation 8 'read' 'size_read' <Predicate = true> <Delay = 1.00> <CoreInst = "s_axilite">   --->   Core 122 's_axilite' <Latency = 0> <II = 1> <Delay = 1.00> <Adapter> <Opcode : 'read' 'write'>
ST_1 : Operation 9 [1/1] (1.00ns)   --->   "%out_r_read = read i64 @_ssdm_op_Read.s_axilite.i64, i64 %out_r" [/home/cnic/wz/workspace/example_kernels/src/krnl_vadd.cpp:141]   --->   Operation 9 'read' 'out_r_read' <Predicate = true> <Delay = 1.00> <CoreInst = "s_axilite">   --->   Core 122 's_axilite' <Latency = 0> <II = 1> <Delay = 1.00> <Adapter> <Opcode : 'read' 'write'>
ST_1 : Operation 10 [1/1] (1.00ns)   --->   "%in2_read = read i64 @_ssdm_op_Read.s_axilite.i64, i64 %in2" [/home/cnic/wz/workspace/example_kernels/src/krnl_vadd.cpp:141]   --->   Operation 10 'read' 'in2_read' <Predicate = true> <Delay = 1.00> <CoreInst = "s_axilite">   --->   Core 122 's_axilite' <Latency = 0> <II = 1> <Delay = 1.00> <Adapter> <Opcode : 'read' 'write'>
ST_1 : Operation 11 [1/1] (1.00ns)   --->   "%in1_read = read i64 @_ssdm_op_Read.s_axilite.i64, i64 %in1" [/home/cnic/wz/workspace/example_kernels/src/krnl_vadd.cpp:141]   --->   Operation 11 'read' 'in1_read' <Predicate = true> <Delay = 1.00> <CoreInst = "s_axilite">   --->   Core 122 's_axilite' <Latency = 0> <II = 1> <Delay = 1.00> <Adapter> <Opcode : 'read' 'write'>
ST_1 : Operation 12 [1/1] (0.00ns)   --->   "%size_c11 = alloca i64 1" [/home/cnic/wz/workspace/example_kernels/src/krnl_vadd.cpp:141]   --->   Operation 12 'alloca' 'size_c11' <Predicate = true> <Delay = 0.00> <CoreInst = "FIFO_SRL">   --->   Core 81 'FIFO_SRL' <Latency = 0> <II = 1> <Delay = 1.39> <Storage> <Opcode : 'read' 'write' 'nbread' 'nbwrite'> <Ports = 0> <Width = 32> <Depth = 2> <FIFO>
ST_1 : Operation 13 [1/1] (0.00ns)   --->   "%size_c = alloca i64 1" [/home/cnic/wz/workspace/example_kernels/src/krnl_vadd.cpp:141]   --->   Operation 13 'alloca' 'size_c' <Predicate = true> <Delay = 0.00> <CoreInst = "FIFO_SRL">   --->   Core 81 'FIFO_SRL' <Latency = 0> <II = 1> <Delay = 1.39> <Storage> <Opcode : 'read' 'write' 'nbread' 'nbwrite'> <Ports = 0> <Width = 32> <Depth = 2> <FIFO>
ST_1 : Operation 14 [1/1] (0.00ns)   --->   "%out_r_c = alloca i64 1" [/home/cnic/wz/workspace/example_kernels/src/krnl_vadd.cpp:141]   --->   Operation 14 'alloca' 'out_r_c' <Predicate = true> <Delay = 0.00> <CoreInst = "FIFO_SRL">   --->   Core 81 'FIFO_SRL' <Latency = 0> <II = 1> <Delay = 1.41> <Storage> <Opcode : 'read' 'write' 'nbread' 'nbwrite'> <Ports = 0> <Width = 64> <Depth = 4> <FIFO>
ST_1 : Operation 15 [1/1] (1.21ns)   --->   "%call_ln141 = call void @entry_proc, i64 %out_r_read, i64 %out_r_c" [/home/cnic/wz/workspace/example_kernels/src/krnl_vadd.cpp:141]   --->   Operation 15 'call' 'call_ln141' <Predicate = true> <Delay = 1.21> <CoreType = "Generic">   --->   Core 0 '' <Latency = 0> <II = 1> <Delay = 1.00> <Generic> <Opcode : >

State 2 <SV = 1> <Delay = 2.43>
ST_2 : Operation 16 [2/2] (2.43ns)   --->   "%call_ln143 = call void @load_input, i32 %gmem0, i64 %in1_read, i32 %size_read, i32 %size_c11, i32 %in1_stream" [/home/cnic/wz/workspace/example_kernels/src/krnl_vadd.cpp:143]   --->   Operation 16 'call' 'call_ln143' <Predicate = true> <Delay = 2.43> <CoreType = "Generic">   --->   Core 0 '' <Latency = 0> <II = 1> <Delay = 1.00> <Generic> <Opcode : >
ST_2 : Operation 17 [2/2] (2.43ns)   --->   "%call_ln144 = call void @load_input.1, i32 %gmem1, i64 %in2_read, i32 %size_read, i32 %in2_stream" [/home/cnic/wz/workspace/example_kernels/src/krnl_vadd.cpp:144]   --->   Operation 17 'call' 'call_ln144' <Predicate = true> <Delay = 2.43> <CoreType = "Generic">   --->   Core 0 '' <Latency = 0> <II = 1> <Delay = 1.00> <Generic> <Opcode : >

State 3 <SV = 2> <Delay = 0.00>
ST_3 : Operation 18 [1/2] (0.00ns)   --->   "%call_ln143 = call void @load_input, i32 %gmem0, i64 %in1_read, i32 %size_read, i32 %size_c11, i32 %in1_stream" [/home/cnic/wz/workspace/example_kernels/src/krnl_vadd.cpp:143]   --->   Operation 18 'call' 'call_ln143' <Predicate = true> <Delay = 0.00> <CoreType = "Generic">   --->   Core 0 '' <Latency = 0> <II = 1> <Delay = 1.00> <Generic> <Opcode : >
ST_3 : Operation 19 [1/2] (0.00ns)   --->   "%call_ln144 = call void @load_input.1, i32 %gmem1, i64 %in2_read, i32 %size_read, i32 %in2_stream" [/home/cnic/wz/workspace/example_kernels/src/krnl_vadd.cpp:144]   --->   Operation 19 'call' 'call_ln144' <Predicate = true> <Delay = 0.00> <CoreType = "Generic">   --->   Core 0 '' <Latency = 0> <II = 1> <Delay = 1.00> <Generic> <Opcode : >

State 4 <SV = 3> <Delay = 0.00>
ST_4 : Operation 20 [2/2] (0.00ns)   --->   "%call_ln145 = call void @compute_add, i32 %size_c11, i32 %size_c, i32 %in1_stream, i32 %in2_stream, i32 %out_stream" [/home/cnic/wz/workspace/example_kernels/src/krnl_vadd.cpp:145]   --->   Operation 20 'call' 'call_ln145' <Predicate = true> <Delay = 0.00> <CoreType = "Generic">   --->   Core 0 '' <Latency = 0> <II = 1> <Delay = 1.00> <Generic> <Opcode : >

State 5 <SV = 4> <Delay = 0.00>
ST_5 : Operation 21 [1/2] (0.00ns)   --->   "%call_ln145 = call void @compute_add, i32 %size_c11, i32 %size_c, i32 %in1_stream, i32 %in2_stream, i32 %out_stream" [/home/cnic/wz/workspace/example_kernels/src/krnl_vadd.cpp:145]   --->   Operation 21 'call' 'call_ln145' <Predicate = true> <Delay = 0.00> <CoreType = "Generic">   --->   Core 0 '' <Latency = 0> <II = 1> <Delay = 1.00> <Generic> <Opcode : >

State 6 <SV = 5> <Delay = 0.00>
ST_6 : Operation 22 [2/2] (0.00ns)   --->   "%call_ln146 = call void @store_result, i32 %gmem0, i64 %out_r_c, i32 %size_c, i32 %out_stream" [/home/cnic/wz/workspace/example_kernels/src/krnl_vadd.cpp:146]   --->   Operation 22 'call' 'call_ln146' <Predicate = true> <Delay = 0.00> <CoreType = "Generic">   --->   Core 0 '' <Latency = 0> <II = 1> <Delay = 1.00> <Generic> <Opcode : >

State 7 <SV = 6> <Delay = 0.00>
ST_7 : Operation 23 [1/1] (0.00ns)   --->   "%empty = specchannel i32 @_ssdm_op_SpecChannel, void @size_c11_str, i32 1, void @p_str, void @p_str, i32 2, i32 0, i32 %size_c11, i32 %size_c11" [/home/cnic/wz/workspace/example_kernels/src/krnl_vadd.cpp:141]   --->   Operation 23 'specchannel' 'empty' <Predicate = true> <Delay = 0.00>
ST_7 : Operation 24 [1/1] (0.00ns)   --->   "%specinterface_ln141 = specinterface void @_ssdm_op_SpecInterface, i32 %size_c11, void @ap_fifo_str, i32 0, i32 0, void @p_str, i32 0, i32 0, void @p_str, void @p_str, void @p_str, i32 2, i32 2, i32 16, i32 16, void @p_str, void @p_str, i32 4294967295, i32 0" [/home/cnic/wz/workspace/example_kernels/src/krnl_vadd.cpp:141]   --->   Operation 24 'specinterface' 'specinterface_ln141' <Predicate = true> <Delay = 0.00>
ST_7 : Operation 25 [1/1] (0.00ns)   --->   "%empty_35 = specchannel i32 @_ssdm_op_SpecChannel, void @size_c_str, i32 1, void @p_str, void @p_str, i32 2, i32 0, i32 %size_c, i32 %size_c" [/home/cnic/wz/workspace/example_kernels/src/krnl_vadd.cpp:141]   --->   Operation 25 'specchannel' 'empty_35' <Predicate = true> <Delay = 0.00>
ST_7 : Operation 26 [1/1] (0.00ns)   --->   "%specinterface_ln141 = specinterface void @_ssdm_op_SpecInterface, i32 %size_c, void @ap_fifo_str, i32 0, i32 0, void @p_str, i32 0, i32 0, void @p_str, void @p_str, void @p_str, i32 2, i32 2, i32 16, i32 16, void @p_str, void @p_str, i32 4294967295, i32 0" [/home/cnic/wz/workspace/example_kernels/src/krnl_vadd.cpp:141]   --->   Operation 26 'specinterface' 'specinterface_ln141' <Predicate = true> <Delay = 0.00>
ST_7 : Operation 27 [1/1] (0.00ns)   --->   "%empty_36 = specchannel i32 @_ssdm_op_SpecChannel, void @out_r_c_str, i32 1, void @p_str, void @p_str, i32 4, i32 0, i64 %out_r_c, i64 %out_r_c" [/home/cnic/wz/workspace/example_kernels/src/krnl_vadd.cpp:141]   --->   Operation 27 'specchannel' 'empty_36' <Predicate = true> <Delay = 0.00>
ST_7 : Operation 28 [1/1] (0.00ns)   --->   "%specinterface_ln141 = specinterface void @_ssdm_op_SpecInterface, i64 %out_r_c, void @ap_fifo_str, i32 0, i32 0, void @p_str, i32 0, i32 0, void @p_str, void @p_str, void @p_str, i32 2, i32 2, i32 16, i32 16, void @p_str, void @p_str, i32 4294967295, i32 0" [/home/cnic/wz/workspace/example_kernels/src/krnl_vadd.cpp:141]   --->   Operation 28 'specinterface' 'specinterface_ln141' <Predicate = true> <Delay = 0.00>
ST_7 : Operation 29 [1/1] (0.00ns)   --->   "%specdataflowpipeline_ln141 = specdataflowpipeline void @_ssdm_op_SpecDataflowPipeline, i32 4294967295, i32 0, void @empty_3" [/home/cnic/wz/workspace/example_kernels/src/krnl_vadd.cpp:141]   --->   Operation 29 'specdataflowpipeline' 'specdataflowpipeline_ln141' <Predicate = true> <Delay = 0.00>
ST_7 : Operation 30 [1/1] (0.00ns)   --->   "%empty_37 = specchannel i32 @_ssdm_op_SpecChannel, void @in1_stream_str, i32 1, void @p_str, void @p_str, i32 2, i32 2, i32 %in1_stream, i32 %in1_stream"   --->   Operation 30 'specchannel' 'empty_37' <Predicate = true> <Delay = 0.00>
ST_7 : Operation 31 [1/1] (0.00ns)   --->   "%empty_38 = specchannel i32 @_ssdm_op_SpecChannel, void @in2_stream_str, i32 1, void @p_str, void @p_str, i32 2, i32 2, i32 %in2_stream, i32 %in2_stream"   --->   Operation 31 'specchannel' 'empty_38' <Predicate = true> <Delay = 0.00>
ST_7 : Operation 32 [1/1] (0.00ns)   --->   "%empty_39 = specchannel i32 @_ssdm_op_SpecChannel, void @out_stream_str, i32 1, void @p_str, void @p_str, i32 2, i32 2, i32 %out_stream, i32 %out_stream"   --->   Operation 32 'specchannel' 'empty_39' <Predicate = true> <Delay = 0.00>
ST_7 : Operation 33 [1/1] (0.00ns)   --->   "%spectopmodule_ln132 = spectopmodule void @_ssdm_op_SpecTopModule, void @empty_5" [/home/cnic/wz/workspace/example_kernels/src/krnl_vadd.cpp:132]   --->   Operation 33 'spectopmodule' 'spectopmodule_ln132' <Predicate = true> <Delay = 0.00>
ST_7 : Operation 34 [1/1] (0.00ns)   --->   "%specinterface_ln132 = specinterface void @_ssdm_op_SpecInterface, i32 0, void @empty_4, i32 0, i32 0, void @empty_3, i32 0, i32 0, void @empty_3, void @empty_3, void @empty_3, i32 0, i32 0, i32 0, i32 0, void @empty_3, void @empty_3, i32 4294967295, i32 0" [/home/cnic/wz/workspace/example_kernels/src/krnl_vadd.cpp:132]   --->   Operation 34 'specinterface' 'specinterface_ln132' <Predicate = true> <Delay = 0.00>
ST_7 : Operation 35 [1/1] (0.00ns)   --->   "%specinterface_ln0 = specinterface void @_ssdm_op_SpecInterface, i32 %gmem0, void @empty_1, i32 0, i32 0, void @empty_3, i32 64, i32 0, void @empty_11, void @empty_10, void @empty_3, i32 16, i32 16, i32 16, i32 16, void @empty_3, void @empty_3, i32 4294967295, i32 0"   --->   Operation 35 'specinterface' 'specinterface_ln0' <Predicate = true> <Delay = 0.00>
ST_7 : Operation 36 [1/1] (0.00ns)   --->   "%specbitsmap_ln0 = specbitsmap void @_ssdm_op_SpecBitsMap, i32 %gmem0"   --->   Operation 36 'specbitsmap' 'specbitsmap_ln0' <Predicate = true> <Delay = 0.00>
ST_7 : Operation 37 [1/1] (0.00ns)   --->   "%specinterface_ln0 = specinterface void @_ssdm_op_SpecInterface, i32 %gmem1, void @empty_1, i32 0, i32 0, void @empty_3, i32 64, i32 0, void @empty_9, void @empty_10, void @empty_3, i32 16, i32 16, i32 16, i32 16, void @empty_3, void @empty_3, i32 4294967295, i32 0"   --->   Operation 37 'specinterface' 'specinterface_ln0' <Predicate = true> <Delay = 0.00>
ST_7 : Operation 38 [1/1] (0.00ns)   --->   "%specbitsmap_ln0 = specbitsmap void @_ssdm_op_SpecBitsMap, i32 %gmem1"   --->   Operation 38 'specbitsmap' 'specbitsmap_ln0' <Predicate = true> <Delay = 0.00>
ST_7 : Operation 39 [1/1] (0.00ns)   --->   "%specinterface_ln0 = specinterface void @_ssdm_op_SpecInterface, i64 %in1, void @empty_8, i32 0, i32 0, void @empty_3, i32 0, i32 0, void @empty_13, void @empty_14, void @empty_3, i32 0, i32 0, i32 0, i32 0, void @empty_3, void @empty_16, i32 4294967295, i32 0"   --->   Operation 39 'specinterface' 'specinterface_ln0' <Predicate = true> <Delay = 0.00>
ST_7 : Operation 40 [1/1] (0.00ns)   --->   "%specinterface_ln0 = specinterface void @_ssdm_op_SpecInterface, i64 %in1, void @empty_15, i32 0, i32 0, void @empty_3, i32 0, i32 0, void @empty_3, void @empty_3, void @empty_3, i32 0, i32 0, i32 0, i32 0, void @empty_3, void @empty_16, i32 4294967295, i32 0"   --->   Operation 40 'specinterface' 'specinterface_ln0' <Predicate = true> <Delay = 0.00>
ST_7 : Operation 41 [1/1] (0.00ns)   --->   "%specinterface_ln0 = specinterface void @_ssdm_op_SpecInterface, i64 %in2, void @empty_8, i32 0, i32 0, void @empty_3, i32 0, i32 0, void @empty_13, void @empty_0, void @empty_3, i32 0, i32 0, i32 0, i32 0, void @empty_3, void @empty_16, i32 4294967295, i32 0"   --->   Operation 41 'specinterface' 'specinterface_ln0' <Predicate = true> <Delay = 0.00>
ST_7 : Operation 42 [1/1] (0.00ns)   --->   "%specinterface_ln0 = specinterface void @_ssdm_op_SpecInterface, i64 %in2, void @empty_15, i32 0, i32 0, void @empty_3, i32 0, i32 0, void @empty_3, void @empty_3, void @empty_3, i32 0, i32 0, i32 0, i32 0, void @empty_3, void @empty_16, i32 4294967295, i32 0"   --->   Operation 42 'specinterface' 'specinterface_ln0' <Predicate = true> <Delay = 0.00>
ST_7 : Operation 43 [1/1] (0.00ns)   --->   "%specinterface_ln0 = specinterface void @_ssdm_op_SpecInterface, i64 %out_r, void @empty_8, i32 0, i32 0, void @empty_3, i32 0, i32 0, void @empty_13, void @empty, void @empty_3, i32 0, i32 0, i32 0, i32 0, void @empty_3, void @empty_16, i32 4294967295, i32 0"   --->   Operation 43 'specinterface' 'specinterface_ln0' <Predicate = true> <Delay = 0.00>
ST_7 : Operation 44 [1/1] (0.00ns)   --->   "%specinterface_ln0 = specinterface void @_ssdm_op_SpecInterface, i64 %out_r, void @empty_15, i32 0, i32 0, void @empty_3, i32 0, i32 0, void @empty_3, void @empty_3, void @empty_3, i32 0, i32 0, i32 0, i32 0, void @empty_3, void @empty_16, i32 4294967295, i32 0"   --->   Operation 44 'specinterface' 'specinterface_ln0' <Predicate = true> <Delay = 0.00>
ST_7 : Operation 45 [1/1] (0.00ns)   --->   "%specbitsmap_ln0 = specbitsmap void @_ssdm_op_SpecBitsMap, i32 %size"   --->   Operation 45 'specbitsmap' 'specbitsmap_ln0' <Predicate = true> <Delay = 0.00>
ST_7 : Operation 46 [1/1] (0.00ns)   --->   "%specinterface_ln0 = specinterface void @_ssdm_op_SpecInterface, i32 %size, void @empty_8, i32 0, i32 0, void @empty_3, i32 0, i32 0, void @empty_13, void @empty_2, void @empty_3, i32 0, i32 0, i32 0, i32 0, void @empty_3, void @empty_3, i32 4294967295, i32 0"   --->   Operation 46 'specinterface' 'specinterface_ln0' <Predicate = true> <Delay = 0.00>
ST_7 : Operation 47 [1/1] (0.00ns)   --->   "%specinterface_ln0 = specinterface void @_ssdm_op_SpecInterface, i32 %size, void @empty_7, i32 0, i32 0, void @empty_3, i32 0, i32 0, void @empty_3, void @empty_3, void @empty_3, i32 0, i32 0, i32 0, i32 0, void @empty_3, void @empty_3, i32 4294967295, i32 0"   --->   Operation 47 'specinterface' 'specinterface_ln0' <Predicate = true> <Delay = 0.00>
ST_7 : Operation 48 [1/1] (0.00ns)   --->   "%specinterface_ln0 = specinterface void @_ssdm_op_SpecInterface, i32 0, void @empty_8, i32 0, i32 0, void @empty_3, i32 0, i32 0, void @empty_13, void @empty_3, void @empty_3, i32 0, i32 0, i32 0, i32 0, void @empty_3, void @empty_3, i32 4294967295, i32 0"   --->   Operation 48 'specinterface' 'specinterface_ln0' <Predicate = true> <Delay = 0.00>
ST_7 : Operation 49 [1/1] (0.00ns)   --->   "%specinterface_ln0 = specinterface void @_ssdm_op_SpecInterface, i32 %in1_stream, void @empty_6, i32 0, i32 0, void @empty_3, i32 0, i32 0, void @empty_3, void @empty_3, void @empty_3, i32 0, i32 0, i32 0, i32 0, void @empty_3, void @empty_3, i32 4294967295, i32 0"   --->   Operation 49 'specinterface' 'specinterface_ln0' <Predicate = true> <Delay = 0.00>
ST_7 : Operation 50 [1/1] (0.00ns)   --->   "%specinterface_ln0 = specinterface void @_ssdm_op_SpecInterface, i32 %in2_stream, void @empty_6, i32 0, i32 0, void @empty_3, i32 0, i32 0, void @empty_3, void @empty_3, void @empty_3, i32 0, i32 0, i32 0, i32 0, void @empty_3, void @empty_3, i32 4294967295, i32 0"   --->   Operation 50 'specinterface' 'specinterface_ln0' <Predicate = true> <Delay = 0.00>
ST_7 : Operation 51 [1/1] (0.00ns)   --->   "%specinterface_ln0 = specinterface void @_ssdm_op_SpecInterface, i32 %out_stream, void @empty_6, i32 0, i32 0, void @empty_3, i32 0, i32 0, void @empty_3, void @empty_3, void @empty_3, i32 0, i32 0, i32 0, i32 0, void @empty_3, void @empty_3, i32 4294967295, i32 0"   --->   Operation 51 'specinterface' 'specinterface_ln0' <Predicate = true> <Delay = 0.00>
ST_7 : Operation 52 [1/2] (0.00ns)   --->   "%call_ln146 = call void @store_result, i32 %gmem0, i64 %out_r_c, i32 %size_c, i32 %out_stream" [/home/cnic/wz/workspace/example_kernels/src/krnl_vadd.cpp:146]   --->   Operation 52 'call' 'call_ln146' <Predicate = true> <Delay = 0.00> <CoreType = "Generic">   --->   Core 0 '' <Latency = 0> <II = 1> <Delay = 1.00> <Generic> <Opcode : >
ST_7 : Operation 53 [1/1] (0.00ns)   --->   "%ret_ln147 = ret" [/home/cnic/wz/workspace/example_kernels/src/krnl_vadd.cpp:147]   --->   Operation 53 'ret' 'ret_ln147' <Predicate = true> <Delay = 0.00>


============================================================
+ Verbose Summary: Timing violations
============================================================
Target clock period: 3.33ns, clock uncertainty: 0.9ns.

 <State 1>: 2.22ns
The critical path consists of the following:
	s_axi read operation ('out', /home/cnic/wz/workspace/example_kernels/src/krnl_vadd.cpp:141) on port 'out_r' (/home/cnic/wz/workspace/example_kernels/src/krnl_vadd.cpp:141) [11]  (1 ns)
	'call' operation ('call_ln141', /home/cnic/wz/workspace/example_kernels/src/krnl_vadd.cpp:141) to 'entry_proc' [46]  (1.22 ns)

 <State 2>: 2.43ns
The critical path consists of the following:
	'call' operation ('call_ln143', /home/cnic/wz/workspace/example_kernels/src/krnl_vadd.cpp:143) to 'load_input' [47]  (2.43 ns)

 <State 3>: 0ns
The critical path consists of the following:

 <State 4>: 0ns
The critical path consists of the following:

 <State 5>: 0ns
The critical path consists of the following:

 <State 6>: 0ns
The critical path consists of the following:

 <State 7>: 0ns
The critical path consists of the following:


============================================================
+ Verbose Summary: Binding
============================================================
N/A
* FSMD analyzer results:
  - Output states:
 - Input state : 
  - Chain level:
	State 1
	State 2
	State 3
	State 4
	State 5
	State 6
	State 7


============================================================
+ Verbose Summary: Datapath Resource usage 
============================================================
N/A
