
*** Running vitis_hls
    with args -f krnl_vadd.tcl -messageDb vitis_hls.pb


****** Vitis HLS - High-Level Synthesis from C, C++ and OpenCL v2022.2 (64-bit)
  **** SW Build 3670227 on Oct 13 2022
  **** IP Build 3669848 on Fri Oct 14 08:30:02 MDT 2022
    ** Copyright 1986-2022 Xilinx, Inc. All Rights Reserved.

source /tools/Xilinx/Vitis_HLS/2022.2/scripts/vitis_hls/hls.tcl -notrace
INFO: [HLS 200-10] Running '/tools/Xilinx/Vitis_HLS/2022.2/bin/unwrapped/lnx64.o/vitis_hls'
INFO: [HLS 200-10] For user 'cnic' on host 'ts02' (Linux_x86_64 version 5.15.0-97-generic) on Mon Mar 25 16:38:46 CST 2024
INFO: [HLS 200-10] On os Ubuntu 20.04.6 LTS
INFO: [HLS 200-10] In directory '/home/cnic/wz/workspace/example_kernels/Emulation-SW/build/krnl_vadd/krnl_vadd'
Sourcing Tcl script 'krnl_vadd.tcl'
INFO: [HLS 200-1510] Running: open_project krnl_vadd 
INFO: [HLS 200-10] Creating and opening project '/home/cnic/wz/workspace/example_kernels/Emulation-SW/build/krnl_vadd/krnl_vadd/krnl_vadd'.
INFO: [HLS 200-1510] Running: set_top krnl_vadd 
INFO: [HLS 200-1510] Running: add_files /home/cnic/wz/workspace/example_kernels/src/krnl_vadd.cpp -cflags  -g -I /home/cnic/wz/workspace/example_kernels/src 
INFO: [HLS 200-10] Adding design file '/home/cnic/wz/workspace/example_kernels/src/krnl_vadd.cpp' to the project
INFO: [HLS 200-1510] Running: open_solution -flow_target vitis solution 
INFO: [HLS 200-10] Creating and opening solution '/home/cnic/wz/workspace/example_kernels/Emulation-SW/build/krnl_vadd/krnl_vadd/krnl_vadd/solution'.
INFO: [HLS 200-1505] Using flow_target 'vitis'
Resolution: For help on HLS 200-1505 see www.xilinx.com/cgi-bin/docs/rdoc?v=2022.2;t=hls+guidance;d=200-1505.html
INFO: [HLS 200-435] Setting 'open_solution -flow_target vitis' configuration: config_interface -m_axi_latency=64
INFO: [HLS 200-435] Setting 'open_solution -flow_target vitis' configuration: config_interface -m_axi_alignment_byte_size=64
INFO: [HLS 200-435] Setting 'open_solution -flow_target vitis' configuration: config_interface -m_axi_max_widen_bitwidth=512
INFO: [HLS 200-435] Setting 'open_solution -flow_target vitis' configuration: config_rtl -register_reset_num=3
INFO: [HLS 200-1510] Running: set_part xcu280-fsvh2892-2L-e 
INFO: [HLS 200-1611] Setting target device to 'xcu280-fsvh2892-2L-e'
INFO: [HLS 200-1510] Running: create_clock -period 300.000000MHz -name default 
INFO: [SYN 201-201] Setting up clock 'default' with a period of 3.333ns.
INFO: [HLS 200-1510] Running: config_rtl -kernel_profile 
INFO: [HLS 200-1510] Running: config_dataflow -strict_mode warning 
INFO: [HLS 200-1510] Running: config_debug -enable 
INFO: [HLS 200-1510] Running: config_export -deadlock_detection none 
WARNING: [HLS 200-483] The 'config_export -deadlock_detection' command is deprecated and will be removed in a future release. Use 'config_rtl -deadlock_detection' as its replacement.
INFO: [HLS 200-1907] Replacing 'config_export -deadlock_detection=none' with 'config_rtl -deadlock_detection=none' in current solution file
INFO: [HLS 200-1510] Running: config_interface -m_axi_conservative_mode=1 
INFO: [HLS 200-1510] Running: config_interface -m_axi_addr64 
INFO: [HLS 200-1510] Running: config_interface -m_axi_auto_max_ports=0 
INFO: [HLS 200-1510] Running: config_export -format xo -ipname krnl_vadd 
INFO: [HLS 200-1907] Replacing 'config_export -deadlock_detection=none' with 'config_rtl -deadlock_detection=none' in current solution file
INFO: [HLS 200-1510] Running: csynth_design -synthesis_check 
INFO: [HLS 200-111] Finished File checks and directory preparation: CPU user time: 0 seconds. CPU system time: 0 seconds. Elapsed time: 0.01 seconds; current allocated memory: 1.072 GB.
INFO: [HLS 200-10] Analyzing design file '/home/cnic/wz/workspace/example_kernels/src/krnl_vadd.cpp' ... 
INFO: [HLS 200-111] Finished Source Code Analysis and Preprocessing: CPU user time: 0.2 seconds. CPU system time: 0.19 seconds. Elapsed time: 0.7 seconds; current allocated memory: 1.073 GB.
INFO: [HLS 200-777] Using interface defaults for 'Vitis' flow target.
INFO: [HLS 200-111] Finished Compiling Optimization and Transform: CPU user time: 1.99 seconds. CPU system time: 0.28 seconds. Elapsed time: 2.59 seconds; current allocated memory: 1.074 GB.
INFO: [HLS 200-111] Finished Checking Pragmas: CPU user time: 0 seconds. CPU system time: 0 seconds. Elapsed time: 0 seconds; current allocated memory: 1.074 GB.
INFO: [HLS 200-1493] Running only source code synthesis checks, skipping scheduling and RTL generation.
INFO: [HLS 200-111] Finished Command csynth_design CPU user time: 2.19 seconds. CPU system time: 0.49 seconds. Elapsed time: 3.31 seconds; current allocated memory: 1.602 MB.
INFO: [HLS 200-1510] Running: close_project 
HLS completed successfully
INFO: [HLS 200-112] Total CPU user time: 4.3 seconds. Total CPU system time: 0.92 seconds. Total elapsed time: 6.28 seconds; peak allocated memory: 1.074 GB.
INFO: [Common 17-206] Exiting vitis_hls at Mon Mar 25 16:38:51 2024...
