

================================================================
== Synthesis Summary Report of 'krnl_vadd'
================================================================
+ General Information: 
    * Date:           Mon Mar 25 16:41:29 2024
    * Version:        2022.2 (Build 3670227 on Oct 13 2022)
    * Project:        krnl_vadd
    * Solution:       solution (Vitis Kernel Flow Target)
    * Product family: virtexuplus
    * Target device:  xcu280-fsvh2892-2L-e
    

+ Performance & Resource Estimates: 
    
    PS: '+' for module; 'o' for loop; '*' for dataflow
    +----------------------------------+--------+-------+---------+-----------+----------+---------+------+----------+------+----+------------+------------+-----+
    |              Modules             |  Issue |       | Latency |  Latency  | Iteration|         | Trip |          |      |    |            |            |     |
    |              & Loops             |  Type  | Slack | (cycles)|    (ns)   |  Latency | Interval| Count| Pipelined| BRAM | DSP|     FF     |     LUT    | URAM|
    +----------------------------------+--------+-------+---------+-----------+----------+---------+------+----------+------+----+------------+------------+-----+
    |+ krnl_vadd*                      |  Timing|  -0.00|     4243|  1.414e+04|         -|     4172|     -|  dataflow|     -|   -|  3017 (~0%)|  5424 (~0%)|    -|
    | + entry_proc                     |       -|   1.21|        0|      0.000|         -|        0|     -|        no|     -|   -|     3 (~0%)|    37 (~0%)|    -|
    | + load_input                     |  Timing|  -0.00|     4171|  1.390e+04|         -|     4171|     -|        no|     -|   -|   238 (~0%)|   704 (~0%)|    -|
    |  + load_input_Pipeline_mem_rd    |  Timing|  -0.00|     4099|  1.366e+04|         -|     4099|     -|        no|     -|   -|    69 (~0%)|   126 (~0%)|    -|
    |   o mem_rd                       |       -|   2.43|     4097|  1.366e+04|         3|        1|  4096|       yes|     -|   -|           -|           -|    -|
    | + load_input_1                   |  Timing|  -0.00|     4171|  1.390e+04|         -|     4171|     -|        no|     -|   -|   237 (~0%)|   684 (~0%)|    -|
    |  + load_input_1_Pipeline_mem_rd  |  Timing|  -0.00|     4099|  1.366e+04|         -|     4099|     -|        no|     -|   -|    69 (~0%)|   126 (~0%)|    -|
    |   o mem_rd                       |       -|   2.43|     4097|  1.366e+04|         3|        1|  4096|       yes|     -|   -|           -|           -|    -|
    | + compute_add                    |  Timing|  -0.00|     4101|  1.367e+04|         -|     4101|     -|        no|     -|   -|   105 (~0%)|   256 (~0%)|    -|
    |  + compute_add_Pipeline_execute  |       -|   0.33|     4099|  1.366e+04|         -|     4099|     -|        no|     -|   -|    68 (~0%)|   172 (~0%)|    -|
    |   o execute                      |       -|   2.43|     4097|  1.366e+04|         3|        1|  4096|       yes|     -|   -|           -|           -|    -|
    | + store_result                   |  Timing|  -0.00|     4170|  1.390e+04|         -|     4170|     -|        no|     -|   -|   268 (~0%)|   722 (~0%)|    -|
    |  + store_result_Pipeline_mem_wr  |  Timing|  -0.00|     4099|  1.366e+04|         -|     4099|     -|        no|     -|   -|    69 (~0%)|   128 (~0%)|    -|
    |   o mem_wr                       |       -|   2.43|     4097|  1.366e+04|         3|        1|  4096|       yes|     -|   -|           -|           -|    -|
    +----------------------------------+--------+-------+---------+-----------+----------+---------+------+----------+------+----+------------+------------+-----+


================================================================
== HW Interfaces
================================================================
* M_AXI
+-------------+------------+---------------+---------+--------+----------+-----------+--------------+--------------+-------------+-------------+
| Interface   | Data Width | Address Width | Latency | Offset | Register | Max Widen | Max Read     | Max Write    | Num Read    | Num Write   |
|             | (SW->HW)   |               |         |        |          | Bitwidth  | Burst Length | Burst Length | Outstanding | Outstanding |
+-------------+------------+---------------+---------+--------+----------+-----------+--------------+--------------+-------------+-------------+
| m_axi_gmem0 | 32 -> 32   | 64            | 64      | slave  | 0        | 512       | 16           | 16           | 16          | 16          |
| m_axi_gmem1 | 32 -> 32   | 64            | 64      | slave  | 0        | 512       | 16           | 16           | 16          | 16          |
+-------------+------------+---------------+---------+--------+----------+-----------+--------------+--------------+-------------+-------------+

* S_AXILITE Interfaces
+---------------+------------+---------------+--------+----------+
| Interface     | Data Width | Address Width | Offset | Register |
+---------------+------------+---------------+--------+----------+
| s_axi_control | 32         | 6             | 16     | 0        |
+---------------+------------+---------------+--------+----------+

* S_AXILITE Registers
+---------------+----------+--------+-------+--------+----------------------------------+------------------------------------------------------------------------------------+
| Interface     | Register | Offset | Width | Access | Description                      | Bit Fields                                                                         |
+---------------+----------+--------+-------+--------+----------------------------------+------------------------------------------------------------------------------------+
| s_axi_control | CTRL     | 0x00   | 32    | RW     | Control signals                  | 0=AP_START 1=AP_DONE 2=AP_IDLE 3=AP_READY 4=AP_CONTINUE 7=AUTO_RESTART 9=INTERRUPT |
| s_axi_control | GIER     | 0x04   | 32    | RW     | Global Interrupt Enable Register | 0=Enable                                                                           |
| s_axi_control | IP_IER   | 0x08   | 32    | RW     | IP Interrupt Enable Register     | 0=CHAN0_INT_EN 1=CHAN1_INT_EN                                                      |
| s_axi_control | IP_ISR   | 0x0c   | 32    | RW     | IP Interrupt Status Register     | 0=CHAN0_INT_ST 1=CHAN1_INT_ST                                                      |
| s_axi_control | in1_1    | 0x10   | 32    | W      | Data signal of in1               |                                                                                    |
| s_axi_control | in1_2    | 0x14   | 32    | W      | Data signal of in1               |                                                                                    |
| s_axi_control | in2_1    | 0x1c   | 32    | W      | Data signal of in2               |                                                                                    |
| s_axi_control | in2_2    | 0x20   | 32    | W      | Data signal of in2               |                                                                                    |
| s_axi_control | out_r_1  | 0x28   | 32    | W      | Data signal of out_r             |                                                                                    |
| s_axi_control | out_r_2  | 0x2c   | 32    | W      | Data signal of out_r             |                                                                                    |
| s_axi_control | size     | 0x34   | 32    | W      | Data signal of size              |                                                                                    |
+---------------+----------+--------+-------+--------+----------------------------------+------------------------------------------------------------------------------------+

* Other Ports
+-------------+----------+
| Interface   | Bitwidth |
+-------------+----------+
| event_done  | 1        |
| event_start | 1        |
+-------------+----------+

* TOP LEVEL CONTROL
+-----------+---------------+-----------+
| Interface | Type          | Ports     |
+-----------+---------------+-----------+
| ap_clk    | clock         | ap_clk    |
| ap_rst_n  | reset         | ap_rst_n  |
| interrupt | interrupt     | interrupt |
| ap_ctrl   | ap_ctrl_chain |           |
+-----------+---------------+-----------+


================================================================
== SW I/O Information
================================================================
* Top Function Arguments
+----------+-----------+---------------+
| Argument | Direction | Datatype      |
+----------+-----------+---------------+
| in1      | inout     | unsigned int* |
| in2      | in        | unsigned int* |
| out      | inout     | unsigned int* |
| size     | in        | int           |
+----------+-----------+---------------+

* SW-to-HW Mapping
+----------+---------------+-----------+----------+---------------------------------+
| Argument | HW Interface  | HW Type   | HW Usage | HW Info                         |
+----------+---------------+-----------+----------+---------------------------------+
| in1      | m_axi_gmem0   | interface |          |                                 |
| in1      | s_axi_control | register  | offset   | name=in1_1 offset=0x10 range=32 |
| in1      | s_axi_control | register  | offset   | name=in1_2 offset=0x14 range=32 |
| in2      | m_axi_gmem1   | interface |          |                                 |
| in2      | s_axi_control | register  | offset   | name=in2_1 offset=0x1c range=32 |
| in2      | s_axi_control | register  | offset   | name=in2_2 offset=0x20 range=32 |
| out      | m_axi_gmem0   | interface |          |                                 |
| out      | s_axi_control | interface | offset   |                                 |
| size     | s_axi_control | register  |          | name=size offset=0x34 range=32  |
+----------+---------------+-----------+----------+---------------------------------+


================================================================
== M_AXI Burst Information
================================================================
 Note: All burst requests might be further partitioned into multiple requests during RTL generation based on max_read_burst_length or max_write_burst_length settings.

* Inferred Burst Summary
+--------------+--------+-----------+----------+-------+-----------------------------------------------------------------+
| HW Interface | Loop   | Direction | Length   | Width | Location                                                        |
+--------------+--------+-----------+----------+-------+-----------------------------------------------------------------+
| m_axi_gmem0  | mem_rd | read      | variable | 32    | /home/cnic/wz/workspace/example_kernels/src/krnl_vadd.cpp:93:5  |
| m_axi_gmem1  | mem_rd | read      | variable | 32    | /home/cnic/wz/workspace/example_kernels/src/krnl_vadd.cpp:93:5  |
| m_axi_gmem0  | mem_wr | write     | variable | 32    | /home/cnic/wz/workspace/example_kernels/src/krnl_vadd.cpp:114:5 |
+--------------+--------+-----------+----------+-------+-----------------------------------------------------------------+

* Inferred Bursts and Widening Missed
+-------------------+----------+--------+------------------------------------------------+------------+-----------------------------------------------------------------+
| HW Interface      | Variable | Loop   | Problem                                        | Resolution | Location                                                        |
+-------------------+----------+--------+------------------------------------------------+------------+-----------------------------------------------------------------+
| m_axi_gmem0,gmem1 | in       | mem_rd | Sequential access length is not divisible by 2 | 214-234    | /home/cnic/wz/workspace/example_kernels/src/krnl_vadd.cpp:93:5  |
| m_axi_gmem0       | out      | mem_wr | Sequential access length is not divisible by 2 | 214-234    | /home/cnic/wz/workspace/example_kernels/src/krnl_vadd.cpp:114:5 |
| m_axi_gmem0,gmem1 | in       | mem_rd | Sequential access length is not divisible by 2 | 214-234    | /home/cnic/wz/workspace/example_kernels/src/krnl_vadd.cpp:93:5  |
+-------------------+----------+--------+------------------------------------------------+------------+-----------------------------------------------------------------+

    * Resolution URL: www.xilinx.com/cgi-bin/docs/rdoc?v=2022.2;t=hls+guidance;d=XXX-YYY.html (replace XXX-YYY with column value)

================================================================
== Bind Op Report
================================================================
+----------------------------------+-----+--------+-----------+-----+--------+---------+
| Name                             | DSP | Pragma | Variable  | Op  | Impl   | Latency |
+----------------------------------+-----+--------+-----------+-----+--------+---------+
| + krnl_vadd                      | 0   |        |           |     |        |         |
|  + load_input                    | 0   |        |           |     |        |         |
|   + load_input_Pipeline_mem_rd   | 0   |        |           |     |        |         |
|     add_ln93_fu_104_p2           | -   |        | add_ln93  | add | fabric | 0       |
|  + load_input_1                  | 0   |        |           |     |        |         |
|   + load_input_1_Pipeline_mem_rd | 0   |        |           |     |        |         |
|     add_ln93_fu_104_p2           | -   |        | add_ln93  | add | fabric | 0       |
|  + compute_add                   | 0   |        |           |     |        |         |
|   + compute_add_Pipeline_execute | 0   |        |           |     |        |         |
|     i_1_fu_89_p2                 | -   |        | i_1       | add | fabric | 0       |
|     add_ln108_fu_100_p2          | -   |        | add_ln108 | add | fabric | 0       |
|  + store_result                  | 0   |        |           |     |        |         |
|   + store_result_Pipeline_mem_wr | 0   |        |           |     |        |         |
|     add_ln114_fu_108_p2          | -   |        | add_ln114 | add | fabric | 0       |
+----------------------------------+-----+--------+-----------+-----+--------+---------+


================================================================
== Bind Storage Report
================================================================
+--------------+------+------+--------+----------+---------+------+---------+
| Name         | BRAM | URAM | Pragma | Variable | Storage | Impl | Latency |
+--------------+------+------+--------+----------+---------+------+---------+
| + krnl_vadd  | 0    | 0    |        |          |         |      |         |
|   size_c11_U | -    | -    |        | size_c11 | fifo    | srl  | 0       |
|   size_c_U   | -    | -    |        | size_c   | fifo    | srl  | 0       |
|   out_r_c_U  | -    | -    |        | out_r_c  | fifo    | srl  | 0       |
+--------------+------+------+--------+----------+---------+------+---------+


================================================================
== Pragma Report
================================================================
* Valid Pragma Syntax
+----------------+---------------------------------+---------------------------------------------------+
| Type           | Options                         | Location                                          |
+----------------+---------------------------------+---------------------------------------------------+
| loop_tripcount | min = c_size max = c_size       | ../../../../src/krnl_vadd.cpp:94 in load_input    |
| loop_tripcount | min = c_size max = c_size       | ../../../../src/krnl_vadd.cpp:107 in compute_add  |
| loop_tripcount | min = c_size max = c_size       | ../../../../src/krnl_vadd.cpp:115 in store_result |
| interface      | m_axi port = in1 bundle = gmem0 | ../../../../src/krnl_vadd.cpp:133 in krnl_vadd    |
| interface      | m_axi port = in2 bundle = gmem1 | ../../../../src/krnl_vadd.cpp:134 in krnl_vadd    |
| interface      | m_axi port = out bundle = gmem0 | ../../../../src/krnl_vadd.cpp:135 in krnl_vadd    |
| dataflow       |                                 | ../../../../src/krnl_vadd.cpp:141 in krnl_vadd    |
+----------------+---------------------------------+---------------------------------------------------+


